This is pdfTeX, Version 3.14159265-2.6-1.40.21 (TeX Live 2020/W32TeX) (preloaded format=latex 2020.4.28)  29 APR 2020 00:08
entering extended mode
 restricted \write18 enabled.
 %&-line parsing enabled.
**Frontpages.tex
(./Frontpages.tex
LaTeX2e <2020-02-02> patch level 5
L3 programming layer <2020-04-06>
! Undefined control sequence.
l.20 \chapter
             *{æ‘˜\quad è¦}\chaptermark{æ‘˜\quad è¦}% æ‘˜è¦æ ‡é¢˜
The control sequence at the end of the top line
of your error message was never \def'ed. If you have
misspelled it (e.g., `\hobx'), type `I' and the correct
spelling (e.g., `I\hbox'). Otherwise just continue,
and I'll forget about whatever was undefined.


! LaTeX Error: Missing \begin{document}.

See the LaTeX manual or LaTeX Companion for explanation.
Type  H <return>  for immediate help.
 ...                                              
                                                  
l.20 \chapter*
              {æ‘˜\quad è¦}\chaptermark{æ‘˜\quad è¦}% æ‘˜è¦æ ‡é¢˜
You're in trouble here.  Try typing  <return>  to proceed.
If that doesn't work, type  X <return>  to quit.

Missing character: There is no * in font nullfont!

! Package inputenc Error: Unicode character æ‘˜ (U+6458)
(inputenc)                not set up for use with LaTeX.

See the inputenc package documentation for explanation.
Type  H <return>  for immediate help.
 ...                                              
                                                  
l.20 \chapter*{æ‘˜
                  \quad è¦}\chaptermark{æ‘˜\quad è¦}% æ‘˜è¦æ ‡é¢˜
You may provide a definition with
\DeclareUnicodeCharacter 


! Package inputenc Error: Unicode character è¦ (U+8981)
(inputenc)                not set up for use with LaTeX.

See the inputenc package documentation for explanation.
Type  H <return>  for immediate help.
 ...                                              
                                                  
l.20 \chapter*{æ‘˜\quad è¦
                           }\chaptermark{æ‘˜\quad è¦}% æ‘˜è¦æ ‡é¢˜
You may provide a definition with
\DeclareUnicodeCharacter 

! Undefined control sequence.
l.20 \chapter*{æ‘˜\quad è¦}\chaptermark
                                        {æ‘˜\quad è¦}% æ‘˜è¦æ ‡é¢˜
The control sequence at the end of the top line
of your error message was never \def'ed. If you have
misspelled it (e.g., `\hobx'), type `I' and the correct
spelling (e.g., `I\hbox'). Otherwise just continue,
and I'll forget about whatever was undefined.


! Package inputenc Error: Unicode character æ‘˜ (U+6458)
(inputenc)                not set up for use with LaTeX.

See the inputenc package documentation for explanation.
Type  H <return>  for immediate help.
 ...                                              
                                                  
l.20 \chapter*{æ‘˜\quad è¦}\chaptermark{æ‘˜
                                            \quad è¦}% æ‘˜è¦æ ‡é¢˜
You may provide a definition with
\DeclareUnicodeCharacter 


! Package inputenc Error: Unicode character è¦ (U+8981)
(inputenc)                not set up for use with LaTeX.

See the inputenc package documentation for explanation.
Type  H <return>  for immediate help.
 ...                                              
                                                  
l.20 ...er*{æ‘˜\quad è¦}\chaptermark{æ‘˜\quad è¦
                                                  }% æ‘˜è¦æ ‡é¢˜
You may provide a definition with
\DeclareUnicodeCharacter 


! Package inputenc Error: Unicode character å¤š (U+591A)
(inputenc)                not set up for use with LaTeX.

See the inputenc package documentation for explanation.
Type  H <return>  for immediate help.
 ...                                              
                                                  
l.23 å¤š
        æ–¹å®‰å…¨è®¡ç®—(Secure Multi-party Computationï¼Œç®€ç§°ä¸ºSMPC)æ˜¯å®...

You may provide a definition with
\DeclareUnicodeCharacter 


! Package inputenc Error: Unicode character æ–¹ (U+65B9)
(inputenc)                not set up for use with LaTeX.

See the inputenc package documentation for explanation.
Type  H <return>  for immediate help.
 ...                                              
                                                  
l.23 å¤šæ–¹
           å®‰å…¨è®¡ç®—(Secure Multi-party Computationï¼Œç®€ç§°ä¸ºSMPC)æ˜¯å®...

You may provide a definition with
\DeclareUnicodeCharacter 


! Package inputenc Error: Unicode character å®‰ (U+5B89)
(inputenc)                not set up for use with LaTeX.

See the inputenc package documentation for explanation.
Type  H <return>  for immediate help.
 ...                                              
                                                  
l.23 å¤šæ–¹å®‰
              å…¨è®¡ç®—(Secure Multi-party Computationï¼Œç®€ç§°ä¸ºSMPC)æ˜¯å®...

You may provide a definition with
\DeclareUnicodeCharacter 


! Package inputenc Error: Unicode character å…¨ (U+5168)
(inputenc)                not set up for use with LaTeX.

See the inputenc package documentation for explanation.
Type  H <return>  for immediate help.
 ...                                              
                                                  
l.23 å¤šæ–¹å®‰å…¨
                 è®¡ç®—(Secure Multi-party Computationï¼Œç®€ç§°ä¸ºSMPC)æ˜¯å®...

You may provide a definition with
\DeclareUnicodeCharacter 


! Package inputenc Error: Unicode character è®¡ (U+8BA1)
(inputenc)                not set up for use with LaTeX.

See the inputenc package documentation for explanation.
Type  H <return>  for immediate help.
 ...                                              
                                                  
l.23 å¤šæ–¹å®‰å…¨è®¡
                    ç®—(Secure Multi-party Computationï¼Œç®€ç§°ä¸ºSMPC)æ˜¯å®...

You may provide a definition with
\DeclareUnicodeCharacter 


! Package inputenc Error: Unicode character ç®— (U+7B97)
(inputenc)                not set up for use with LaTeX.

See the inputenc package documentation for explanation.
Type  H <return>  for immediate help.
 ...                                              
                                                  
l.23 å¤šæ–¹å®‰å…¨è®¡ç®—
                       (Secure Multi-party Computationï¼Œç®€ç§°ä¸ºSMPC)æ˜¯å®...

You may provide a definition with
\DeclareUnicodeCharacter 

Missing character: There is no ( in font nullfont!
Missing character: There is no S in font nullfont!
Missing character: There is no e in font nullfont!
Missing character: There is no c in font nullfont!
Missing character: There is no u in font nullfont!
Missing character: There is no r in font nullfont!
Missing character: There is no e in font nullfont!
Missing character: There is no M in font nullfont!
Missing character: There is no u in font nullfont!
Missing character: There is no l in font nullfont!
Missing character: There is no t in font nullfont!
Missing character: There is no i in font nullfont!
Missing character: There is no - in font nullfont!
Missing character: There is no p in font nullfont!
Missing character: There is no a in font nullfont!
Missing character: There is no r in font nullfont!
Missing character: There is no t in font nullfont!
Missing character: There is no y in font nullfont!
Missing character: There is no C in font nullfont!
Missing character: There is no o in font nullfont!
Missing character: There is no m in font nullfont!
Missing character: There is no p in font nullfont!
Missing character: There is no u in font nullfont!
Missing character: There is no t in font nullfont!
Missing character: There is no a in font nullfont!
Missing character: There is no t in font nullfont!
Missing character: There is no i in font nullfont!
Missing character: There is no o in font nullfont!
Missing character: There is no n in font nullfont!

! Package inputenc Error: Unicode character ï¼Œ (U+FF0C)
(inputenc)                not set up for use with LaTeX.

See the inputenc package documentation for explanation.
Type  H <return>  for immediate help.
 ...                                              
                                                  
l.23 ...…¨è®¡ç®—(Secure Multi-party Computationï¼Œ
                                                  ç®€ç§°ä¸ºSMPC)æ˜¯å®‰å…¨è®¡...

You may provide a definition with
\DeclareUnicodeCharacter 


! Package inputenc Error: Unicode character ç®€ (U+7B80)
(inputenc)                not set up for use with LaTeX.

See the inputenc package documentation for explanation.
Type  H <return>  for immediate help.
 ...                                              
                                                  
l.23 ...®¡ç®—(Secure Multi-party Computationï¼Œç®€
                                                  ç§°ä¸ºSMPC)æ˜¯å®‰å…¨è®¡ç®—...

You may provide a definition with
\DeclareUnicodeCharacter 


! Package inputenc Error: Unicode character ç§° (U+79F0)
(inputenc)                not set up for use with LaTeX.

See the inputenc package documentation for explanation.
Type  H <return>  for immediate help.
 ...                                              
                                                  
l.23 ...®—(Secure Multi-party Computationï¼Œç®€ç§°
                                                  ä¸ºSMPC)æ˜¯å®‰å…¨è®¡ç®—çš„...

You may provide a definition with
\DeclareUnicodeCharacter 


! Package inputenc Error: Unicode character ä¸º (U+4E3A)
(inputenc)                not set up for use with LaTeX.

See the inputenc package documentation for explanation.
Type  H <return>  for immediate help.
 ...                                              
                                                  
l.23 ...Secure Multi-party Computationï¼Œç®€ç§°ä¸º
                                                  SMPC)æ˜¯å®‰å…¨è®¡ç®—çš„ä¸€...

You may provide a definition with
\DeclareUnicodeCharacter 

Missing character: There is no S in font nullfont!
Missing character: There is no M in font nullfont!
Missing character: There is no P in font nullfont!
Missing character: There is no C in font nullfont!
Missing character: There is no ) in font nullfont!

! Package inputenc Error: Unicode character æ˜¯ (U+662F)
(inputenc)                not set up for use with LaTeX.

See the inputenc package documentation for explanation.
Type  H <return>  for immediate help.
 ...                                              
                                                  
l.23 ...ulti-party Computationï¼Œç®€ç§°ä¸ºSMPC)æ˜¯
                                                  å®‰å…¨è®¡ç®—çš„ä¸€ä¸ªå‰æ²...

You may provide a definition with
\DeclareUnicodeCharacter 


! Package inputenc Error: Unicode character å®‰ (U+5B89)
(inputenc)                not set up for use with LaTeX.

See the inputenc package documentation for explanation.
Type  H <return>  for immediate help.
 ...                                              
                                                  
l.23 ...i-party Computationï¼Œç®€ç§°ä¸ºSMPC)æ˜¯å®‰
                                                  å…¨è®¡ç®—çš„ä¸€ä¸ªå‰æ²¿ç ...

You may provide a definition with
\DeclareUnicodeCharacter 


! Package inputenc Error: Unicode character å…¨ (U+5168)
(inputenc)                not set up for use with LaTeX.

See the inputenc package documentation for explanation.
Type  H <return>  for immediate help.
 ...                                              
                                                  
l.23 ...arty Computationï¼Œç®€ç§°ä¸ºSMPC)æ˜¯å®‰å…¨
                                                  è®¡ç®—çš„ä¸€ä¸ªå‰æ²¿ç ”ç©...

You may provide a definition with
\DeclareUnicodeCharacter 


! Package inputenc Error: Unicode character è®¡ (U+8BA1)
(inputenc)                not set up for use with LaTeX.

See the inputenc package documentation for explanation.
Type  H <return>  for immediate help.
 ...                                              
                                                  
l.23 ...y Computationï¼Œç®€ç§°ä¸ºSMPC)æ˜¯å®‰å…¨è®¡
                                                  ç®—çš„ä¸€ä¸ªå‰æ²¿ç ”ç©¶é¢...

You may provide a definition with
\DeclareUnicodeCharacter 


! Package inputenc Error: Unicode character ç®— (U+7B97)
(inputenc)                not set up for use with LaTeX.

See the inputenc package documentation for explanation.
Type  H <return>  for immediate help.
 ...                                              
                                                  
l.23 ...omputationï¼Œç®€ç§°ä¸ºSMPC)æ˜¯å®‰å…¨è®¡ç®—
                                                  çš„ä¸€ä¸ªå‰æ²¿ç ”ç©¶é¢†åŸ...

You may provide a definition with
\DeclareUnicodeCharacter 


! Package inputenc Error: Unicode character çš„ (U+7684)
(inputenc)                not set up for use with LaTeX.

See the inputenc package documentation for explanation.
Type  H <return>  for immediate help.
 ...                                              
                                                  
l.23 ...utationï¼Œç®€ç§°ä¸ºSMPC)æ˜¯å®‰å…¨è®¡ç®—çš„
                                                  ä¸€ä¸ªå‰æ²¿ç ”ç©¶é¢†åŸŸã€...

You may provide a definition with
\DeclareUnicodeCharacter 


! Package inputenc Error: Unicode character ä¸€ (U+4E00)
(inputenc)                not set up for use with LaTeX.

See the inputenc package documentation for explanation.
Type  H <return>  for immediate help.
 ...                                              
                                                  
l.23 ...tionï¼Œç®€ç§°ä¸ºSMPC)æ˜¯å®‰å…¨è®¡ç®—çš„ä¸€
                                                  ä¸ªå‰æ²¿ç ”ç©¶é¢†åŸŸã€‚å®...

You may provide a definition with
\DeclareUnicodeCharacter 


! Package inputenc Error: Unicode character ä¸ª (U+4E2A)
(inputenc)                not set up for use with LaTeX.

See the inputenc package documentation for explanation.
Type  H <return>  for immediate help.
 ...                                              
                                                  
l.23 ...nï¼Œç®€ç§°ä¸ºSMPC)æ˜¯å®‰å…¨è®¡ç®—çš„ä¸€ä¸ª
                                                  å‰æ²¿ç ”ç©¶é¢†åŸŸã€‚å®ƒèƒ...

You may provide a definition with
\DeclareUnicodeCharacter 


! Package inputenc Error: Unicode character å‰ (U+524D)
(inputenc)                not set up for use with LaTeX.

See the inputenc package documentation for explanation.
Type  H <return>  for immediate help.
 ...                                              
                                                  
l.23 ...Œç®€ç§°ä¸ºSMPC)æ˜¯å®‰å…¨è®¡ç®—çš„ä¸€ä¸ªå‰
                                                  æ²¿ç ”ç©¶é¢†åŸŸã€‚å®ƒèƒ½ä½...

You may provide a definition with
\DeclareUnicodeCharacter 


! Package inputenc Error: Unicode character æ²¿ (U+6CBF)
(inputenc)                not set up for use with LaTeX.

See the inputenc package documentation for explanation.
Type  H <return>  for immediate help.
 ...                                              
                                                  
l.23 ...€ç§°ä¸ºSMPC)æ˜¯å®‰å…¨è®¡ç®—çš„ä¸€ä¸ªå‰æ²¿
                                                  ç ”ç©¶é¢†åŸŸã€‚å®ƒèƒ½ä½¿äº...

You may provide a definition with
\DeclareUnicodeCharacter 


! Package inputenc Error: Unicode character ç ” (U+7814)
(inputenc)                not set up for use with LaTeX.

See the inputenc package documentation for explanation.
Type  H <return>  for immediate help.
 ...                                              
                                                  
l.23 ...°ä¸ºSMPC)æ˜¯å®‰å…¨è®¡ç®—çš„ä¸€ä¸ªå‰æ²¿ç ”
                                                  ç©¶é¢†åŸŸã€‚å®ƒèƒ½ä½¿äº’ä¸...

You may provide a definition with
\DeclareUnicodeCharacter 


! Package inputenc Error: Unicode character ç©¶ (U+7A76)
(inputenc)                not set up for use with LaTeX.

See the inputenc package documentation for explanation.
Type  H <return>  for immediate help.
 ...                                              
                                                  
l.23 ...ºSMPC)æ˜¯å®‰å…¨è®¡ç®—çš„ä¸€ä¸ªå‰æ²¿ç ”ç©¶
                                                  é¢†åŸŸã€‚å®ƒèƒ½ä½¿äº’ä¸ä¿...

You may provide a definition with
\DeclareUnicodeCharacter 


! Package inputenc Error: Unicode character é¢† (U+9886)
(inputenc)                not set up for use with LaTeX.

See the inputenc package documentation for explanation.
Type  H <return>  for immediate help.
 ...                                              
                                                  
l.23 ...PC)æ˜¯å®‰å…¨è®¡ç®—çš„ä¸€ä¸ªå‰æ²¿ç ”ç©¶é¢†
                                                  åŸŸã€‚å®ƒèƒ½ä½¿äº’ä¸ä¿¡ä»...

You may provide a definition with
\DeclareUnicodeCharacter 


! Package inputenc Error: Unicode character åŸŸ (U+57DF)
(inputenc)                not set up for use with LaTeX.

See the inputenc package documentation for explanation.
Type  H <return>  for immediate help.
 ...                                              
                                                  
l.23 ...æ˜¯å®‰å…¨è®¡ç®—çš„ä¸€ä¸ªå‰æ²¿ç ”ç©¶é¢†åŸŸ
                                                  ã€‚å®ƒèƒ½ä½¿äº’ä¸ä¿¡ä»»çš...

You may provide a definition with
\DeclareUnicodeCharacter 


! Package inputenc Error: Unicode character ã€‚ (U+3002)
(inputenc)                not set up for use with LaTeX.

See the inputenc package documentation for explanation.
Type  H <return>  for immediate help.
 ...                                              
                                                  
l.23 ...å®‰å…¨è®¡ç®—çš„ä¸€ä¸ªå‰æ²¿ç ”ç©¶é¢†åŸŸã€‚
                                                  å®ƒèƒ½ä½¿äº’ä¸ä¿¡ä»»çš„å¤...

You may provide a definition with
\DeclareUnicodeCharacter 


! Package inputenc Error: Unicode character å®ƒ (U+5B83)
(inputenc)                not set up for use with LaTeX.

See the inputenc package documentation for explanation.
Type  H <return>  for immediate help.
 ...                                              
                                                  
l.23 ...å…¨è®¡ç®—çš„ä¸€ä¸ªå‰æ²¿ç ”ç©¶é¢†åŸŸã€‚å®ƒ
                                                  èƒ½ä½¿äº’ä¸ä¿¡ä»»çš„å¤šä¸...

You may provide a definition with
\DeclareUnicodeCharacter 


! Package inputenc Error: Unicode character èƒ½ (U+80FD)
(inputenc)                not set up for use with LaTeX.

See the inputenc package documentation for explanation.
Type  H <return>  for immediate help.
 ...                                              
                                                  
l.23 ...è®¡ç®—çš„ä¸€ä¸ªå‰æ²¿ç ”ç©¶é¢†åŸŸã€‚å®ƒèƒ½
                                                  ä½¿äº’ä¸ä¿¡ä»»çš„å¤šä¸ªå...

You may provide a definition with
\DeclareUnicodeCharacter 


! Package inputenc Error: Unicode character ä½¿ (U+4F7F)
(inputenc)                not set up for use with LaTeX.

See the inputenc package documentation for explanation.
Type  H <return>  for immediate help.
 ...                                              
                                                  
l.23 ...ç®—çš„ä¸€ä¸ªå‰æ²¿ç ”ç©¶é¢†åŸŸã€‚å®ƒèƒ½ä½¿
                                                  äº’ä¸ä¿¡ä»»çš„å¤šä¸ªå‚ä¸...

You may provide a definition with
\DeclareUnicodeCharacter 


! Package inputenc Error: Unicode character äº’ (U+4E92)
(inputenc)                not set up for use with LaTeX.

See the inputenc package documentation for explanation.
Type  H <return>  for immediate help.
 ...                                              
                                                  
l.23 ...çš„ä¸€ä¸ªå‰æ²¿ç ”ç©¶é¢†åŸŸã€‚å®ƒèƒ½ä½¿äº’
                                                  ä¸ä¿¡ä»»çš„å¤šä¸ªå‚ä¸è€...

You may provide a definition with
\DeclareUnicodeCharacter 


! Package inputenc Error: Unicode character ä¸ (U+4E0D)
(inputenc)                not set up for use with LaTeX.

See the inputenc package documentation for explanation.
Type  H <return>  for immediate help.
 ...                                              
                                                  
l.23 ...ä¸€ä¸ªå‰æ²¿ç ”ç©¶é¢†åŸŸã€‚å®ƒèƒ½ä½¿äº’ä¸
                                                  ä¿¡ä»»çš„å¤šä¸ªå‚ä¸è€…ï¼...

You may provide a definition with
\DeclareUnicodeCharacter 


! Package inputenc Error: Unicode character ä¿¡ (U+4FE1)
(inputenc)                not set up for use with LaTeX.

See the inputenc package documentation for explanation.
Type  H <return>  for immediate help.
 ...                                              
                                                  
l.23 ...ä¸ªå‰æ²¿ç ”ç©¶é¢†åŸŸã€‚å®ƒèƒ½ä½¿äº’ä¸ä¿¡
                                                  ä»»çš„å¤šä¸ªå‚ä¸è€…ï¼Œåœ...

You may provide a definition with
\DeclareUnicodeCharacter 


! Package inputenc Error: Unicode character ä»» (U+4EFB)
(inputenc)                not set up for use with LaTeX.

See the inputenc package documentation for explanation.
Type  H <return>  for immediate help.
 ...                                              
                                                  
l.23 ...å‰æ²¿ç ”ç©¶é¢†åŸŸã€‚å®ƒèƒ½ä½¿äº’ä¸ä¿¡ä»»
                                                  çš„å¤šä¸ªå‚ä¸è€…ï¼Œåœ¨ä¸...

You may provide a definition with
\DeclareUnicodeCharacter 


! Package inputenc Error: Unicode character çš„ (U+7684)
(inputenc)                not set up for use with LaTeX.

See the inputenc package documentation for explanation.
Type  H <return>  for immediate help.
 ...                                              
                                                  
l.23 ...æ²¿ç ”ç©¶é¢†åŸŸã€‚å®ƒèƒ½ä½¿äº’ä¸ä¿¡ä»»çš„
                                                  å¤šä¸ªå‚ä¸è€…ï¼Œåœ¨ä¸æ³...

You may provide a definition with
\DeclareUnicodeCharacter 


! Package inputenc Error: Unicode character å¤š (U+591A)
(inputenc)                not set up for use with LaTeX.

See the inputenc package documentation for explanation.
Type  H <return>  for immediate help.
 ...                                              
                                                  
l.23 ...ç ”ç©¶é¢†åŸŸã€‚å®ƒèƒ½ä½¿äº’ä¸ä¿¡ä»»çš„å¤š
                                                  ä¸ªå‚ä¸è€…ï¼Œåœ¨ä¸æ³„éœ...

You may provide a definition with
\DeclareUnicodeCharacter 


! Package inputenc Error: Unicode character ä¸ª (U+4E2A)
(inputenc)                not set up for use with LaTeX.

See the inputenc package documentation for explanation.
Type  H <return>  for immediate help.
 ...                                              
                                                  
l.23 ...ç©¶é¢†åŸŸã€‚å®ƒèƒ½ä½¿äº’ä¸ä¿¡ä»»çš„å¤šä¸ª
                                                  å‚ä¸è€…ï¼Œåœ¨ä¸æ³„éœ²è‡...

You may provide a definition with
\DeclareUnicodeCharacter 


! Package inputenc Error: Unicode character å‚ (U+53C2)
(inputenc)                not set up for use with LaTeX.

See the inputenc package documentation for explanation.
Type  H <return>  for immediate help.
 ...                                              
                                                  
l.23 ...é¢†åŸŸã€‚å®ƒèƒ½ä½¿äº’ä¸ä¿¡ä»»çš„å¤šä¸ªå‚
                                                  ä¸è€…ï¼Œåœ¨ä¸æ³„éœ²è‡ªèº...

You may provide a definition with
\DeclareUnicodeCharacter 


! Package inputenc Error: Unicode character ä¸ (U+4E0E)
(inputenc)                not set up for use with LaTeX.

See the inputenc package documentation for explanation.
Type  H <return>  for immediate help.
 ...                                              
                                                  
l.23 ...åŸŸã€‚å®ƒèƒ½ä½¿äº’ä¸ä¿¡ä»»çš„å¤šä¸ªå‚ä¸
                                                  è€…ï¼Œåœ¨ä¸æ³„éœ²è‡ªèº«éš...

You may provide a definition with
\DeclareUnicodeCharacter 


! Package inputenc Error: Unicode character è€… (U+8005)
(inputenc)                not set up for use with LaTeX.

See the inputenc package documentation for explanation.
Type  H <return>  for immediate help.
 ...                                              
                                                  
l.23 ...ã€‚å®ƒèƒ½ä½¿äº’ä¸ä¿¡ä»»çš„å¤šä¸ªå‚ä¸è€…
                                                  ï¼Œåœ¨ä¸æ³„éœ²è‡ªèº«éšç§...

You may provide a definition with
\DeclareUnicodeCharacter 


! Package inputenc Error: Unicode character ï¼Œ (U+FF0C)
(inputenc)                not set up for use with LaTeX.

See the inputenc package documentation for explanation.
Type  H <return>  for immediate help.
 ...                                              
                                                  
l.23 ...å®ƒèƒ½ä½¿äº’ä¸ä¿¡ä»»çš„å¤šä¸ªå‚ä¸è€…ï¼Œ
                                                  åœ¨ä¸æ³„éœ²è‡ªèº«éšç§è¾...

You may provide a definition with
\DeclareUnicodeCharacter 


! Package inputenc Error: Unicode character åœ¨ (U+5728)
(inputenc)                not set up for use with LaTeX.

See the inputenc package documentation for explanation.
Type  H <return>  for immediate help.
 ...                                              
                                                  
l.23 ...èƒ½ä½¿äº’ä¸ä¿¡ä»»çš„å¤šä¸ªå‚ä¸è€…ï¼Œåœ¨
                                                  ä¸æ³„éœ²è‡ªèº«éšç§è¾“å…...

You may provide a definition with
\DeclareUnicodeCharacter 


! Package inputenc Error: Unicode character ä¸ (U+4E0D)
(inputenc)                not set up for use with LaTeX.

See the inputenc package documentation for explanation.
Type  H <return>  for immediate help.
 ...                                              
                                                  
l.23 ...ä½¿äº’ä¸ä¿¡ä»»çš„å¤šä¸ªå‚ä¸è€…ï¼Œåœ¨ä¸
                                                  æ³„éœ²è‡ªèº«éšç§è¾“å…¥æ•...

You may provide a definition with
\DeclareUnicodeCharacter 


! Package inputenc Error: Unicode character æ³„ (U+6CC4)
(inputenc)                not set up for use with LaTeX.

See the inputenc package documentation for explanation.
Type  H <return>  for immediate help.
 ...                                              
                                                  
l.23 ...äº’ä¸ä¿¡ä»»çš„å¤šä¸ªå‚ä¸è€…ï¼Œåœ¨ä¸æ³„
                                                  éœ²è‡ªèº«éšç§è¾“å…¥æ•°æ...

You may provide a definition with
\DeclareUnicodeCharacter 


! Package inputenc Error: Unicode character éœ² (U+9732)
(inputenc)                not set up for use with LaTeX.

See the inputenc package documentation for explanation.
Type  H <return>  for immediate help.
 ...                                              
                                                  
l.23 ...ä¸ä¿¡ä»»çš„å¤šä¸ªå‚ä¸è€…ï¼Œåœ¨ä¸æ³„éœ²
                                                  è‡ªèº«éšç§è¾“å…¥æ•°æ®ä¿...

You may provide a definition with
\DeclareUnicodeCharacter 


! Package inputenc Error: Unicode character è‡ª (U+81EA)
(inputenc)                not set up for use with LaTeX.

See the inputenc package documentation for explanation.
Type  H <return>  for immediate help.
 ...                                              
                                                  
l.23 ...ä¿¡ä»»çš„å¤šä¸ªå‚ä¸è€…ï¼Œåœ¨ä¸æ³„éœ²è‡ª
                                                  èº«éšç§è¾“å…¥æ•°æ®ä¿¡æ...

You may provide a definition with
\DeclareUnicodeCharacter 


! Package inputenc Error: Unicode character èº« (U+8EAB)
(inputenc)                not set up for use with LaTeX.

See the inputenc package documentation for explanation.
Type  H <return>  for immediate help.
 ...                                              
                                                  
l.23 ...ä»»çš„å¤šä¸ªå‚ä¸è€…ï¼Œåœ¨ä¸æ³„éœ²è‡ªèº«
                                                  éšç§è¾“å…¥æ•°æ®ä¿¡æ¯çš...

You may provide a definition with
\DeclareUnicodeCharacter 


! Package inputenc Error: Unicode character éš (U+9690)
(inputenc)                not set up for use with LaTeX.

See the inputenc package documentation for explanation.
Type  H <return>  for immediate help.
 ...                                              
                                                  
l.23 ...çš„å¤šä¸ªå‚ä¸è€…ï¼Œåœ¨ä¸æ³„éœ²è‡ªèº«éš
                                                  ç§è¾“å…¥æ•°æ®ä¿¡æ¯çš„å‰...

You may provide a definition with
\DeclareUnicodeCharacter 


! Package inputenc Error: Unicode character ç§ (U+79C1)
(inputenc)                not set up for use with LaTeX.

See the inputenc package documentation for explanation.
Type  H <return>  for immediate help.
 ...                                              
                                                  
l.23 ...å¤šä¸ªå‚ä¸è€…ï¼Œåœ¨ä¸æ³„éœ²è‡ªèº«éšç§
                                                  è¾“å…¥æ•°æ®ä¿¡æ¯çš„å‰æ...

You may provide a definition with
\DeclareUnicodeCharacter 


! Package inputenc Error: Unicode character è¾“ (U+8F93)
(inputenc)                not set up for use with LaTeX.

See the inputenc package documentation for explanation.
Type  H <return>  for immediate help.
 ...                                              
                                                  
l.23 ...ä¸ªå‚ä¸è€…ï¼Œåœ¨ä¸æ³„éœ²è‡ªèº«éšç§è¾“
                                                  å…¥æ•°æ®ä¿¡æ¯çš„å‰æä¸...

You may provide a definition with
\DeclareUnicodeCharacter 


! Package inputenc Error: Unicode character å…¥ (U+5165)
(inputenc)                not set up for use with LaTeX.

See the inputenc package documentation for explanation.
Type  H <return>  for immediate help.
 ...                                              
                                                  
l.23 ...å‚ä¸è€…ï¼Œåœ¨ä¸æ³„éœ²è‡ªèº«éšç§è¾“å…¥
                                                  æ•°æ®ä¿¡æ¯çš„å‰æä¸‹ï¼...

You may provide a definition with
\DeclareUnicodeCharacter 


! Package inputenc Error: Unicode character æ•° (U+6570)
(inputenc)                not set up for use with LaTeX.

See the inputenc package documentation for explanation.
Type  H <return>  for immediate help.
 ...                                              
                                                  
l.23 ...ä¸è€…ï¼Œåœ¨ä¸æ³„éœ²è‡ªèº«éšç§è¾“å…¥æ•°
                                                  æ®ä¿¡æ¯çš„å‰æä¸‹ï¼Œå...

You may provide a definition with
\DeclareUnicodeCharacter 


! Package inputenc Error: Unicode character æ® (U+636E)
(inputenc)                not set up for use with LaTeX.

See the inputenc package documentation for explanation.
Type  H <return>  for immediate help.
 ...                                              
                                                  
l.23 ...è€…ï¼Œåœ¨ä¸æ³„éœ²è‡ªèº«éšç§è¾“å…¥æ•°æ®
                                                  ä¿¡æ¯çš„å‰æä¸‹ï¼Œåå...

You may provide a definition with
\DeclareUnicodeCharacter 


! Package inputenc Error: Unicode character ä¿¡ (U+4FE1)
(inputenc)                not set up for use with LaTeX.

See the inputenc package documentation for explanation.
Type  H <return>  for immediate help.
 ...                                              
                                                  
l.23 ...ï¼Œåœ¨ä¸æ³„éœ²è‡ªèº«éšç§è¾“å…¥æ•°æ®ä¿¡
                                                  æ¯çš„å‰æä¸‹ï¼ŒååŒè®...

You may provide a definition with
\DeclareUnicodeCharacter 


! Package inputenc Error: Unicode character æ¯ (U+606F)
(inputenc)                not set up for use with LaTeX.

See the inputenc package documentation for explanation.
Type  H <return>  for immediate help.
 ...                                              
                                                  
l.23 ...åœ¨ä¸æ³„éœ²è‡ªèº«éšç§è¾“å…¥æ•°æ®ä¿¡æ¯
                                                  çš„å‰æä¸‹ï¼ŒååŒè®¡ç®...

You may provide a definition with
\DeclareUnicodeCharacter 


! Package inputenc Error: Unicode character çš„ (U+7684)
(inputenc)                not set up for use with LaTeX.

See the inputenc package documentation for explanation.
Type  H <return>  for immediate help.
 ...                                              
                                                  
l.23 ...ä¸æ³„éœ²è‡ªèº«éšç§è¾“å…¥æ•°æ®ä¿¡æ¯çš„
                                                  å‰æä¸‹ï¼ŒååŒè®¡ç®—ä¸...

You may provide a definition with
\DeclareUnicodeCharacter 


! Package inputenc Error: Unicode character å‰ (U+524D)
(inputenc)                not set up for use with LaTeX.

See the inputenc package documentation for explanation.
Type  H <return>  for immediate help.
 ...                                              
                                                  
l.23 ...æ³„éœ²è‡ªèº«éšç§è¾“å…¥æ•°æ®ä¿¡æ¯çš„å‰
                                                  æä¸‹ï¼ŒååŒè®¡ç®—ä¸€ä¸...

You may provide a definition with
\DeclareUnicodeCharacter 


! Package inputenc Error: Unicode character æ (U+63D0)
(inputenc)                not set up for use with LaTeX.

See the inputenc package documentation for explanation.
Type  H <return>  for immediate help.
 ...                                              
                                                  
l.23 ...éœ²è‡ªèº«éšç§è¾“å…¥æ•°æ®ä¿¡æ¯çš„å‰æ
                                                  ä¸‹ï¼ŒååŒè®¡ç®—ä¸€ä¸ªä¾...

You may provide a definition with
\DeclareUnicodeCharacter 


! Package inputenc Error: Unicode character ä¸‹ (U+4E0B)
(inputenc)                not set up for use with LaTeX.

See the inputenc package documentation for explanation.
Type  H <return>  for immediate help.
 ...                                              
                                                  
l.23 ...è‡ªèº«éšç§è¾“å…¥æ•°æ®ä¿¡æ¯çš„å‰æä¸‹
                                                  ï¼ŒååŒè®¡ç®—ä¸€ä¸ªä¾èµ...

You may provide a definition with
\DeclareUnicodeCharacter 


! Package inputenc Error: Unicode character ï¼Œ (U+FF0C)
(inputenc)                not set up for use with LaTeX.

See the inputenc package documentation for explanation.
Type  H <return>  for immediate help.
 ...                                              
                                                  
l.23 ...èº«éšç§è¾“å…¥æ•°æ®ä¿¡æ¯çš„å‰æä¸‹ï¼Œ
                                                  ååŒè®¡ç®—ä¸€ä¸ªä¾èµ–å...

You may provide a definition with
\DeclareUnicodeCharacter 


! Package inputenc Error: Unicode character å (U+534F)
(inputenc)                not set up for use with LaTeX.

See the inputenc package documentation for explanation.
Type  H <return>  for immediate help.
 ...                                              
                                                  
l.23 ...éšç§è¾“å…¥æ•°æ®ä¿¡æ¯çš„å‰æä¸‹ï¼Œå
                                                  åŒè®¡ç®—ä¸€ä¸ªä¾èµ–å„ä¸...

You may provide a definition with
\DeclareUnicodeCharacter 


! Package inputenc Error: Unicode character åŒ (U+540C)
(inputenc)                not set up for use with LaTeX.

See the inputenc package documentation for explanation.
Type  H <return>  for immediate help.
 ...                                              
                                                  
l.23 ...ç§è¾“å…¥æ•°æ®ä¿¡æ¯çš„å‰æä¸‹ï¼ŒååŒ
                                                  è®¡ç®—ä¸€ä¸ªä¾èµ–å„ä¸ªå...

You may provide a definition with
\DeclareUnicodeCharacter 


! Package inputenc Error: Unicode character è®¡ (U+8BA1)
(inputenc)                not set up for use with LaTeX.

See the inputenc package documentation for explanation.
Type  H <return>  for immediate help.
 ...                                              
                                                  
l.23 ...è¾“å…¥æ•°æ®ä¿¡æ¯çš„å‰æä¸‹ï¼ŒååŒè®¡
                                                  ç®—ä¸€ä¸ªä¾èµ–å„ä¸ªå‚ä¸...

You may provide a definition with
\DeclareUnicodeCharacter 


! Package inputenc Error: Unicode character ç®— (U+7B97)
(inputenc)                not set up for use with LaTeX.

See the inputenc package documentation for explanation.
Type  H <return>  for immediate help.
 ...                                              
                                                  
l.23 ...å…¥æ•°æ®ä¿¡æ¯çš„å‰æä¸‹ï¼ŒååŒè®¡ç®—
                                                  ä¸€ä¸ªä¾èµ–å„ä¸ªå‚ä¸è€...

You may provide a definition with
\DeclareUnicodeCharacter 


! Package inputenc Error: Unicode character ä¸€ (U+4E00)
(inputenc)                not set up for use with LaTeX.

See the inputenc package documentation for explanation.
Type  H <return>  for immediate help.
 ...                                              
                                                  
l.23 ...æ•°æ®ä¿¡æ¯çš„å‰æä¸‹ï¼ŒååŒè®¡ç®—ä¸€
                                                  ä¸ªä¾èµ–å„ä¸ªå‚ä¸è€…è¾...

You may provide a definition with
\DeclareUnicodeCharacter 


! Package inputenc Error: Unicode character ä¸ª (U+4E2A)
(inputenc)                not set up for use with LaTeX.

See the inputenc package documentation for explanation.
Type  H <return>  for immediate help.
 ...                                              
                                                  
l.23 ...æ®ä¿¡æ¯çš„å‰æä¸‹ï¼ŒååŒè®¡ç®—ä¸€ä¸ª
                                                  ä¾èµ–å„ä¸ªå‚ä¸è€…è¾“å…...

You may provide a definition with
\DeclareUnicodeCharacter 


! Package inputenc Error: Unicode character ä¾ (U+4F9D)
(inputenc)                not set up for use with LaTeX.

See the inputenc package documentation for explanation.
Type  H <return>  for immediate help.
 ...                                              
                                                  
l.23 ...ä¿¡æ¯çš„å‰æä¸‹ï¼ŒååŒè®¡ç®—ä¸€ä¸ªä¾
                                                  èµ–å„ä¸ªå‚ä¸è€…è¾“å…¥æ•...

You may provide a definition with
\DeclareUnicodeCharacter 


! Package inputenc Error: Unicode character èµ– (U+8D56)
(inputenc)                not set up for use with LaTeX.

See the inputenc package documentation for explanation.
Type  H <return>  for immediate help.
 ...                                              
                                                  
l.23 ...æ¯çš„å‰æä¸‹ï¼ŒååŒè®¡ç®—ä¸€ä¸ªä¾èµ–
                                                  å„ä¸ªå‚ä¸è€…è¾“å…¥æ•°æ...

You may provide a definition with
\DeclareUnicodeCharacter 


! Package inputenc Error: Unicode character å„ (U+5404)
(inputenc)                not set up for use with LaTeX.

See the inputenc package documentation for explanation.
Type  H <return>  for immediate help.
 ...                                              
                                                  
l.23 ...çš„å‰æä¸‹ï¼ŒååŒè®¡ç®—ä¸€ä¸ªä¾èµ–å„
                                                  ä¸ªå‚ä¸è€…è¾“å…¥æ•°æ®çš...

You may provide a definition with
\DeclareUnicodeCharacter 


! Package inputenc Error: Unicode character ä¸ª (U+4E2A)
(inputenc)                not set up for use with LaTeX.

See the inputenc package documentation for explanation.
Type  H <return>  for immediate help.
 ...                                              
                                                  
l.23 ...å‰æä¸‹ï¼ŒååŒè®¡ç®—ä¸€ä¸ªä¾èµ–å„ä¸ª
                                                  å‚ä¸è€…è¾“å…¥æ•°æ®çš„å‡...

You may provide a definition with
\DeclareUnicodeCharacter 


! Package inputenc Error: Unicode character å‚ (U+53C2)
(inputenc)                not set up for use with LaTeX.

See the inputenc package documentation for explanation.
Type  H <return>  for immediate help.
 ...                                              
                                                  
l.23 ...æä¸‹ï¼ŒååŒè®¡ç®—ä¸€ä¸ªä¾èµ–å„ä¸ªå‚
                                                  ä¸è€…è¾“å…¥æ•°æ®çš„å‡½æ•...

You may provide a definition with
\DeclareUnicodeCharacter 


! Package inputenc Error: Unicode character ä¸ (U+4E0E)
(inputenc)                not set up for use with LaTeX.

See the inputenc package documentation for explanation.
Type  H <return>  for immediate help.
 ...                                              
                                                  
l.23 ...ä¸‹ï¼ŒååŒè®¡ç®—ä¸€ä¸ªä¾èµ–å„ä¸ªå‚ä¸
                                                  è€…è¾“å…¥æ•°æ®çš„å‡½æ•°çš...

You may provide a definition with
\DeclareUnicodeCharacter 


! Package inputenc Error: Unicode character è€… (U+8005)
(inputenc)                not set up for use with LaTeX.

See the inputenc package documentation for explanation.
Type  H <return>  for immediate help.
 ...                                              
                                                  
l.23 ...ï¼ŒååŒè®¡ç®—ä¸€ä¸ªä¾èµ–å„ä¸ªå‚ä¸è€…
                                                  è¾“å…¥æ•°æ®çš„å‡½æ•°çš„ç»...

You may provide a definition with
\DeclareUnicodeCharacter 


! Package inputenc Error: Unicode character è¾“ (U+8F93)
(inputenc)                not set up for use with LaTeX.

See the inputenc package documentation for explanation.
Type  H <return>  for immediate help.
 ...                                              
                                                  
l.23 ...ååŒè®¡ç®—ä¸€ä¸ªä¾èµ–å„ä¸ªå‚ä¸è€…è¾“
                                                  å…¥æ•°æ®çš„å‡½æ•°çš„ç»“æ...

You may provide a definition with
\DeclareUnicodeCharacter 


! Package inputenc Error: Unicode character å…¥ (U+5165)
(inputenc)                not set up for use with LaTeX.

See the inputenc package documentation for explanation.
Type  H <return>  for immediate help.
 ...                                              
                                                  
l.23 ...åŒè®¡ç®—ä¸€ä¸ªä¾èµ–å„ä¸ªå‚ä¸è€…è¾“å…¥
                                                  æ•°æ®çš„å‡½æ•°çš„ç»“æœã€...

You may provide a definition with
\DeclareUnicodeCharacter 


! Package inputenc Error: Unicode character æ•° (U+6570)
(inputenc)                not set up for use with LaTeX.

See the inputenc package documentation for explanation.
Type  H <return>  for immediate help.
 ...                                              
                                                  
l.23 ...è®¡ç®—ä¸€ä¸ªä¾èµ–å„ä¸ªå‚ä¸è€…è¾“å…¥æ•°
                                                  æ®çš„å‡½æ•°çš„ç»“æœã€‚Wy...

You may provide a definition with
\DeclareUnicodeCharacter 


! Package inputenc Error: Unicode character æ® (U+636E)
(inputenc)                not set up for use with LaTeX.

See the inputenc package documentation for explanation.
Type  H <return>  for immediate help.
 ...                                              
                                                  
l.23 ...ç®—ä¸€ä¸ªä¾èµ–å„ä¸ªå‚ä¸è€…è¾“å…¥æ•°æ®
                                                  çš„å‡½æ•°çš„ç»“æœã€‚Wys*æ...

You may provide a definition with
\DeclareUnicodeCharacter 


! Package inputenc Error: Unicode character çš„ (U+7684)
(inputenc)                not set up for use with LaTeX.

See the inputenc package documentation for explanation.
Type  H <return>  for immediate help.
 ...                                              
                                                  
l.23 ...ä¸€ä¸ªä¾èµ–å„ä¸ªå‚ä¸è€…è¾“å…¥æ•°æ®çš„
                                                  å‡½æ•°çš„ç»“æœã€‚Wys*æ˜¯ä...

You may provide a definition with
\DeclareUnicodeCharacter 


! Package inputenc Error: Unicode character å‡½ (U+51FD)
(inputenc)                not set up for use with LaTeX.

See the inputenc package documentation for explanation.
Type  H <return>  for immediate help.
 ...                                              
                                                  
l.23 ...ä¸ªä¾èµ–å„ä¸ªå‚ä¸è€…è¾“å…¥æ•°æ®çš„å‡½
                                                  æ•°çš„ç»“æœã€‚Wys*æ˜¯ä¸€ä...

You may provide a definition with
\DeclareUnicodeCharacter 


! Package inputenc Error: Unicode character æ•° (U+6570)
(inputenc)                not set up for use with LaTeX.

See the inputenc package documentation for explanation.
Type  H <return>  for immediate help.
 ...                                              
                                                  
l.23 ...ä¾èµ–å„ä¸ªå‚ä¸è€…è¾“å…¥æ•°æ®çš„å‡½æ•°
                                                  çš„ç»“æœã€‚Wys*æ˜¯ä¸€ä¸ªç...

You may provide a definition with
\DeclareUnicodeCharacter 


! Package inputenc Error: Unicode character çš„ (U+7684)
(inputenc)                not set up for use with LaTeX.

See the inputenc package documentation for explanation.
Type  H <return>  for immediate help.
 ...                                              
                                                  
l.23 ...èµ–å„ä¸ªå‚ä¸è€…è¾“å…¥æ•°æ®çš„å‡½æ•°çš„
                                                  ç»“æœã€‚Wys*æ˜¯ä¸€ä¸ªç”¨ä...

You may provide a definition with
\DeclareUnicodeCharacter 


! Package inputenc Error: Unicode character ç»“ (U+7ED3)
(inputenc)                not set up for use with LaTeX.

See the inputenc package documentation for explanation.
Type  H <return>  for immediate help.
 ...                                              
                                                  
l.23 ...å„ä¸ªå‚ä¸è€…è¾“å…¥æ•°æ®çš„å‡½æ•°çš„ç»“
                                                  æœã€‚Wys*æ˜¯ä¸€ä¸ªç”¨äºå...

You may provide a definition with
\DeclareUnicodeCharacter 


! Package inputenc Error: Unicode character æœ (U+679C)
(inputenc)                not set up for use with LaTeX.

See the inputenc package documentation for explanation.
Type  H <return>  for immediate help.
 ...                                              
                                                  
l.23 ...ä¸ªå‚ä¸è€…è¾“å…¥æ•°æ®çš„å‡½æ•°çš„ç»“æœ
                                                  ã€‚Wys*æ˜¯ä¸€ä¸ªç”¨äºå¼€å...

You may provide a definition with
\DeclareUnicodeCharacter 


! Package inputenc Error: Unicode character ã€‚ (U+3002)
(inputenc)                not set up for use with LaTeX.

See the inputenc package documentation for explanation.
Type  H <return>  for immediate help.
 ...                                              
                                                  
l.23 ...å‚ä¸è€…è¾“å…¥æ•°æ®çš„å‡½æ•°çš„ç»“æœã€‚
                                                  Wys*æ˜¯ä¸€ä¸ªç”¨äºå¼€å‘é...

You may provide a definition with
\DeclareUnicodeCharacter 

Missing character: There is no W in font nullfont!
Missing character: There is no y in font nullfont!
Missing character: There is no s in font nullfont!
Missing character: There is no * in font nullfont!

! Package inputenc Error: Unicode character æ˜¯ (U+662F)
(inputenc)                not set up for use with LaTeX.

See the inputenc package documentation for explanation.
Type  H <return>  for immediate help.
 ...                                              
                                                  
l.23 ...€…è¾“å…¥æ•°æ®çš„å‡½æ•°çš„ç»“æœã€‚Wys*æ˜¯
                                                  ä¸€ä¸ªç”¨äºå¼€å‘é¢å‘å...

You may provide a definition with
\DeclareUnicodeCharacter 


! Package inputenc Error: Unicode character ä¸€ (U+4E00)
(inputenc)                not set up for use with LaTeX.

See the inputenc package documentation for explanation.
Type  H <return>  for immediate help.
 ...                                              
                                                  
l.23 ...¾“å…¥æ•°æ®çš„å‡½æ•°çš„ç»“æœã€‚Wys*æ˜¯ä¸€
                                                  ä¸ªç”¨äºå¼€å‘é¢å‘å¯é...

You may provide a definition with
\DeclareUnicodeCharacter 


! Package inputenc Error: Unicode character ä¸ª (U+4E2A)
(inputenc)                not set up for use with LaTeX.

See the inputenc package documentation for explanation.
Type  H <return>  for immediate help.
 ...                                              
                                                  
l.23 ...…¥æ•°æ®çš„å‡½æ•°çš„ç»“æœã€‚Wys*æ˜¯ä¸€ä¸ª
                                                  ç”¨äºå¼€å‘é¢å‘å¯é æ€...

You may provide a definition with
\DeclareUnicodeCharacter 


! Package inputenc Error: Unicode character ç”¨ (U+7528)
(inputenc)                not set up for use with LaTeX.

See the inputenc package documentation for explanation.
Type  H <return>  for immediate help.
 ...                                              
                                                  
l.23 ...•°æ®çš„å‡½æ•°çš„ç»“æœã€‚Wys*æ˜¯ä¸€ä¸ªç”¨
                                                  äºå¼€å‘é¢å‘å¯é æ€§éª...

You may provide a definition with
\DeclareUnicodeCharacter 


! Package inputenc Error: Unicode character äº (U+4E8E)
(inputenc)                not set up for use with LaTeX.

See the inputenc package documentation for explanation.
Type  H <return>  for immediate help.
 ...                                              
                                                  
l.23 ...®çš„å‡½æ•°çš„ç»“æœã€‚Wys*æ˜¯ä¸€ä¸ªç”¨äº
                                                  å¼€å‘é¢å‘å¯é æ€§éªŒè¯...

You may provide a definition with
\DeclareUnicodeCharacter 


! Package inputenc Error: Unicode character å¼€ (U+5F00)
(inputenc)                not set up for use with LaTeX.

See the inputenc package documentation for explanation.
Type  H <return>  for immediate help.
 ...                                              
                                                  
l.23 ...š„å‡½æ•°çš„ç»“æœã€‚Wys*æ˜¯ä¸€ä¸ªç”¨äºå¼€
                                                  å‘é¢å‘å¯é æ€§éªŒè¯çš...

You may provide a definition with
\DeclareUnicodeCharacter 


! Package inputenc Error: Unicode character å‘ (U+53D1)
(inputenc)                not set up for use with LaTeX.

See the inputenc package documentation for explanation.
Type  H <return>  for immediate help.
 ...                                              
                                                  
l.23 ...‡½æ•°çš„ç»“æœã€‚Wys*æ˜¯ä¸€ä¸ªç”¨äºå¼€å‘
                                                  é¢å‘å¯é æ€§éªŒè¯çš„SM...

You may provide a definition with
\DeclareUnicodeCharacter 


! Package inputenc Error: Unicode character é¢ (U+9762)
(inputenc)                not set up for use with LaTeX.

See the inputenc package documentation for explanation.
Type  H <return>  for immediate help.
 ...                                              
                                                  
l.23 ...•°çš„ç»“æœã€‚Wys*æ˜¯ä¸€ä¸ªç”¨äºå¼€å‘é¢
                                                  å‘å¯é æ€§éªŒè¯çš„SMPCç...

You may provide a definition with
\DeclareUnicodeCharacter 


! Package inputenc Error: Unicode character å‘ (U+5411)
(inputenc)                not set up for use with LaTeX.

See the inputenc package documentation for explanation.
Type  H <return>  for immediate help.
 ...                                              
                                                  
l.23 ...š„ç»“æœã€‚Wys*æ˜¯ä¸€ä¸ªç”¨äºå¼€å‘é¢å‘
                                                  å¯é æ€§éªŒè¯çš„SMPCç¨‹å...

You may provide a definition with
\DeclareUnicodeCharacter 


! Package inputenc Error: Unicode character å¯ (U+53EF)
(inputenc)                not set up for use with LaTeX.

See the inputenc package documentation for explanation.
Type  H <return>  for immediate help.
 ...                                              
                                                  
l.23 ...»“æœã€‚Wys*æ˜¯ä¸€ä¸ªç”¨äºå¼€å‘é¢å‘å¯
                                                  é æ€§éªŒè¯çš„SMPCç¨‹åºç...

You may provide a definition with
\DeclareUnicodeCharacter 


! Package inputenc Error: Unicode character é  (U+9760)
(inputenc)                not set up for use with LaTeX.

See the inputenc package documentation for explanation.
Type  H <return>  for immediate help.
 ...                                              
                                                  
l.23 ...œã€‚Wys*æ˜¯ä¸€ä¸ªç”¨äºå¼€å‘é¢å‘å¯é 
                                                  æ€§éªŒè¯çš„SMPCç¨‹åºçš„é...
(That makes 100 errors; please try again.) 
Here is how much of TeX's memory you used:
 80 strings out of 480608
 984 string characters out of 5903109
 239638 words of memory out of 5000000
 16073 multiletter control sequences out of 15000+600000
 532338 words of font info for 24 fonts, out of 8000000 for 9000
 1141 hyphenation exceptions out of 8191
 12i,0n,15p,720b,18s stack positions out of 5000i,500n,10000p,200000b,80000s

No pages of output.
