Init MAX_DAY: 365241885 MIN_DAY: 1
Init Shanghaitech with 936082 Sist 30 as 341795961 days
Init check: 341795961 as Date: 936082 Sist 30
--- S pass_month : from 936082 Sist 30 + 5534003 months to Date: 936082 Sist 30
Sist                                
┌────┬────┬────┬────┬────┬────┬────┐
│ Sun│ Mon│Tues│ Wed│Thur│ Fri│ Sat│
├────┼────┼────┼────┼────┼────┼────┤
│    │    │ 01 │ 02 │ 03 │ 04 │ 05 │
├────┼────┼────┼────┼────┼────┼────┤
│ 06 │ 07 │ 08 │ 09 │ 0A │ 0B │ 0C │
├────┼────┼────┼────┼────┼────┼────┤
│ 0D │ 0E │ 0F │ 10 │ 11 │ 12 │ 13 │
├────┼────┼────┼────┼────┼────┼────┤
│ 14 │ 15 │ 16 │ 17 │ 18 │ 19 │ 1A │
├────┼────┼────┼────┼────┼────┼────┤
│ 1B │ 1C │ 1D │ 1E │ 1F │ 20 │ 21 │
├────┼────┼────┼────┼────┼────┼────┤
│ 22 │ 23 │ 24 │ 25 │ 26 │ 27 │    │
├────┼────┼────┼────┼────┼────┼────┤
│    │    │    │    │    │    │    │
└────┴────┴────┴────┴────┴────┴────┘
--- S pass_month : from 936082 Sist 30 + -5785756 months to Date: 302164 Spst 1
Feb                                 
┌────┬────┬────┬────┬────┬────┬────┐
│ Sun│ Mon│Tues│ Wed│Thur│ Fri│ Sat│
├────┼────┼────┼────┼────┼────┼────┤
│    │    │ 01 │ 02 │ 03 │ 04 │ 05 │
├────┼────┼────┼────┼────┼────┼────┤
│ 06 │ 07 │ 08 │ 09 │ 10 │ 11 │ 12 │
├────┼────┼────┼────┼────┼────┼────┤
│ 13 │ 14 │ 15 │ 16 │ 17 │ 18 │ 19 │
├────┼────┼────┼────┼────┼────┼────┤
│ 20 │ 21 │ 22 │ 23 │ 24 │ 25 │ 26 │
├────┼────┼────┼────┼────┼────┼────┤
│ 27 │ 28 │    │    │    │    │    │
├────┼────┼────┼────┼────┼────┼────┤
│    │    │    │    │    │    │    │
└────┴────┴────┴────┴────┴────┴────┘
--- G pass_year : from 302207 Feb 5 + -95681 years to Date: 206526 Jan 1
--- S pass_month : from 206472 Ihuman 37 + -4454550 months to Date: 206472 Ihuman 37
--- G pass_year : from 206526 Jan 1 + 369439 years to Date: 575965 Jan 1
--- S pass_month : from 576019 Sem 23 + -7224693 months to Date: 576019 Sem 23
--- G S pass_day : from 210366389 days + 39096228 to 249462617 days
--- G pass_month : from 683006 Nov 30 + -7108598 months to Date: 90623 Sep 1
--- S pass_year : from 90594 Ihuman 4 + -151639 years to Date: 90594 Ihuman 4
--- G pass_year : from 90623 Sep 1 + 472444 years to Date: 563067 Jan 1
--- G pass_year : from 563067 Jan 1 + -677336 years to Date: 563067 Jan 1
563125 Sca 20
--- G pass_month : from 563067 Jan 1 + 611317 months to Date: 614010 Feb 1
--- G S pass_day : from 224262061 days + -60684564 to 163577497 days
--- S pass_month : from 447847 Spst 29 + -2773705 months to Date: 144075 Sem 1
144075 Sem 1
--- G S pass_day : from 52635619 days + 94114734 to 146750353 days
--- G pass_year : from 401790 Feb 3 + 229888 years to Date: 631678 Jan 1
Sist                                 Spst                                 Slst                                
┌────┬────┬────┬────┬────┬────┬────┐ ┌────┬────┬────┬────┬────┬────┬────┐ ┌────┬────┬────┬────┬────┬────┬────┐
│ Sun│ Mon│Tues│ Wed│Thur│ Fri│ Sat│ │ Sun│ Mon│Tues│ Wed│Thur│ Fri│ Sat│ │ Sun│ Mon│Tues│ Wed│Thur│ Fri│ Sat│
├────┼────┼────┼────┼────┼────┼────┤ ├────┼────┼────┼────┼────┼────┼────┤ ├────┼────┼────┼────┼────┼────┼────┤
│ 01 │ 02 │ 03 │ 04 │ 05 │ 06 │ 07 │ │    │    │    │    │ 01 │ 02 │ 03 │ │    │    │    │ 01 │ 02 │ 03 │ 04 │
├────┼────┼────┼────┼────┼────┼────┤ ├────┼────┼────┼────┼────┼────┼────┤ ├────┼────┼────┼────┼────┼────┼────┤
│ 08 │ 09 │ 0A │ 0B │ 0C │ 0D │ 0E │ │ 04 │ 05 │ 06 │ 07 │ 08 │ 09 │ 0A │ │ 05 │ 06 │ 07 │ 08 │ 09 │ 0A │ 0B │
├────┼────┼────┼────┼────┼────┼────┤ ├────┼────┼────┼────┼────┼────┼────┤ ├────┼────┼────┼────┼────┼────┼────┤
│ 0F │ 10 │ 11 │ 12 │ 13 │ 14 │ 15 │ │ 0B │ 0C │ 0D │ 0E │ 0F │ 10 │ 11 │ │ 0C │ 0D │ 0E │ 0F │ 10 │ 11 │ 12 │
├────┼────┼────┼────┼────┼────┼────┤ ├────┼────┼────┼────┼────┼────┼────┤ ├────┼────┼────┼────┼────┼────┼────┤
│ 16 │ 17 │ 18 │ 19 │ 1A │ 1B │ 1C │ │ 12 │ 13 │ 14 │ 15 │ 16 │ 17 │ 18 │ │ 13 │ 14 │ 15 │ 16 │ 17 │ 18 │ 19 │
├────┼────┼────┼────┼────┼────┼────┤ ├────┼────┼────┼────┼────┼────┼────┤ ├────┼────┼────┼────┼────┼────┼────┤
│ 1D │ 1E │ 1F │ 20 │ 21 │ 22 │ 23 │ │ 19 │ 1A │ 1B │ 1C │ 1D │ 1E │ 1F │ │ 1A │ 1B │ 1C │ 1D │ 1E │ 1F │ 20 │
├────┼────┼────┼────┼────┼────┼────┤ ├────┼────┼────┼────┼────┼────┼────┤ ├────┼────┼────┼────┼────┼────┼────┤
│ 24 │ 25 │ 26 │ 27 │    │    │    │ │ 20 │ 21 │ 22 │ 23 │ 24 │ 25 │ 26 │ │ 21 │ 22 │ 23 │ 24 │ 25 │ 26 │ 27 │
├────┼────┼────┼────┼────┼────┼────┤ ├────┼────┼────┼────┼────┼────┼────┤ ├────┼────┼────┼────┼────┼────┼────┤
│    │    │    │    │    │    │    │ │ 27 │ 28 │ 29 │    │    │    │    │ │ 28 │    │    │    │    │    │    │
└────┴────┴────┴────┴────┴────┴────┘ └────┴────┴────┴────┴────┴────┴────┘ └────┴────┴────┴────┴────┴────┴────┘
Sem                                  Sca                                  Ims                                 
┌────┬────┬────┬────┬────┬────┬────┐ ┌────┬────┬────┬────┬────┬────┬────┐ ┌────┬────┬────┬────┬────┬────┬────┐
│ Sun│ Mon│Tues│ Wed│Thur│ Fri│ Sat│ │ Sun│ Mon│Tues│ Wed│Thur│ Fri│ Sat│ │ Sun│ Mon│Tues│ Wed│Thur│ Fri│ Sat│
├────┼────┼────┼────┼────┼────┼────┤ ├────┼────┼────┼────┼────┼────┼────┤ ├────┼────┼────┼────┼────┼────┼────┤
│    │ 01 │ 02 │ 03 │ 04 │ 05 │ 06 │ │    │    │    │    │    │ 01 │ 02 │ │    │    │    │    │ 01 │ 02 │ 03 │
├────┼────┼────┼────┼────┼────┼────┤ ├────┼────┼────┼────┼────┼────┼────┤ ├────┼────┼────┼────┼────┼────┼────┤
│ 07 │ 08 │ 09 │ 0A │ 0B │ 0C │ 0D │ │ 03 │ 04 │ 05 │ 06 │ 07 │ 08 │ 09 │ │ 04 │ 05 │ 06 │ 07 │ 08 │ 09 │ 0A │
├────┼────┼────┼────┼────┼────┼────┤ ├────┼────┼────┼────┼────┼────┼────┤ ├────┼────┼────┼────┼────┼────┼────┤
│ 0E │ 0F │ 10 │ 11 │ 12 │ 13 │ 14 │ │ 0A │ 0B │ 0C │ 0D │ 0E │ 0F │ 10 │ │ 0B │ 0C │ 0D │ 0E │ 0F │ 10 │ 11 │
├────┼────┼────┼────┼────┼────┼────┤ ├────┼────┼────┼────┼────┼────┼────┤ ├────┼────┼────┼────┼────┼────┼────┤
│ 15 │ 16 │ 17 │ 18 │ 19 │ 1A │ 1B │ │ 11 │ 12 │ 13 │ 14 │ 15 │ 16 │ 17 │ │ 12 │ 13 │ 14 │ 15 │ 16 │ 17 │ 18 │
├────┼────┼────┼────┼────┼────┼────┤ ├────┼────┼────┼────┼────┼────┼────┤ ├────┼────┼────┼────┼────┼────┼────┤
│ 1C │ 1D │ 1E │ 1F │ 20 │ 21 │ 22 │ │ 18 │ 19 │ 1A │ 1B │ 1C │ 1D │ 1E │ │ 19 │ 1A │ 1B │ 1C │ 1D │ 1E │ 1F │
├────┼────┼────┼────┼────┼────┼────┤ ├────┼────┼────┼────┼────┼────┼────┤ ├────┼────┼────┼────┼────┼────┼────┤
│ 23 │ 24 │ 25 │ 26 │ 27 │    │    │ │ 1F │ 20 │ 21 │ 22 │ 23 │ 24 │ 25 │ │ 20 │ 21 │ 22 │ 23 │ 24 │ 25 │ 26 │
├────┼────┼────┼────┼────┼────┼────┤ ├────┼────┼────┼────┼────┼────┼────┤ ├────┼────┼────┼────┼────┼────┼────┤
│    │    │    │    │    │    │    │ │ 26 │ 27 │ 28 │ 29 │    │    │    │ │ 27 │ 28 │    │    │    │    │    │
└────┴────┴────┴────┴────┴────┴────┘ └────┴────┴────┴────┴────┴────┴────┘ └────┴────┴────┴────┴────┴────┴────┘
Ihuman                               Siais                                Ih                                  
┌────┬────┬────┬────┬────┬────┬────┐ ┌────┬────┬────┬────┬────┬────┬────┐ ┌────┬────┬────┬────┬────┬────┬────┐
│ Sun│ Mon│Tues│ Wed│Thur│ Fri│ Sat│ │ Sun│ Mon│Tues│ Wed│Thur│ Fri│ Sat│ │ Sun│ Mon│Tues│ Wed│Thur│ Fri│ Sat│
├────┼────┼────┼────┼────┼────┼────┤ ├────┼────┼────┼────┼────┼────┼────┤ ├────┼────┼────┼────┼────┼────┼────┤
│    │    │ 01 │ 02 │ 03 │ 04 │ 05 │ │    │    │    │    │    │    │ 01 │ │    │    │    │    │    │ 01 │ 02 │
├────┼────┼────┼────┼────┼────┼────┤ ├────┼────┼────┼────┼────┼────┼────┤ ├────┼────┼────┼────┼────┼────┼────┤
│ 06 │ 07 │ 08 │ 09 │ 0A │ 0B │ 0C │ │ 02 │ 03 │ 04 │ 05 │ 06 │ 07 │ 08 │ │ 03 │ 04 │ 05 │ 06 │ 07 │ 08 │ 09 │
├────┼────┼────┼────┼────┼────┼────┤ ├────┼────┼────┼────┼────┼────┼────┤ ├────┼────┼────┼────┼────┼────┼────┤
│ 0D │ 0E │ 0F │ 10 │ 11 │ 12 │ 13 │ │ 09 │ 0A │ 0B │ 0C │ 0D │ 0E │ 0F │ │ 0A │ 0B │ 0C │ 0D │ 0E │ 0F │ 10 │
├────┼────┼────┼────┼────┼────┼────┤ ├────┼────┼────┼────┼────┼────┼────┤ ├────┼────┼────┼────┼────┼────┼────┤
│ 14 │ 15 │ 16 │ 17 │ 18 │ 19 │ 1A │ │ 10 │ 11 │ 12 │ 13 │ 14 │ 15 │ 16 │ │ 11 │ 12 │ 13 │ 14 │ 15 │ 16 │ 17 │
├────┼────┼────┼────┼────┼────┼────┤ ├────┼────┼────┼────┼────┼────┼────┤ ├────┼────┼────┼────┼────┼────┼────┤
│ 1B │ 1C │ 1D │ 1E │ 1F │ 20 │ 21 │ │ 17 │ 18 │ 19 │ 1A │ 1B │ 1C │ 1D │ │ 18 │ 19 │ 1A │ 1B │ 1C │ 1D │ 1E │
├────┼────┼────┼────┼────┼────┼────┤ ├────┼────┼────┼────┼────┼────┼────┤ ├────┼────┼────┼────┼────┼────┼────┤
│ 22 │ 23 │ 24 │ 25 │ 26 │ 27 │    │ │ 1E │ 1F │ 20 │ 21 │ 22 │ 23 │ 24 │ │ 1F │ 20 │ 21 │ 22 │ 23 │ 24 │ 25 │
├────┼────┼────┼────┼────┼────┼────┤ ├────┼────┼────┼────┼────┼────┼────┤ ├────┼────┼────┼────┼────┼────┼────┤
│    │    │    │    │    │    │    │ │ 25 │ 26 │ 27 │ 28 │ 29 │    │    │ │ 26 │ 27 │ 28 │    │    │    │    │
└────┴────┴────┴────┴────┴────┴────┘ └────┴────┴────┴────┴────┴────┴────┘ └────┴────┴────┴────┴────┴────┴────┘
--- G S pass_day : from 230715131 days + 39618913 to 270334044 days
--- G pass_month : from 740150 Dec 24 + 4292022 months to Date: 740150 Dec 24
--- S pass_year : from 740259 Ih 9 + 865436 years to Date: 740259 Ih 9
--- G pass_year : from 740150 Dec 24 + -370446 years to Date: 369704 Jan 1
--- G pass_month : from 369704 Jan 1 + 4335388 months to Date: 730986 May 1
--- G S pass_day : from 266986728 days + -78859374 to 188127354 days
--- S pass_year : from 515134 Ihuman 7 + 368410 years to Date: 883544 Sist 1
--- S pass_year : from 883544 Sist 1 + -73312 years to Date: 810232 Sist 1
--- S pass_year : from 810232 Sist 1 + 537915 years to Date: 810232 Sist 1
--- G S pass_day : from 295869181 days + 24141828 to 320011009 days
--- S pass_month : from 876371 SPST 2 + -6202403 months to Date: 196888 Sem 1
--- S pass_year : from 196888 Sem 1 + -514131 years to Date: 196888 Sem 1
--- G pass_month : from 196934 Sep 3 + 2179762 months to Date: 378581 Jul 1
--- G pass_month : from 378581 Jul 1 + -8812372 months to Date: 378581 Jul 1
--- G S pass_day : from 101657019 days + -1295486 to 100361533 days
--- G S pass_day : from 100361533 days + 72935205 to 173296738 days
--- G pass_year : from 474471 Sep 4 + -97076 years to Date: 377395 Jan 1
--- G S pass_day : from 137840235 days + 96483817 to 234324052 days
--- G S pass_day : from 234324052 days + -45124781 to 189199271 days
--- G pass_year : from 518011 May 13 + 435074 years to Date: 953085 Jan 1
--- G S pass_day : from 348106546 days + -43845532 to 304261014 days
--- G S pass_day : from 304261014 days + 35869394 to 340130408 days
--- G pass_year : from 931247 Jan 23 + -304927 years to Date: 626320 Jan 1
--- G S pass_day : from 228758161 days + 3465832 to 232223993 days
Feb                                 
┌────┬────┬────┬────┬────┬────┬────┐
│ Sun│ Mon│Tues│ Wed│Thur│ Fri│ Sat│
├────┼────┼────┼────┼────┼────┼────┤
│    │    │    │    │    │    │ 01 │
├────┼────┼────┼────┼────┼────┼────┤
│ 02 │ 03 │ 04 │ 05 │ 06 │ 07 │ 08 │
├────┼────┼────┼────┼────┼────┼────┤
│ 09 │ 10 │ 11 │ 12 │ 13 │ 14 │ 15 │
├────┼────┼────┼────┼────┼────┼────┤
│ 16 │ 17 │ 18 │ 19 │ 20 │ 21 │ 22 │
├────┼────┼────┼────┼────┼────┼────┤
│ 23 │ 24 │ 25 │ 26 │ 27 │ 28 │    │
├────┼────┼────┼────┼────┼────┼────┤
│    │    │    │    │    │    │    │
└────┴────┴────┴────┴────┴────┴────┘
--- G S pass_day : from 232223993 days + -74495400 to 157728593 days
--- S pass_month : from 431824 Sem 20 + -6774317 months to Date: 431824 Sem 20
--- G S pass_day : from 157728593 days + -11853522 to 145875071 days
--- G pass_year : from 399393 Aug 25 + 756885 years to Date: 399393 Aug 25
--- G pass_year : from 399393 Aug 25 + 436360 years to Date: 835753 Jan 1
--- G pass_year : from 835753 Jan 1 + 499961 years to Date: 835753 Jan 1
--- S pass_year : from 835932 Ihuman 20 + -778331 years to Date: 57601 Sist 1
--- G S pass_day : from 288827519 days + 57616200 to 346443719 days
--- S pass_month : from 948824 Sist 38 + -2684768 months to Date: 654603 Ih 1
--- S pass_year : from 654603 Ih 1 + 498910 years to Date: 654603 Ih 1
--- G pass_year : from 654522 Mar 20 + 286329 years to Date: 940851 Jan 1
Sist                                 Spst                                 Slst                                
┌────┬────┬────┬────┬────┬────┬────┐ ┌────┬────┬────┬────┬────┬────┬────┐ ┌────┬────┬────┬────┬────┬────┬────┐
│ Sun│ Mon│Tues│ Wed│Thur│ Fri│ Sat│ │ Sun│ Mon│Tues│ Wed│Thur│ Fri│ Sat│ │ Sun│ Mon│Tues│ Wed│Thur│ Fri│ Sat│
├────┼────┼────┼────┼────┼────┼────┤ ├────┼────┼────┼────┼────┼────┼────┤ ├────┼────┼────┼────┼────┼────┼────┤
│    │    │ 01 │ 02 │ 03 │ 04 │ 05 │ │    │ 01 │ 02 │ 03 │ 04 │ 05 │ 06 │ │    │    │    │    │    │    │ 01 │
├────┼────┼────┼────┼────┼────┼────┤ ├────┼────┼────┼────┼────┼────┼────┤ ├────┼────┼────┼────┼────┼────┼────┤
│ 06 │ 07 │ 08 │ 09 │ 0A │ 0B │ 0C │ │ 07 │ 08 │ 09 │ 0A │ 0B │ 0C │ 0D │ │ 02 │ 03 │ 04 │ 05 │ 06 │ 07 │ 08 │
├────┼────┼────┼────┼────┼────┼────┤ ├────┼────┼────┼────┼────┼────┼────┤ ├────┼────┼────┼────┼────┼────┼────┤
│ 0D │ 0E │ 0F │ 10 │ 11 │ 12 │ 13 │ │ 0E │ 0F │ 10 │ 11 │ 12 │ 13 │ 14 │ │ 09 │ 0A │ 0B │ 0C │ 0D │ 0E │ 0F │
├────┼────┼────┼────┼────┼────┼────┤ ├────┼────┼────┼────┼────┼────┼────┤ ├────┼────┼────┼────┼────┼────┼────┤
│ 14 │ 15 │ 16 │ 17 │ 18 │ 19 │ 1A │ │ 15 │ 16 │ 17 │ 18 │ 19 │ 1A │ 1B │ │ 10 │ 11 │ 12 │ 13 │ 14 │ 15 │ 16 │
├────┼────┼────┼────┼────┼────┼────┤ ├────┼────┼────┼────┼────┼────┼────┤ ├────┼────┼────┼────┼────┼────┼────┤
│ 1B │ 1C │ 1D │ 1E │ 1F │ 20 │ 21 │ │ 1C │ 1D │ 1E │ 1F │ 20 │ 21 │ 22 │ │ 17 │ 18 │ 19 │ 1A │ 1B │ 1C │ 1D │
├────┼────┼────┼────┼────┼────┼────┤ ├────┼────┼────┼────┼────┼────┼────┤ ├────┼────┼────┼────┼────┼────┼────┤
│ 22 │ 23 │ 24 │ 25 │ 26 │ 27 │ 28 │ │ 23 │ 24 │ 25 │ 26 │ 27 │ 28 │    │ │ 1E │ 1F │ 20 │ 21 │ 22 │ 23 │ 24 │
├────┼────┼────┼────┼────┼────┼────┤ ├────┼────┼────┼────┼────┼────┼────┤ ├────┼────┼────┼────┼────┼────┼────┤
│ 29 │    │    │    │    │    │    │ │    │    │    │    │    │    │    │ │ 25 │ 26 │ 27 │    │    │    │    │
└────┴────┴────┴────┴────┴────┴────┘ └────┴────┴────┴────┴────┴────┴────┘ └────┴────┴────┴────┴────┴────┴────┘
Sem                                  Sca                                  Ims                                 
┌────┬────┬────┬────┬────┬────┬────┐ ┌────┬────┬────┬────┬────┬────┬────┐ ┌────┬────┬────┬────┬────┬────┬────┐
│ Sun│ Mon│Tues│ Wed│Thur│ Fri│ Sat│ │ Sun│ Mon│Tues│ Wed│Thur│ Fri│ Sat│ │ Sun│ Mon│Tues│ Wed│Thur│ Fri│ Sat│
├────┼────┼────┼────┼────┼────┼────┤ ├────┼────┼────┼────┼────┼────┼────┤ ├────┼────┼────┼────┼────┼────┼────┤
│    │    │    │ 01 │ 02 │ 03 │ 04 │ │    │    │ 01 │ 02 │ 03 │ 04 │ 05 │ │ 01 │ 02 │ 03 │ 04 │ 05 │ 06 │ 07 │
├────┼────┼────┼────┼────┼────┼────┤ ├────┼────┼────┼────┼────┼────┼────┤ ├────┼────┼────┼────┼────┼────┼────┤
│ 05 │ 06 │ 07 │ 08 │ 09 │ 0A │ 0B │ │ 06 │ 07 │ 08 │ 09 │ 0A │ 0B │ 0C │ │ 08 │ 09 │ 0A │ 0B │ 0C │ 0D │ 0E │
├────┼────┼────┼────┼────┼────┼────┤ ├────┼────┼────┼────┼────┼────┼────┤ ├────┼────┼────┼────┼────┼────┼────┤
│ 0C │ 0D │ 0E │ 0F │ 10 │ 11 │ 12 │ │ 0D │ 0E │ 0F │ 10 │ 11 │ 12 │ 13 │ │ 0F │ 10 │ 11 │ 12 │ 13 │ 14 │ 15 │
├────┼────┼────┼────┼────┼────┼────┤ ├────┼────┼────┼────┼────┼────┼────┤ ├────┼────┼────┼────┼────┼────┼────┤
│ 13 │ 14 │ 15 │ 16 │ 17 │ 18 │ 19 │ │ 14 │ 15 │ 16 │ 17 │ 18 │ 19 │ 1A │ │ 16 │ 17 │ 18 │ 19 │ 1A │ 1B │ 1C │
├────┼────┼────┼────┼────┼────┼────┤ ├────┼────┼────┼────┼────┼────┼────┤ ├────┼────┼────┼────┼────┼────┼────┤
│ 1A │ 1B │ 1C │ 1D │ 1E │ 1F │ 20 │ │ 1B │ 1C │ 1D │ 1E │ 1F │ 20 │ 21 │ │ 1D │ 1E │ 1F │ 20 │ 21 │ 22 │ 23 │
├────┼────┼────┼────┼────┼────┼────┤ ├────┼────┼────┼────┼────┼────┼────┤ ├────┼────┼────┼────┼────┼────┼────┤
│ 21 │ 22 │ 23 │ 24 │ 25 │ 26 │ 27 │ │ 22 │ 23 │ 24 │ 25 │ 26 │ 27 │ 28 │ │ 24 │ 25 │ 26 │ 27 │    │    │    │
├────┼────┼────┼────┼────┼────┼────┤ ├────┼────┼────┼────┼────┼────┼────┤ ├────┼────┼────┼────┼────┼────┼────┤
│ 28 │ 29 │    │    │    │    │    │ │    │    │    │    │    │    │    │ │    │    │    │    │    │    │    │
└────┴────┴────┴────┴────┴────┴────┘ └────┴────┴────┴────┴────┴────┴────┘ └────┴────┴────┴────┴────┴────┴────┘
Ihuman                               Siais                                Ih                                  
┌────┬────┬────┬────┬────┬────┬────┐ ┌────┬────┬────┬────┬────┬────┬────┐ ┌────┬────┬────┬────┬────┬────┬────┐
│ Sun│ Mon│Tues│ Wed│Thur│ Fri│ Sat│ │ Sun│ Mon│Tues│ Wed│Thur│ Fri│ Sat│ │ Sun│ Mon│Tues│ Wed│Thur│ Fri│ Sat│
├────┼────┼────┼────┼────┼────┼────┤ ├────┼────┼────┼────┼────┼────┼────┤ ├────┼────┼────┼────┼────┼────┼────┤
│    │    │    │    │ 01 │ 02 │ 03 │ │    │    │    │ 01 │ 02 │ 03 │ 04 │ │    │ 01 │ 02 │ 03 │ 04 │ 05 │ 06 │
├────┼────┼────┼────┼────┼────┼────┤ ├────┼────┼────┼────┼────┼────┼────┤ ├────┼────┼────┼────┼────┼────┼────┤
│ 04 │ 05 │ 06 │ 07 │ 08 │ 09 │ 0A │ │ 05 │ 06 │ 07 │ 08 │ 09 │ 0A │ 0B │ │ 07 │ 08 │ 09 │ 0A │ 0B │ 0C │ 0D │
├────┼────┼────┼────┼────┼────┼────┤ ├────┼────┼────┼────┼────┼────┼────┤ ├────┼────┼────┼────┼────┼────┼────┤
│ 0B │ 0C │ 0D │ 0E │ 0F │ 10 │ 11 │ │ 0C │ 0D │ 0E │ 0F │ 10 │ 11 │ 12 │ │ 0E │ 0F │ 10 │ 11 │ 12 │ 13 │ 14 │
├────┼────┼────┼────┼────┼────┼────┤ ├────┼────┼────┼────┼────┼────┼────┤ ├────┼────┼────┼────┼────┼────┼────┤
│ 12 │ 13 │ 14 │ 15 │ 16 │ 17 │ 18 │ │ 13 │ 14 │ 15 │ 16 │ 17 │ 18 │ 19 │ │ 15 │ 16 │ 17 │ 18 │ 19 │ 1A │ 1B │
├────┼────┼────┼────┼────┼────┼────┤ ├────┼────┼────┼────┼────┼────┼────┤ ├────┼────┼────┼────┼────┼────┼────┤
│ 19 │ 1A │ 1B │ 1C │ 1D │ 1E │ 1F │ │ 1A │ 1B │ 1C │ 1D │ 1E │ 1F │ 20 │ │ 1C │ 1D │ 1E │ 1F │ 20 │ 21 │ 22 │
├────┼────┼────┼────┼────┼────┼────┤ ├────┼────┼────┼────┼────┼────┼────┤ ├────┼────┼────┼────┼────┼────┼────┤
│ 20 │ 21 │ 22 │ 23 │ 24 │ 25 │ 26 │ │ 21 │ 22 │ 23 │ 24 │ 25 │ 26 │ 27 │ │ 23 │ 24 │ 25 │ 26 │ 27 │    │    │
├────┼────┼────┼────┼────┼────┼────┤ ├────┼────┼────┼────┼────┼────┼────┤ ├────┼────┼────┼────┼────┼────┼────┤
│ 27 │ 28 │ 29 │    │    │    │    │ │ 28 │    │    │    │    │    │    │ │    │    │    │    │    │    │    │
└────┴────┴────┴────┴────┴────┴────┘ └────┴────┴────┴────┴────┴────┴────┘ └────┴────┴────┴────┴────┴────┴────┘
--- G S pass_day : from 244064227 days + 48487445 to 292551672 days
--- G S pass_day : from 292551672 days + 66317036 to 358868708 days
--- G S pass_day : from 358868708 days + -72148797 to 286719911 days
Dec                                 
┌────┬────┬────┬────┬────┬────┬────┐
│ Sun│ Mon│Tues│ Wed│Thur│ Fri│ Sat│
├────┼────┼────┼────┼────┼────┼────┤
│    │    │    │ 01 │ 02 │ 03 │ 04 │
├────┼────┼────┼────┼────┼────┼────┤
│ 05 │ 06 │ 07 │ 08 │ 09 │ 10 │ 11 │
├────┼────┼────┼────┼────┼────┼────┤
│ 12 │ 13 │ 14 │ 15 │ 16 │ 17 │ 18 │
├────┼────┼────┼────┼────┼────┼────┤
│ 19 │ 20 │ 21 │ 22 │ 23 │ 24 │ 25 │
├────┼────┼────┼────┼────┼────┼────┤
│ 26 │ 27 │ 28 │ 29 │ 30 │ 31 │    │
├────┼────┼────┼────┼────┼────┼────┤
│    │    │    │    │    │    │    │
└────┴────┴────┴────┴────┴────┴────┘
--- G S pass_day : from 286719911 days + 68732653 to 355452564 days
--- G pass_year : from 973197 Sep 24 + -524592 years to Date: 448605 Jan 1
--- G S pass_day : from 163849135 days + 54525545 to 218374680 days
Sist                                 Spst                                 SPST                                
┌────┬────┬────┬────┬────┬────┬────┐ ┌────┬────┬────┬────┬────┬────┬────┐ ┌────┬────┬────┬────┬────┬────┬────┐
│ Sun│ Mon│Tues│ Wed│Thur│ Fri│ Sat│ │ Sun│ Mon│Tues│ Wed│Thur│ Fri│ Sat│ │ Sun│ Mon│Tues│ Wed│Thur│ Fri│ Sat│
├────┼────┼────┼────┼────┼────┼────┤ ├────┼────┼────┼────┼────┼────┼────┤ ├────┼────┼────┼────┼────┼────┼────┤
│    │    │    │    │ 01 │ 02 │ 03 │ │    │    │ 01 │ 02 │ 03 │ 04 │ 05 │ │    │    │    │    │    │    │ 01 │
├────┼────┼────┼────┼────┼────┼────┤ ├────┼────┼────┼────┼────┼────┼────┤ ├────┼────┼────┼────┼────┼────┼────┤
│ 04 │ 05 │ 06 │ 07 │ 08 │ 09 │ 0A │ │ 06 │ 07 │ 08 │ 09 │ 0A │ 0B │ 0C │ │ 02 │ 03 │ 04 │ 05 │ 06 │ 07 │ 08 │
├────┼────┼────┼────┼────┼────┼────┤ ├────┼────┼────┼────┼────┼────┼────┤ ├────┼────┼────┼────┼────┼────┼────┤
│ 0B │ 0C │ 0D │ 0E │ 0F │ 10 │ 11 │ │ 0D │ 0E │ 0F │ 10 │ 11 │ 12 │ 13 │ │ 09 │ 0A │ 0B │ 0C │ 0D │ 0E │ 0F │
├────┼────┼────┼────┼────┼────┼────┤ ├────┼────┼────┼────┼────┼────┼────┤ ├────┼────┼────┼────┼────┼────┼────┤
│ 12 │ 13 │ 14 │ 15 │ 16 │ 17 │ 18 │ │ 14 │ 15 │ 16 │ 17 │ 18 │ 19 │ 1A │ │ 10 │ 11 │ 12 │ 13 │ 14 │ 15 │ 16 │
├────┼────┼────┼────┼────┼────┼────┤ ├────┼────┼────┼────┼────┼────┼────┤ ├────┼────┼────┼────┼────┼────┼────┤
│ 19 │ 1A │ 1B │ 1C │ 1D │ 1E │ 1F │ │ 1B │ 1C │ 1D │ 1E │ 1F │ 20 │ 21 │ │ 17 │ 18 │ 19 │ 1A │ 1B │ 1C │ 1D │
├────┼────┼────┼────┼────┼────┼────┤ ├────┼────┼────┼────┼────┼────┼────┤ ├────┼────┼────┼────┼────┼────┼────┤
│ 20 │ 21 │ 22 │ 23 │ 24 │ 25 │ 26 │ │ 22 │ 23 │ 24 │ 25 │ 26 │ 27 │    │ │ 1E │ 1F │ 20 │ 21 │ 22 │ 23 │ 24 │
├────┼────┼────┼────┼────┼────┼────┤ ├────┼────┼────┼────┼────┼────┼────┤ ├────┼────┼────┼────┼────┼────┼────┤
│ 27 │ 28 │    │    │    │    │    │ │    │    │    │    │    │    │    │ │ 25 │ 26 │ 27 │    │    │    │    │
└────┴────┴────┴────┴────┴────┴────┘ └────┴────┴────┴────┴────┴────┴────┘ └────┴────┴────┴────┴────┴────┴────┘
Slst                                 Sem                                  Sca                                 
┌────┬────┬────┬────┬────┬────┬────┐ ┌────┬────┬────┬────┬────┬────┬────┐ ┌────┬────┬────┬────┬────┬────┬────┐
│ Sun│ Mon│Tues│ Wed│Thur│ Fri│ Sat│ │ Sun│ Mon│Tues│ Wed│Thur│ Fri│ Sat│ │ Sun│ Mon│Tues│ Wed│Thur│ Fri│ Sat│
├────┼────┼────┼────┼────┼────┼────┤ ├────┼────┼────┼────┼────┼────┼────┤ ├────┼────┼────┼────┼────┼────┼────┤
│    │    │    │ 01 │ 02 │ 03 │ 04 │ │    │    │ 01 │ 02 │ 03 │ 04 │ 05 │ │ 01 │ 02 │ 03 │ 04 │ 05 │ 06 │ 07 │
├────┼────┼────┼────┼────┼────┼────┤ ├────┼────┼────┼────┼────┼────┼────┤ ├────┼────┼────┼────┼────┼────┼────┤
│ 05 │ 06 │ 07 │ 08 │ 09 │ 0A │ 0B │ │ 06 │ 07 │ 08 │ 09 │ 0A │ 0B │ 0C │ │ 08 │ 09 │ 0A │ 0B │ 0C │ 0D │ 0E │
├────┼────┼────┼────┼────┼────┼────┤ ├────┼────┼────┼────┼────┼────┼────┤ ├────┼────┼────┼────┼────┼────┼────┤
│ 0C │ 0D │ 0E │ 0F │ 10 │ 11 │ 12 │ │ 0D │ 0E │ 0F │ 10 │ 11 │ 12 │ 13 │ │ 0F │ 10 │ 11 │ 12 │ 13 │ 14 │ 15 │
├────┼────┼────┼────┼────┼────┼────┤ ├────┼────┼────┼────┼────┼────┼────┤ ├────┼────┼────┼────┼────┼────┼────┤
│ 13 │ 14 │ 15 │ 16 │ 17 │ 18 │ 19 │ │ 14 │ 15 │ 16 │ 17 │ 18 │ 19 │ 1A │ │ 16 │ 17 │ 18 │ 19 │ 1A │ 1B │ 1C │
├────┼────┼────┼────┼────┼────┼────┤ ├────┼────┼────┼────┼────┼────┼────┤ ├────┼────┼────┼────┼────┼────┼────┤
│ 1A │ 1B │ 1C │ 1D │ 1E │ 1F │ 20 │ │ 1B │ 1C │ 1D │ 1E │ 1F │ 20 │ 21 │ │ 1D │ 1E │ 1F │ 20 │ 21 │ 22 │ 23 │
├────┼────┼────┼────┼────┼────┼────┤ ├────┼────┼────┼────┼────┼────┼────┤ ├────┼────┼────┼────┼────┼────┼────┤
│ 21 │ 22 │ 23 │ 24 │ 25 │ 26 │ 27 │ │ 22 │ 23 │ 24 │ 25 │ 26 │ 27 │ 28 │ │ 24 │ 25 │ 26 │ 27 │    │    │    │
├────┼────┼────┼────┼────┼────┼────┤ ├────┼────┼────┼────┼────┼────┼────┤ ├────┼────┼────┼────┼────┼────┼────┤
│ 28 │ 29 │    │    │    │    │    │ │    │    │    │    │    │    │    │ │    │    │    │    │    │    │    │
└────┴────┴────┴────┴────┴────┴────┘ └────┴────┴────┴────┴────┴────┴────┘ └────┴────┴────┴────┴────┴────┴────┘
Ims                                  Ihuman                               Siais                               
┌────┬────┬────┬────┬────┬────┬────┐ ┌────┬────┬────┬────┬────┬────┬────┐ ┌────┬────┬────┬────┬────┬────┬────┐
│ Sun│ Mon│Tues│ Wed│Thur│ Fri│ Sat│ │ Sun│ Mon│Tues│ Wed│Thur│ Fri│ Sat│ │ Sun│ Mon│Tues│ Wed│Thur│ Fri│ Sat│
├────┼────┼────┼────┼────┼────┼────┤ ├────┼────┼────┼────┼────┼────┼────┤ ├────┼────┼────┼────┼────┼────┼────┤
│    │    │    │    │ 01 │ 02 │ 03 │ │    │    │    │ 01 │ 02 │ 03 │ 04 │ │    │ 01 │ 02 │ 03 │ 04 │ 05 │ 06 │
├────┼────┼────┼────┼────┼────┼────┤ ├────┼────┼────┼────┼────┼────┼────┤ ├────┼────┼────┼────┼────┼────┼────┤
│ 04 │ 05 │ 06 │ 07 │ 08 │ 09 │ 0A │ │ 05 │ 06 │ 07 │ 08 │ 09 │ 0A │ 0B │ │ 07 │ 08 │ 09 │ 0A │ 0B │ 0C │ 0D │
├────┼────┼────┼────┼────┼────┼────┤ ├────┼────┼────┼────┼────┼────┼────┤ ├────┼────┼────┼────┼────┼────┼────┤
│ 0B │ 0C │ 0D │ 0E │ 0F │ 10 │ 11 │ │ 0C │ 0D │ 0E │ 0F │ 10 │ 11 │ 12 │ │ 0E │ 0F │ 10 │ 11 │ 12 │ 13 │ 14 │
├────┼────┼────┼────┼────┼────┼────┤ ├────┼────┼────┼────┼────┼────┼────┤ ├────┼────┼────┼────┼────┼────┼────┤
│ 12 │ 13 │ 14 │ 15 │ 16 │ 17 │ 18 │ │ 13 │ 14 │ 15 │ 16 │ 17 │ 18 │ 19 │ │ 15 │ 16 │ 17 │ 18 │ 19 │ 1A │ 1B │
├────┼────┼────┼────┼────┼────┼────┤ ├────┼────┼────┼────┼────┼────┼────┤ ├────┼────┼────┼────┼────┼────┼────┤
│ 19 │ 1A │ 1B │ 1C │ 1D │ 1E │ 1F │ │ 1A │ 1B │ 1C │ 1D │ 1E │ 1F │ 20 │ │ 1C │ 1D │ 1E │ 1F │ 20 │ 21 │ 22 │
├────┼────┼────┼────┼────┼────┼────┤ ├────┼────┼────┼────┼────┼────┼────┤ ├────┼────┼────┼────┼────┼────┼────┤
│ 20 │ 21 │ 22 │ 23 │ 24 │ 25 │ 26 │ │ 21 │ 22 │ 23 │ 24 │ 25 │ 26 │ 27 │ │ 23 │ 24 │ 25 │ 26 │ 27 │    │    │
├────┼────┼────┼────┼────┼────┼────┤ ├────┼────┼────┼────┼────┼────┼────┤ ├────┼────┼────┼────┼────┼────┼────┤
│ 27 │ 28 │ 29 │    │    │    │    │ │ 28 │    │    │    │    │    │    │ │    │    │    │    │    │    │    │
└────┴────┴────┴────┴────┴────┴────┘ └────┴────┴────┴────┴────┴────┴────┘ └────┴────┴────┴────┴────┴────┴────┘
Ih                                  
┌────┬────┬────┬────┬────┬────┬────┐
│ Sun│ Mon│Tues│ Wed│Thur│ Fri│ Sat│
├────┼────┼────┼────┼────┼────┼────┤
│    │    │    │    │    │ 01 │ 02 │
├────┼────┼────┼────┼────┼────┼────┤
│ 03 │ 04 │ 05 │ 06 │ 07 │ 08 │ 09 │
├────┼────┼────┼────┼────┼────┼────┤
│ 0A │ 0B │ 0C │ 0D │ 0E │ 0F │ 10 │
├────┼────┼────┼────┼────┼────┼────┤
│ 11 │ 12 │ 13 │ 14 │ 15 │ 16 │ 17 │
├────┼────┼────┼────┼────┼────┼────┤
│ 18 │ 19 │ 1A │ 1B │ 1C │ 1D │ 1E │
├────┼────┼────┼────┼────┼────┼────┤
│ 1F │ 20 │ 21 │ 22 │ 23 │ 24 │ 25 │
├────┼────┼────┼────┼────┼────┼────┤
│ 26 │ 27 │ 28 │ 29 │    │    │    │
└────┴────┴────┴────┴────┴────┴────┘
--- G pass_year : from 597890 Dec 22 + 302773 years to Date: 900663 Jan 1
--- S pass_year : from 900904 Sca 30 + 737231 years to Date: 900904 Sca 30
--- G S pass_day : from 328959816 days + -51331298 to 277628518 days
--- S pass_month : from 760679 Slst 13 + 8696078 months to Date: 760679 Slst 13
--- G S pass_day : from 277783481 days + -41172254 to 236611227 days
--- G S pass_day : from 236611227 days + 3870326 to 240481553 days
--- S pass_year : from 658498 Ih 3 + -390910 years to Date: 267588 Sist 1
--- G S pass_day : from 97743112 days + 14321068 to 112064180 days
--- S pass_month : from 405901 Sca 39 + -7822383 months to Date: 405901 Sca 39
--- S pass_month : from 405901 Sca 39 + -6483021 months to Date: 405901 Sca 39
--- S pass_year : from 405901 Sca 39 + 996368 years to Date: 405901 Sca 39
--- G S pass_day : from 148261280 days + -64778972 to 83482308 days
--- S pass_year : from 228517 Sem 9 + -109932 years to Date: 118585 Sist 1
--- S pass_month : from 118585 Sist 1 + 1869412 months to Date: 323299 Ims 1
--- S pass_month : from 323299 Ims 1 + 7873670 months to Date: 323299 Ims 1
--- G pass_year : from 323345 Jan 19 + -680223 years to Date: 323345 Jan 19
--- G pass_month : from 693348 Sep 25 + 6200350 months to Date: 693348 Sep 25
693426 Ih 38
--- G S pass_day : from 253239887 days + -48784953 to 204454934 days
--- G pass_year : from 559779 Dec 23 + -763266 years to Date: 559779 Dec 23
--- G S pass_day : from 204454934 days + 40909810 to 245364744 days
671787 Apr 23
--- S pass_month : from 671864 Slst 1 + -1688425 months to Date: 486904 Ihuman 1
Jan                                 
┌────┬────┬────┬────┬────┬────┬────┐
│ Sun│ Mon│Tues│ Wed│Thur│ Fri│ Sat│
├────┼────┼────┼────┼────┼────┼────┤
│ 01 │ 02 │ 03 │ 04 │ 05 │ 06 │ 07 │
├────┼────┼────┼────┼────┼────┼────┤
│ 08 │ 09 │ 10 │ 11 │ 12 │ 13 │ 14 │
├────┼────┼────┼────┼────┼────┼────┤
│ 15 │ 16 │ 17 │ 18 │ 19 │ 20 │ 21 │
├────┼────┼────┼────┼────┼────┼────┤
│ 22 │ 23 │ 24 │ 25 │ 26 │ 27 │ 28 │
├────┼────┼────┼────┼────┼────┼────┤
│ 29 │ 30 │ 31 │    │    │    │    │
├────┼────┼────┼────┼────┼────┼────┤
│    │    │    │    │    │    │    │
└────┴────┴────┴────┴────┴────┴────┘
Jan                                 
┌────┬────┬────┬────┬────┬────┬────┐
│ Sun│ Mon│Tues│ Wed│Thur│ Fri│ Sat│
├────┼────┼────┼────┼────┼────┼────┤
│ 01 │ 02 │ 03 │ 04 │ 05 │ 06 │ 07 │
├────┼────┼────┼────┼────┼────┼────┤
│ 08 │ 09 │ 10 │ 11 │ 12 │ 13 │ 14 │
├────┼────┼────┼────┼────┼────┼────┤
│ 15 │ 16 │ 17 │ 18 │ 19 │ 20 │ 21 │
├────┼────┼────┼────┼────┼────┼────┤
│ 22 │ 23 │ 24 │ 25 │ 26 │ 27 │ 28 │
├────┼────┼────┼────┼────┼────┼────┤
│ 29 │ 30 │ 31 │    │    │    │    │
├────┼────┼────┼────┼────┼────┼────┤
│    │    │    │    │    │    │    │
└────┴────┴────┴────┴────┴────┴────┘
--- G S pass_day : from 177830999 days + 2182238 to 180013237 days
492860 Nov 2
--- G pass_year : from 492860 Nov 2 + -149873 years to Date: 342987 Jan 1
--- G S pass_day : from 125272980 days + 51124482 to 176397462 days
--- G S pass_day : from 176397462 days + 54848086 to 231245548 days
--- G pass_month : from 633130 Mar 29 + -1622178 months to Date: 497948 Sep 1
--- G pass_month : from 497948 Sep 1 + 6629469 months to Date: 497948 Sep 1
Sist                                 Spst                                 Slst                                
┌────┬────┬────┬────┬────┬────┬────┐ ┌────┬────┬────┬────┬────┬────┬────┐ ┌────┬────┬────┬────┬────┬────┬────┐
│ Sun│ Mon│Tues│ Wed│Thur│ Fri│ Sat│ │ Sun│ Mon│Tues│ Wed│Thur│ Fri│ Sat│ │ Sun│ Mon│Tues│ Wed│Thur│ Fri│ Sat│
├────┼────┼────┼────┼────┼────┼────┤ ├────┼────┼────┼────┼────┼────┼────┤ ├────┼────┼────┼────┼────┼────┼────┤
│    │    │    │    │ 01 │ 02 │ 03 │ │    │    │ 01 │ 02 │ 03 │ 04 │ 05 │ │    │    │    │    │    │    │ 01 │
├────┼────┼────┼────┼────┼────┼────┤ ├────┼────┼────┼────┼────┼────┼────┤ ├────┼────┼────┼────┼────┼────┼────┤
│ 04 │ 05 │ 06 │ 07 │ 08 │ 09 │ 0A │ │ 06 │ 07 │ 08 │ 09 │ 0A │ 0B │ 0C │ │ 02 │ 03 │ 04 │ 05 │ 06 │ 07 │ 08 │
├────┼────┼────┼────┼────┼────┼────┤ ├────┼────┼────┼────┼────┼────┼────┤ ├────┼────┼────┼────┼────┼────┼────┤
│ 0B │ 0C │ 0D │ 0E │ 0F │ 10 │ 11 │ │ 0D │ 0E │ 0F │ 10 │ 11 │ 12 │ 13 │ │ 09 │ 0A │ 0B │ 0C │ 0D │ 0E │ 0F │
├────┼────┼────┼────┼────┼────┼────┤ ├────┼────┼────┼────┼────┼────┼────┤ ├────┼────┼────┼────┼────┼────┼────┤
│ 12 │ 13 │ 14 │ 15 │ 16 │ 17 │ 18 │ │ 14 │ 15 │ 16 │ 17 │ 18 │ 19 │ 1A │ │ 10 │ 11 │ 12 │ 13 │ 14 │ 15 │ 16 │
├────┼────┼────┼────┼────┼────┼────┤ ├────┼────┼────┼────┼────┼────┼────┤ ├────┼────┼────┼────┼────┼────┼────┤
│ 19 │ 1A │ 1B │ 1C │ 1D │ 1E │ 1F │ │ 1B │ 1C │ 1D │ 1E │ 1F │ 20 │ 21 │ │ 17 │ 18 │ 19 │ 1A │ 1B │ 1C │ 1D │
├────┼────┼────┼────┼────┼────┼────┤ ├────┼────┼────┼────┼────┼────┼────┤ ├────┼────┼────┼────┼────┼────┼────┤
│ 20 │ 21 │ 22 │ 23 │ 24 │ 25 │ 26 │ │ 22 │ 23 │ 24 │ 25 │ 26 │ 27 │    │ │ 1E │ 1F │ 20 │ 21 │ 22 │ 23 │ 24 │
├────┼────┼────┼────┼────┼────┼────┤ ├────┼────┼────┼────┼────┼────┼────┤ ├────┼────┼────┼────┼────┼────┼────┤
│ 27 │ 28 │    │    │    │    │    │ │    │    │    │    │    │    │    │ │ 25 │ 26 │ 27 │ 28 │ 29 │    │    │
└────┴────┴────┴────┴────┴────┴────┘ └────┴────┴────┴────┴────┴────┴────┘ └────┴────┴────┴────┴────┴────┴────┘
Sem                                  Sca                                  Ims                                 
┌────┬────┬────┬────┬────┬────┬────┐ ┌────┬────┬────┬────┬────┬────┬────┐ ┌────┬────┬────┬────┬────┬────┬────┐
│ Sun│ Mon│Tues│ Wed│Thur│ Fri│ Sat│ │ Sun│ Mon│Tues│ Wed│Thur│ Fri│ Sat│ │ Sun│ Mon│Tues│ Wed│Thur│ Fri│ Sat│
├────┼────┼────┼────┼────┼────┼────┤ ├────┼────┼────┼────┼────┼────┼────┤ ├────┼────┼────┼────┼────┼────┼────┤
│    │    │    │    │    │ 01 │ 02 │ │    │    │    │ 01 │ 02 │ 03 │ 04 │ │ 01 │ 02 │ 03 │ 04 │ 05 │ 06 │ 07 │
├────┼────┼────┼────┼────┼────┼────┤ ├────┼────┼────┼────┼────┼────┼────┤ ├────┼────┼────┼────┼────┼────┼────┤
│ 03 │ 04 │ 05 │ 06 │ 07 │ 08 │ 09 │ │ 05 │ 06 │ 07 │ 08 │ 09 │ 0A │ 0B │ │ 08 │ 09 │ 0A │ 0B │ 0C │ 0D │ 0E │
├────┼────┼────┼────┼────┼────┼────┤ ├────┼────┼────┼────┼────┼────┼────┤ ├────┼────┼────┼────┼────┼────┼────┤
│ 0A │ 0B │ 0C │ 0D │ 0E │ 0F │ 10 │ │ 0C │ 0D │ 0E │ 0F │ 10 │ 11 │ 12 │ │ 0F │ 10 │ 11 │ 12 │ 13 │ 14 │ 15 │
├────┼────┼────┼────┼────┼────┼────┤ ├────┼────┼────┼────┼────┼────┼────┤ ├────┼────┼────┼────┼────┼────┼────┤
│ 11 │ 12 │ 13 │ 14 │ 15 │ 16 │ 17 │ │ 13 │ 14 │ 15 │ 16 │ 17 │ 18 │ 19 │ │ 16 │ 17 │ 18 │ 19 │ 1A │ 1B │ 1C │
├────┼────┼────┼────┼────┼────┼────┤ ├────┼────┼────┼────┼────┼────┼────┤ ├────┼────┼────┼────┼────┼────┼────┤
│ 18 │ 19 │ 1A │ 1B │ 1C │ 1D │ 1E │ │ 1A │ 1B │ 1C │ 1D │ 1E │ 1F │ 20 │ │ 1D │ 1E │ 1F │ 20 │ 21 │ 22 │ 23 │
├────┼────┼────┼────┼────┼────┼────┤ ├────┼────┼────┼────┼────┼────┼────┤ ├────┼────┼────┼────┼────┼────┼────┤
│ 1F │ 20 │ 21 │ 22 │ 23 │ 24 │ 25 │ │ 21 │ 22 │ 23 │ 24 │ 25 │ 26 │ 27 │ │ 24 │ 25 │ 26 │ 27 │ 28 │ 29 │    │
├────┼────┼────┼────┼────┼────┼────┤ ├────┼────┼────┼────┼────┼────┼────┤ ├────┼────┼────┼────┼────┼────┼────┤
│ 26 │ 27 │ 28 │    │    │    │    │ │    │    │    │    │    │    │    │ │    │    │    │    │    │    │    │
└────┴────┴────┴────┴────┴────┴────┘ └────┴────┴────┴────┴────┴────┴────┘ └────┴────┴────┴────┴────┴────┴────┘
Ihuman                               Siais                                Ih                                  
┌────┬────┬────┬────┬────┬────┬────┐ ┌────┬────┬────┬────┬────┬────┬────┐ ┌────┬────┬────┬────┬────┬────┬────┐
│ Sun│ Mon│Tues│ Wed│Thur│ Fri│ Sat│ │ Sun│ Mon│Tues│ Wed│Thur│ Fri│ Sat│ │ Sun│ Mon│Tues│ Wed│Thur│ Fri│ Sat│
├────┼────┼────┼────┼────┼────┼────┤ ├────┼────┼────┼────┼────┼────┼────┤ ├────┼────┼────┼────┼────┼────┼────┤
│    │    │    │    │    │    │ 01 │ │    │    │    │    │ 01 │ 02 │ 03 │ │    │ 01 │ 02 │ 03 │ 04 │ 05 │ 06 │
├────┼────┼────┼────┼────┼────┼────┤ ├────┼────┼────┼────┼────┼────┼────┤ ├────┼────┼────┼────┼────┼────┼────┤
│ 02 │ 03 │ 04 │ 05 │ 06 │ 07 │ 08 │ │ 04 │ 05 │ 06 │ 07 │ 08 │ 09 │ 0A │ │ 07 │ 08 │ 09 │ 0A │ 0B │ 0C │ 0D │
├────┼────┼────┼────┼────┼────┼────┤ ├────┼────┼────┼────┼────┼────┼────┤ ├────┼────┼────┼────┼────┼────┼────┤
│ 09 │ 0A │ 0B │ 0C │ 0D │ 0E │ 0F │ │ 0B │ 0C │ 0D │ 0E │ 0F │ 10 │ 11 │ │ 0E │ 0F │ 10 │ 11 │ 12 │ 13 │ 14 │
├────┼────┼────┼────┼────┼────┼────┤ ├────┼────┼────┼────┼────┼────┼────┤ ├────┼────┼────┼────┼────┼────┼────┤
│ 10 │ 11 │ 12 │ 13 │ 14 │ 15 │ 16 │ │ 12 │ 13 │ 14 │ 15 │ 16 │ 17 │ 18 │ │ 15 │ 16 │ 17 │ 18 │ 19 │ 1A │ 1B │
├────┼────┼────┼────┼────┼────┼────┤ ├────┼────┼────┼────┼────┼────┼────┤ ├────┼────┼────┼────┼────┼────┼────┤
│ 17 │ 18 │ 19 │ 1A │ 1B │ 1C │ 1D │ │ 19 │ 1A │ 1B │ 1C │ 1D │ 1E │ 1F │ │ 1C │ 1D │ 1E │ 1F │ 20 │ 21 │ 22 │
├────┼────┼────┼────┼────┼────┼────┤ ├────┼────┼────┼────┼────┼────┼────┤ ├────┼────┼────┼────┼────┼────┼────┤
│ 1E │ 1F │ 20 │ 21 │ 22 │ 23 │ 24 │ │ 20 │ 21 │ 22 │ 23 │ 24 │ 25 │ 26 │ │ 23 │ 24 │ 25 │ 26 │ 27 │ 28 │ 29 │
├────┼────┼────┼────┼────┼────┼────┤ ├────┼────┼────┼────┼────┼────┼────┤ ├────┼────┼────┼────┼────┼────┼────┤
│ 25 │ 26 │ 27 │ 28 │    │    │    │ │ 27 │    │    │    │    │    │    │ │    │    │    │    │    │    │    │
└────┴────┴────┴────┴────┴────┴────┘ └────┴────┴────┴────┴────┴────┴────┘ └────┴────┴────┴────┴────┴────┴────┘
497978 Ihuman 21
--- S pass_month : from 497978 Ihuman 21 + 5881887 months to Date: 497978 Ihuman 21
--- G pass_month : from 497948 Sep 1 + -1294423 months to Date: 390080 Feb 1
--- G S pass_day : from 142473364 days + -93419102 to 49054262 days
--- G S pass_day : from 49054262 days + 23641142 to 72695404 days
--- G pass_year : from 199034 May 23 + -947720 years to Date: 199034 May 23
--- G S pass_day : from 72695404 days + -98777010 to 72695404 days
--- S pass_month : from 198986 Sem 40 + 4871896 months to Date: 732660 SEM 41
--- G pass_month : from 732557 Jan 17 + 9218396 months to Date: 732557 Jan 17
732557 Jan 17
--- S pass_month : from 732660 SEM 41 + 7276426 months to Date: 732660 SEM 41
--- S pass_month : from 732660 SEM 41 + 6184912 months to Date: 732660 SEM 41
--- S pass_month : from 732660 SEM 41 + -300565 months to Date: 699721 Ims 1
--- G S pass_day : from 255538535 days + 57043900 to 312582435 days
--- G S pass_day : from 312582435 days + 61814598 to 312582435 days
--- G S pass_day : from 312582435 days + -16786441 to 295795994 days
--- G pass_month : from 809863 Jun 24 + -766650 months to Date: 745975 Dec 1
745975 Dec 1
--- G S pass_day : from 272461557 days + -22570694 to 249890863 days
--- G S pass_day : from 249890863 days + 26210069 to 276100932 days
--- S pass_year : from 756067 Ih 26 + 75682 years to Date: 831749 Sist 1
--- S pass_month : from 831749 Sist 1 + -5610318 months to Date: 217130 Ih 1
--- G pass_month : from 217186 Apr 28 + 2984533 months to Date: 465897 May 1
465898 Siais 7
465897 May 1
Siais                               
┌────┬────┬────┬────┬────┬────┬────┐
│ Sun│ Mon│Tues│ Wed│Thur│ Fri│ Sat│
├────┼────┼────┼────┼────┼────┼────┤
│    │    │    │ 01 │ 02 │ 03 │ 04 │
├────┼────┼────┼────┼────┼────┼────┤
│ 05 │ 06 │ 07 │ 08 │ 09 │ 0A │ 0B │
├────┼────┼────┼────┼────┼────┼────┤
│ 0C │ 0D │ 0E │ 0F │ 10 │ 11 │ 12 │
├────┼────┼────┼────┼────┼────┼────┤
│ 13 │ 14 │ 15 │ 16 │ 17 │ 18 │ 19 │
├────┼────┼────┼────┼────┼────┼────┤
│ 1A │ 1B │ 1C │ 1D │ 1E │ 1F │ 20 │
├────┼────┼────┼────┼────┼────┼────┤
│ 21 │ 22 │ 23 │ 24 │ 25 │ 26 │ 27 │
├────┼────┼────┼────┼────┼────┼────┤
│ 28 │ 29 │    │    │    │    │    │
└────┴────┴────┴────┴────┴────┴────┘
May                                 
┌────┬────┬────┬────┬────┬────┬────┐
│ Sun│ Mon│Tues│ Wed│Thur│ Fri│ Sat│
├────┼────┼────┼────┼────┼────┼────┤
│    │    │ 01 │ 02 │ 03 │ 04 │ 05 │
├────┼────┼────┼────┼────┼────┼────┤
│ 06 │ 07 │ 08 │ 09 │ 10 │ 11 │ 12 │
├────┼────┼────┼────┼────┼────┼────┤
│ 13 │ 14 │ 15 │ 16 │ 17 │ 18 │ 19 │
├────┼────┼────┼────┼────┼────┼────┤
│ 20 │ 21 │ 22 │ 23 │ 24 │ 25 │ 26 │
├────┼────┼────┼────┼────┼────┼────┤
│ 27 │ 28 │ 29 │ 30 │ 31 │    │    │
├────┼────┼────┼────┼────┼────┼────┤
│    │    │    │    │    │    │    │
└────┴────┴────┴────┴────┴────┴────┘
Sist                                 Spst                                 Slst                                
┌────┬────┬────┬────┬────┬────┬────┐ ┌────┬────┬────┬────┬────┬────┬────┐ ┌────┬────┬────┬────┬────┬────┬────┐
│ Sun│ Mon│Tues│ Wed│Thur│ Fri│ Sat│ │ Sun│ Mon│Tues│ Wed│Thur│ Fri│ Sat│ │ Sun│ Mon│Tues│ Wed│Thur│ Fri│ Sat│
├────┼────┼────┼────┼────┼────┼────┤ ├────┼────┼────┼────┼────┼────┼────┤ ├────┼────┼────┼────┼────┼────┼────┤
│    │    │    │    │ 01 │ 02 │ 03 │ │    │ 01 │ 02 │ 03 │ 04 │ 05 │ 06 │ │ 01 │ 02 │ 03 │ 04 │ 05 │ 06 │ 07 │
├────┼────┼────┼────┼────┼────┼────┤ ├────┼────┼────┼────┼────┼────┼────┤ ├────┼────┼────┼────┼────┼────┼────┤
│ 04 │ 05 │ 06 │ 07 │ 08 │ 09 │ 0A │ │ 07 │ 08 │ 09 │ 0A │ 0B │ 0C │ 0D │ │ 08 │ 09 │ 0A │ 0B │ 0C │ 0D │ 0E │
├────┼────┼────┼────┼────┼────┼────┤ ├────┼────┼────┼────┼────┼────┼────┤ ├────┼────┼────┼────┼────┼────┼────┤
│ 0B │ 0C │ 0D │ 0E │ 0F │ 10 │ 11 │ │ 0E │ 0F │ 10 │ 11 │ 12 │ 13 │ 14 │ │ 0F │ 10 │ 11 │ 12 │ 13 │ 14 │ 15 │
├────┼────┼────┼────┼────┼────┼────┤ ├────┼────┼────┼────┼────┼────┼────┤ ├────┼────┼────┼────┼────┼────┼────┤
│ 12 │ 13 │ 14 │ 15 │ 16 │ 17 │ 18 │ │ 15 │ 16 │ 17 │ 18 │ 19 │ 1A │ 1B │ │ 16 │ 17 │ 18 │ 19 │ 1A │ 1B │ 1C │
├────┼────┼────┼────┼────┼────┼────┤ ├────┼────┼────┼────┼────┼────┼────┤ ├────┼────┼────┼────┼────┼────┼────┤
│ 19 │ 1A │ 1B │ 1C │ 1D │ 1E │ 1F │ │ 1C │ 1D │ 1E │ 1F │ 20 │ 21 │ 22 │ │ 1D │ 1E │ 1F │ 20 │ 21 │ 22 │ 23 │
├────┼────┼────┼────┼────┼────┼────┤ ├────┼────┼────┼────┼────┼────┼────┤ ├────┼────┼────┼────┼────┼────┼────┤
│ 20 │ 21 │ 22 │ 23 │ 24 │ 25 │ 26 │ │ 23 │ 24 │ 25 │ 26 │ 27 │ 28 │ 29 │ │ 24 │ 25 │ 26 │ 27 │ 28 │    │    │
├────┼────┼────┼────┼────┼────┼────┤ ├────┼────┼────┼────┼────┼────┼────┤ ├────┼────┼────┼────┼────┼────┼────┤
│ 27 │    │    │    │    │    │    │ │    │    │    │    │    │    │    │ │    │    │    │    │    │    │    │
└────┴────┴────┴────┴────┴────┴────┘ └────┴────┴────┴────┴────┴────┴────┘ └────┴────┴────┴────┴────┴────┴────┘
Sem                                  Sca                                  Ims                                 
┌────┬────┬────┬────┬────┬────┬────┐ ┌────┬────┬────┬────┬────┬────┬────┐ ┌────┬────┬────┬────┬────┬────┬────┐
│ Sun│ Mon│Tues│ Wed│Thur│ Fri│ Sat│ │ Sun│ Mon│Tues│ Wed│Thur│ Fri│ Sat│ │ Sun│ Mon│Tues│ Wed│Thur│ Fri│ Sat│
├────┼────┼────┼────┼────┼────┼────┤ ├────┼────┼────┼────┼────┼────┼────┤ ├────┼────┼────┼────┼────┼────┼────┤
│    │    │    │    │    │ 01 │ 02 │ │    │    │ 01 │ 02 │ 03 │ 04 │ 05 │ │    │ 01 │ 02 │ 03 │ 04 │ 05 │ 06 │
├────┼────┼────┼────┼────┼────┼────┤ ├────┼────┼────┼────┼────┼────┼────┤ ├────┼────┼────┼────┼────┼────┼────┤
│ 03 │ 04 │ 05 │ 06 │ 07 │ 08 │ 09 │ │ 06 │ 07 │ 08 │ 09 │ 0A │ 0B │ 0C │ │ 07 │ 08 │ 09 │ 0A │ 0B │ 0C │ 0D │
├────┼────┼────┼────┼────┼────┼────┤ ├────┼────┼────┼────┼────┼────┼────┤ ├────┼────┼────┼────┼────┼────┼────┤
│ 0A │ 0B │ 0C │ 0D │ 0E │ 0F │ 10 │ │ 0D │ 0E │ 0F │ 10 │ 11 │ 12 │ 13 │ │ 0E │ 0F │ 10 │ 11 │ 12 │ 13 │ 14 │
├────┼────┼────┼────┼────┼────┼────┤ ├────┼────┼────┼────┼────┼────┼────┤ ├────┼────┼────┼────┼────┼────┼────┤
│ 11 │ 12 │ 13 │ 14 │ 15 │ 16 │ 17 │ │ 14 │ 15 │ 16 │ 17 │ 18 │ 19 │ 1A │ │ 15 │ 16 │ 17 │ 18 │ 19 │ 1A │ 1B │
├────┼────┼────┼────┼────┼────┼────┤ ├────┼────┼────┼────┼────┼────┼────┤ ├────┼────┼────┼────┼────┼────┼────┤
│ 18 │ 19 │ 1A │ 1B │ 1C │ 1D │ 1E │ │ 1B │ 1C │ 1D │ 1E │ 1F │ 20 │ 21 │ │ 1C │ 1D │ 1E │ 1F │ 20 │ 21 │ 22 │
├────┼────┼────┼────┼────┼────┼────┤ ├────┼────┼────┼────┼────┼────┼────┤ ├────┼────┼────┼────┼────┼────┼────┤
│ 1F │ 20 │ 21 │ 22 │ 23 │ 24 │ 25 │ │ 22 │ 23 │ 24 │ 25 │ 26 │ 27 │ 28 │ │ 23 │ 24 │ 25 │ 26 │ 27 │ 28 │    │
├────┼────┼────┼────┼────┼────┼────┤ ├────┼────┼────┼────┼────┼────┼────┤ ├────┼────┼────┼────┼────┼────┼────┤
│ 26 │ 27 │    │    │    │    │    │ │ 29 │    │    │    │    │    │    │ │    │    │    │    │    │    │    │
└────┴────┴────┴────┴────┴────┴────┘ └────┴────┴────┴────┴────┴────┴────┘ └────┴────┴────┴────┴────┴────┴────┘
Ihuman                               Siais                                Ih                                  
┌────┬────┬────┬────┬────┬────┬────┐ ┌────┬────┬────┬────┬────┬────┬────┐ ┌────┬────┬────┬────┬────┬────┬────┐
│ Sun│ Mon│Tues│ Wed│Thur│ Fri│ Sat│ │ Sun│ Mon│Tues│ Wed│Thur│ Fri│ Sat│ │ Sun│ Mon│Tues│ Wed│Thur│ Fri│ Sat│
├────┼────┼────┼────┼────┼────┼────┤ ├────┼────┼────┼────┼────┼────┼────┤ ├────┼────┼────┼────┼────┼────┼────┤
│    │    │    │    │    │    │ 01 │ │    │    │    │ 01 │ 02 │ 03 │ 04 │ │    │    │ 01 │ 02 │ 03 │ 04 │ 05 │
├────┼────┼────┼────┼────┼────┼────┤ ├────┼────┼────┼────┼────┼────┼────┤ ├────┼────┼────┼────┼────┼────┼────┤
│ 02 │ 03 │ 04 │ 05 │ 06 │ 07 │ 08 │ │ 05 │ 06 │ 07 │ 08 │ 09 │ 0A │ 0B │ │ 06 │ 07 │ 08 │ 09 │ 0A │ 0B │ 0C │
├────┼────┼────┼────┼────┼────┼────┤ ├────┼────┼────┼────┼────┼────┼────┤ ├────┼────┼────┼────┼────┼────┼────┤
│ 09 │ 0A │ 0B │ 0C │ 0D │ 0E │ 0F │ │ 0C │ 0D │ 0E │ 0F │ 10 │ 11 │ 12 │ │ 0D │ 0E │ 0F │ 10 │ 11 │ 12 │ 13 │
├────┼────┼────┼────┼────┼────┼────┤ ├────┼────┼────┼────┼────┼────┼────┤ ├────┼────┼────┼────┼────┼────┼────┤
│ 10 │ 11 │ 12 │ 13 │ 14 │ 15 │ 16 │ │ 13 │ 14 │ 15 │ 16 │ 17 │ 18 │ 19 │ │ 14 │ 15 │ 16 │ 17 │ 18 │ 19 │ 1A │
├────┼────┼────┼────┼────┼────┼────┤ ├────┼────┼────┼────┼────┼────┼────┤ ├────┼────┼────┼────┼────┼────┼────┤
│ 17 │ 18 │ 19 │ 1A │ 1B │ 1C │ 1D │ │ 1A │ 1B │ 1C │ 1D │ 1E │ 1F │ 20 │ │ 1B │ 1C │ 1D │ 1E │ 1F │ 20 │ 21 │
├────┼────┼────┼────┼────┼────┼────┤ ├────┼────┼────┼────┼────┼────┼────┤ ├────┼────┼────┼────┼────┼────┼────┤
│ 1E │ 1F │ 20 │ 21 │ 22 │ 23 │ 24 │ │ 21 │ 22 │ 23 │ 24 │ 25 │ 26 │ 27 │ │ 22 │ 23 │ 24 │ 25 │ 26 │ 27 │ 28 │
├────┼────┼────┼────┼────┼────┼────┤ ├────┼────┼────┼────┼────┼────┼────┤ ├────┼────┼────┼────┼────┼────┼────┤
│ 25 │ 26 │ 27 │    │    │    │    │ │ 28 │ 29 │    │    │    │    │    │ │    │    │    │    │    │    │    │
└────┴────┴────┴────┴────┴────┴────┘ └────┴────┴────┴────┴────┴────┴────┘ └────┴────┴────┴────┴────┴────┴────┘
Jan                                  Feb                                  Mar                                 
┌────┬────┬────┬────┬────┬────┬────┐ ┌────┬────┬────┬────┬────┬────┬────┐ ┌────┬────┬────┬────┬────┬────┬────┐
│ Sun│ Mon│Tues│ Wed│Thur│ Fri│ Sat│ │ Sun│ Mon│Tues│ Wed│Thur│ Fri│ Sat│ │ Sun│ Mon│Tues│ Wed│Thur│ Fri│ Sat│
├────┼────┼────┼────┼────┼────┼────┤ ├────┼────┼────┼────┼────┼────┼────┤ ├────┼────┼────┼────┼────┼────┼────┤
│    │ 01 │ 02 │ 03 │ 04 │ 05 │ 06 │ │    │    │    │    │ 01 │ 02 │ 03 │ │    │    │    │    │ 01 │ 02 │ 03 │
├────┼────┼────┼────┼────┼────┼────┤ ├────┼────┼────┼────┼────┼────┼────┤ ├────┼────┼────┼────┼────┼────┼────┤
│ 07 │ 08 │ 09 │ 10 │ 11 │ 12 │ 13 │ │ 04 │ 05 │ 06 │ 07 │ 08 │ 09 │ 10 │ │ 04 │ 05 │ 06 │ 07 │ 08 │ 09 │ 10 │
├────┼────┼────┼────┼────┼────┼────┤ ├────┼────┼────┼────┼────┼────┼────┤ ├────┼────┼────┼────┼────┼────┼────┤
│ 14 │ 15 │ 16 │ 17 │ 18 │ 19 │ 20 │ │ 11 │ 12 │ 13 │ 14 │ 15 │ 16 │ 17 │ │ 11 │ 12 │ 13 │ 14 │ 15 │ 16 │ 17 │
├────┼────┼────┼────┼────┼────┼────┤ ├────┼────┼────┼────┼────┼────┼────┤ ├────┼────┼────┼────┼────┼────┼────┤
│ 21 │ 22 │ 23 │ 24 │ 25 │ 26 │ 27 │ │ 18 │ 19 │ 20 │ 21 │ 22 │ 23 │ 24 │ │ 18 │ 19 │ 20 │ 21 │ 22 │ 23 │ 24 │
├────┼────┼────┼────┼────┼────┼────┤ ├────┼────┼────┼────┼────┼────┼────┤ ├────┼────┼────┼────┼────┼────┼────┤
│ 28 │ 29 │ 30 │ 31 │    │    │    │ │ 25 │ 26 │ 27 │ 28 │    │    │    │ │ 25 │ 26 │ 27 │ 28 │ 29 │ 30 │ 31 │
├────┼────┼────┼────┼────┼────┼────┤ ├────┼────┼────┼────┼────┼────┼────┤ ├────┼────┼────┼────┼────┼────┼────┤
│    │    │    │    │    │    │    │ │    │    │    │    │    │    │    │ │    │    │    │    │    │    │    │
└────┴────┴────┴────┴────┴────┴────┘ └────┴────┴────┴────┴────┴────┴────┘ └────┴────┴────┴────┴────┴────┴────┘
Apr                                  May                                  Jun                                 
┌────┬────┬────┬────┬────┬────┬────┐ ┌────┬────┬────┬────┬────┬────┬────┐ ┌────┬────┬────┬────┬────┬────┬────┐
│ Sun│ Mon│Tues│ Wed│Thur│ Fri│ Sat│ │ Sun│ Mon│Tues│ Wed│Thur│ Fri│ Sat│ │ Sun│ Mon│Tues│ Wed│Thur│ Fri│ Sat│
├────┼────┼────┼────┼────┼────┼────┤ ├────┼────┼────┼────┼────┼────┼────┤ ├────┼────┼────┼────┼────┼────┼────┤
│ 01 │ 02 │ 03 │ 04 │ 05 │ 06 │ 07 │ │    │    │ 01 │ 02 │ 03 │ 04 │ 05 │ │    │    │    │    │    │ 01 │ 02 │
├────┼────┼────┼────┼────┼────┼────┤ ├────┼────┼────┼────┼────┼────┼────┤ ├────┼────┼────┼────┼────┼────┼────┤
│ 08 │ 09 │ 10 │ 11 │ 12 │ 13 │ 14 │ │ 06 │ 07 │ 08 │ 09 │ 10 │ 11 │ 12 │ │ 03 │ 04 │ 05 │ 06 │ 07 │ 08 │ 09 │
├────┼────┼────┼────┼────┼────┼────┤ ├────┼────┼────┼────┼────┼────┼────┤ ├────┼────┼────┼────┼────┼────┼────┤
│ 15 │ 16 │ 17 │ 18 │ 19 │ 20 │ 21 │ │ 13 │ 14 │ 15 │ 16 │ 17 │ 18 │ 19 │ │ 10 │ 11 │ 12 │ 13 │ 14 │ 15 │ 16 │
├────┼────┼────┼────┼────┼────┼────┤ ├────┼────┼────┼────┼────┼────┼────┤ ├────┼────┼────┼────┼────┼────┼────┤
│ 22 │ 23 │ 24 │ 25 │ 26 │ 27 │ 28 │ │ 20 │ 21 │ 22 │ 23 │ 24 │ 25 │ 26 │ │ 17 │ 18 │ 19 │ 20 │ 21 │ 22 │ 23 │
├────┼────┼────┼────┼────┼────┼────┤ ├────┼────┼────┼────┼────┼────┼────┤ ├────┼────┼────┼────┼────┼────┼────┤
│ 29 │ 30 │    │    │    │    │    │ │ 27 │ 28 │ 29 │ 30 │ 31 │    │    │ │ 24 │ 25 │ 26 │ 27 │ 28 │ 29 │ 30 │
├────┼────┼────┼────┼────┼────┼────┤ ├────┼────┼────┼────┼────┼────┼────┤ ├────┼────┼────┼────┼────┼────┼────┤
│    │    │    │    │    │    │    │ │    │    │    │    │    │    │    │ │    │    │    │    │    │    │    │
└────┴────┴────┴────┴────┴────┴────┘ └────┴────┴────┴────┴────┴────┴────┘ └────┴────┴────┴────┴────┴────┴────┘
Jul                                  Aug                                  Sep                                 
┌────┬────┬────┬────┬────┬────┬────┐ ┌────┬────┬────┬────┬────┬────┬────┐ ┌────┬────┬────┬────┬────┬────┬────┐
│ Sun│ Mon│Tues│ Wed│Thur│ Fri│ Sat│ │ Sun│ Mon│Tues│ Wed│Thur│ Fri│ Sat│ │ Sun│ Mon│Tues│ Wed│Thur│ Fri│ Sat│
├────┼────┼────┼────┼────┼────┼────┤ ├────┼────┼────┼────┼────┼────┼────┤ ├────┼────┼────┼────┼────┼────┼────┤
│ 01 │ 02 │ 03 │ 04 │ 05 │ 06 │ 07 │ │    │    │    │ 01 │ 02 │ 03 │ 04 │ │    │    │    │    │    │    │ 01 │
├────┼────┼────┼────┼────┼────┼────┤ ├────┼────┼────┼────┼────┼────┼────┤ ├────┼────┼────┼────┼────┼────┼────┤
│ 08 │ 09 │ 10 │ 11 │ 12 │ 13 │ 14 │ │ 05 │ 06 │ 07 │ 08 │ 09 │ 10 │ 11 │ │ 02 │ 03 │ 04 │ 05 │ 06 │ 07 │ 08 │
├────┼────┼────┼────┼────┼────┼────┤ ├────┼────┼────┼────┼────┼────┼────┤ ├────┼────┼────┼────┼────┼────┼────┤
│ 15 │ 16 │ 17 │ 18 │ 19 │ 20 │ 21 │ │ 12 │ 13 │ 14 │ 15 │ 16 │ 17 │ 18 │ │ 09 │ 10 │ 11 │ 12 │ 13 │ 14 │ 15 │
├────┼────┼────┼────┼────┼────┼────┤ ├────┼────┼────┼────┼────┼────┼────┤ ├────┼────┼────┼────┼────┼────┼────┤
│ 22 │ 23 │ 24 │ 25 │ 26 │ 27 │ 28 │ │ 19 │ 20 │ 21 │ 22 │ 23 │ 24 │ 25 │ │ 16 │ 17 │ 18 │ 19 │ 20 │ 21 │ 22 │
├────┼────┼────┼────┼────┼────┼────┤ ├────┼────┼────┼────┼────┼────┼────┤ ├────┼────┼────┼────┼────┼────┼────┤
│ 29 │ 30 │ 31 │    │    │    │    │ │ 26 │ 27 │ 28 │ 29 │ 30 │ 31 │    │ │ 23 │ 24 │ 25 │ 26 │ 27 │ 28 │ 29 │
├────┼────┼────┼────┼────┼────┼────┤ ├────┼────┼────┼────┼────┼────┼────┤ ├────┼────┼────┼────┼────┼────┼────┤
│    │    │    │    │    │    │    │ │    │    │    │    │    │    │    │ │ 30 │    │    │    │    │    │    │
└────┴────┴────┴────┴────┴────┴────┘ └────┴────┴────┴────┴────┴────┴────┘ └────┴────┴────┴────┴────┴────┴────┘
Oct                                  Nov                                  Dec                                 
┌────┬────┬────┬────┬────┬────┬────┐ ┌────┬────┬────┬────┬────┬────┬────┐ ┌────┬────┬────┬────┬────┬────┬────┐
│ Sun│ Mon│Tues│ Wed│Thur│ Fri│ Sat│ │ Sun│ Mon│Tues│ Wed│Thur│ Fri│ Sat│ │ Sun│ Mon│Tues│ Wed│Thur│ Fri│ Sat│
├────┼────┼────┼────┼────┼────┼────┤ ├────┼────┼────┼────┼────┼────┼────┤ ├────┼────┼────┼────┼────┼────┼────┤
│    │ 01 │ 02 │ 03 │ 04 │ 05 │ 06 │ │    │    │    │    │ 01 │ 02 │ 03 │ │    │    │    │    │    │    │ 01 │
├────┼────┼────┼────┼────┼────┼────┤ ├────┼────┼────┼────┼────┼────┼────┤ ├────┼────┼────┼────┼────┼────┼────┤
│ 07 │ 08 │ 09 │ 10 │ 11 │ 12 │ 13 │ │ 04 │ 05 │ 06 │ 07 │ 08 │ 09 │ 10 │ │ 02 │ 03 │ 04 │ 05 │ 06 │ 07 │ 08 │
├────┼────┼────┼────┼────┼────┼────┤ ├────┼────┼────┼────┼────┼────┼────┤ ├────┼────┼────┼────┼────┼────┼────┤
│ 14 │ 15 │ 16 │ 17 │ 18 │ 19 │ 20 │ │ 11 │ 12 │ 13 │ 14 │ 15 │ 16 │ 17 │ │ 09 │ 10 │ 11 │ 12 │ 13 │ 14 │ 15 │
├────┼────┼────┼────┼────┼────┼────┤ ├────┼────┼────┼────┼────┼────┼────┤ ├────┼────┼────┼────┼────┼────┼────┤
│ 21 │ 22 │ 23 │ 24 │ 25 │ 26 │ 27 │ │ 18 │ 19 │ 20 │ 21 │ 22 │ 23 │ 24 │ │ 16 │ 17 │ 18 │ 19 │ 20 │ 21 │ 22 │
├────┼────┼────┼────┼────┼────┼────┤ ├────┼────┼────┼────┼────┼────┼────┤ ├────┼────┼────┼────┼────┼────┼────┤
│ 28 │ 29 │ 30 │ 31 │    │    │    │ │ 25 │ 26 │ 27 │ 28 │ 29 │ 30 │    │ │ 23 │ 24 │ 25 │ 26 │ 27 │ 28 │ 29 │
├────┼────┼────┼────┼────┼────┼────┤ ├────┼────┼────┼────┼────┼────┼────┤ ├────┼────┼────┼────┼────┼────┼────┤
│    │    │    │    │    │    │    │ │    │    │    │    │    │    │    │ │ 30 │ 31 │    │    │    │    │    │
└────┴────┴────┴────┴────┴────┴────┘ └────┴────┴────┴────┴────┴────┴────┘ └────┴────┴────┴────┴────┴────┴────┘
