\BOOKMARK [0][-]{chapter.1}{\376\377\173\054\0001\172\340\000\040\000\040\176\352\213\272}{}% 1
\BOOKMARK [1][-]{section.1.1}{\376\377\0001\000.\0001\000\040\200\314\146\157\116\313\176\315}{chapter.1}% 2
\BOOKMARK [1][-]{section.1.2}{\376\377\0001\000.\0002\000\040\000S\000M\000P\000C\232\214\213\301\166\204\123\321\134\125\163\260\162\266}{chapter.1}% 3
\BOOKMARK [1][-]{section.1.3}{\376\377\0001\000.\0003\000\040\147\054\145\207\166\204\166\356\166\204\060\001\145\271\154\325\123\312\116\073\211\201\176\323\147\234}{chapter.1}% 4
\BOOKMARK [1][-]{section.1.4}{\376\377\0001\000.\0004\000\040\213\272\145\207\166\204\176\323\147\204}{chapter.1}% 5
\BOOKMARK [0][-]{chapter.2}{\376\377\173\054\0002\172\340\000\040\000\040\230\204\131\007\167\345\213\306}{}% 6
\BOOKMARK [1][-]{section.2.1}{\376\377\0002\000.\0001\000\040\131\032\145\271\133\211\121\150\213\241\173\227}{chapter.2}% 7
\BOOKMARK [1][-]{section.2.2}{\376\377\0002\000.\0002\000\040\000W\000y\000s\000*\000:\131\032\145\271\133\211\121\150\213\241\173\227\230\206\127\337\162\171\133\232\213\355\212\000}{chapter.2}% 8
\BOOKMARK [1][-]{section.2.3}{\376\377\0002\000.\0003\000\040\000W\000y\000s\000*\166\204\165\065\215\357\177\026\213\321}{chapter.2}% 9
\BOOKMARK [0][-]{chapter.3}{\376\377\173\054\0003\172\340\000\040\000\040\000W\000y\000s\000-\000c\000k\000t\166\204\213\276\213\241}{}% 10
\BOOKMARK [1][-]{section.3.1}{\376\377\0003\000.\0001\000\040\213\315\154\325\116\016\213\355\154\325}{chapter.3}% 11
\BOOKMARK [1][-]{section.3.2}{\376\377\0003\000.\0002\000\040\174\173\127\213\174\373\176\337}{chapter.3}% 12
\BOOKMARK [1][-]{section.3.3}{\376\377\0003\000.\0003\000\040\127\372\116\216\174\173\127\213\174\373\176\337\166\204\232\214\213\301\152\041\137\017}{chapter.3}% 13
\BOOKMARK [0][-]{chapter.4}{\376\377\173\054\0004\172\340\000\040\000\040\000W\000y\000s\000-\000c\000k\000t\166\204\133\236\163\260}{}% 14
\BOOKMARK [1][-]{section.4.1}{\376\377\0004\000.\0001\000\040\176\323\147\204\116\016\135\345\121\167\224\376}{chapter.4}% 15
\BOOKMARK [1][-]{section.4.2}{\376\377\0004\000.\0002\000\040\116\073\211\201\145\160\143\156\176\323\147\204}{chapter.4}% 16
\BOOKMARK [1][-]{section.4.3}{\376\377\0004\000.\0003\000\040\213\355\154\325\150\021}{chapter.4}% 17
\BOOKMARK [2][-]{subsection.4.3.1}{\376\377\0004\000.\0003\000.\0001\000\040\145\340\174\173\127\213\213\355\154\325\150\021}{section.4.3}% 18
\BOOKMARK [2][-]{subsection.4.3.2}{\376\377\0004\000.\0003\000.\0002\000\040\227\131\140\001\174\173\127\213\122\006\147\220}{section.4.3}% 19
\BOOKMARK [2][-]{subsection.4.3.3}{\376\377\0004\000.\0003\000.\0003\000\040\147\011\174\173\127\213\213\355\154\325\150\021}{section.4.3}% 20
\BOOKMARK [1][-]{section.4.4}{\376\377\0004\000.\0004\000\040\232\214\213\301\121\375\145\160}{chapter.4}% 21
\BOOKMARK [0][-]{chapter.5}{\376\377\173\054\0005\172\340\000\040\000\040\140\073\176\323\116\016\134\125\147\033}{}% 22
\BOOKMARK [0][-]{section*.11}{\376\377\123\302\200\003\145\207\163\056}{}% 23
\BOOKMARK [0][-]{appendix*.13}{\376\377\201\364\214\042}{}% 24
