This is pdfTeX, Version 3.14159265-2.6-1.40.21 (TeX Live 2020/W32TeX) (preloaded format=pdflatex 2020.4.28)  20 MAY 2020 20:20
entering extended mode
 restricted \write18 enabled.
 %&-line parsing enabled.
**Chap_Impl.tex
(./Chap_Impl.tex
LaTeX2e <2020-02-02> patch level 5
L3 programming layer <2020-04-06>
! Undefined control sequence.
l.1 \chapter
            {Wys-cktçš„å®ç°}\label{impl}
The control sequence at the end of the top line
of your error message was never \def'ed. If you have
misspelled it (e.g., `\hobx'), type `I' and the correct
spelling (e.g., `I\hbox'). Otherwise just continue,
and I'll forget about whatever was undefined.


! LaTeX Error: Missing \begin{document}.

See the LaTeX manual or LaTeX Companion for explanation.
Type  H <return>  for immediate help.
 ...                                              
                                                  
l.1 \chapter{W
              ys-cktçš„å®ç°}\label{impl}
You're in trouble here.  Try typing  <return>  to proceed.
If that doesn't work, type  X <return>  to quit.

Missing character: There is no W in font nullfont!
Missing character: There is no y in font nullfont!
Missing character: There is no s in font nullfont!
Missing character: There is no - in font nullfont!
Missing character: There is no c in font nullfont!
Missing character: There is no k in font nullfont!
Missing character: There is no t in font nullfont!

! Package inputenc Error: Unicode character çš„ (U+7684)
(inputenc)                not set up for use with LaTeX.

See the inputenc package documentation for explanation.
Type  H <return>  for immediate help.
 ...                                              
                                                  
l.1 \chapter{Wys-cktçš„
                       å®ç°}\label{impl}
You may provide a definition with
\DeclareUnicodeCharacter 


! Package inputenc Error: Unicode character å® (U+5B9E)
(inputenc)                not set up for use with LaTeX.

See the inputenc package documentation for explanation.
Type  H <return>  for immediate help.
 ...                                              
                                                  
l.1 \chapter{Wys-cktçš„å®
                          ç°}\label{impl}
You may provide a definition with
\DeclareUnicodeCharacter 


! Package inputenc Error: Unicode character ç° (U+73B0)
(inputenc)                not set up for use with LaTeX.

See the inputenc package documentation for explanation.
Type  H <return>  for immediate help.
 ...                                              
                                                  
l.1 \chapter{Wys-cktçš„å®ç°
                             }\label{impl}
You may provide a definition with
\DeclareUnicodeCharacter 

! Undefined control sequence.
l.2 \section
            {ç»“æ„ä¸å·¥å…·é“¾}
The control sequence at the end of the top line
of your error message was never \def'ed. If you have
misspelled it (e.g., `\hobx'), type `I' and the correct
spelling (e.g., `I\hbox'). Otherwise just continue,
and I'll forget about whatever was undefined.


! Package inputenc Error: Unicode character ç»“ (U+7ED3)
(inputenc)                not set up for use with LaTeX.

See the inputenc package documentation for explanation.
Type  H <return>  for immediate help.
 ...                                              
                                                  
l.2 \section{ç»“
                æ„ä¸å·¥å…·é“¾}
You may provide a definition with
\DeclareUnicodeCharacter 


! Package inputenc Error: Unicode character æ„ (U+6784)
(inputenc)                not set up for use with LaTeX.

See the inputenc package documentation for explanation.
Type  H <return>  for immediate help.
 ...                                              
                                                  
l.2 \section{ç»“æ„
                   ä¸å·¥å…·é“¾}
You may provide a definition with
\DeclareUnicodeCharacter 


! Package inputenc Error: Unicode character ä¸ (U+4E0E)
(inputenc)                not set up for use with LaTeX.

See the inputenc package documentation for explanation.
Type  H <return>  for immediate help.
 ...                                              
                                                  
l.2 \section{ç»“æ„ä¸
                      å·¥å…·é“¾}
You may provide a definition with
\DeclareUnicodeCharacter 


! Package inputenc Error: Unicode character å·¥ (U+5DE5)
(inputenc)                not set up for use with LaTeX.

See the inputenc package documentation for explanation.
Type  H <return>  for immediate help.
 ...                                              
                                                  
l.2 \section{ç»“æ„ä¸å·¥
                         å…·é“¾}
You may provide a definition with
\DeclareUnicodeCharacter 


! Package inputenc Error: Unicode character å…· (U+5177)
(inputenc)                not set up for use with LaTeX.

See the inputenc package documentation for explanation.
Type  H <return>  for immediate help.
 ...                                              
                                                  
l.2 \section{ç»“æ„ä¸å·¥å…·
                            é“¾}
You may provide a definition with
\DeclareUnicodeCharacter 


! Package inputenc Error: Unicode character é“¾ (U+94FE)
(inputenc)                not set up for use with LaTeX.

See the inputenc package documentation for explanation.
Type  H <return>  for immediate help.
 ...                                              
                                                  
l.2 \section{ç»“æ„ä¸å·¥å…·é“¾
                               }
You may provide a definition with
\DeclareUnicodeCharacter 


! Package inputenc Error: Unicode character æœ¬ (U+672C)
(inputenc)                not set up for use with LaTeX.

See the inputenc package documentation for explanation.
Type  H <return>  for immediate help.
 ...                                              
                                                  
l.3 æœ¬
       æ–‡éªŒè¯ç³»ç»Ÿçš„å®ç°åŸºäºMLå®¶æ—çš„Ocamlå¼€å‘å¹³å°ï¼Œæ•´ä¸ªå®...

You may provide a definition with
\DeclareUnicodeCharacter 


! Package inputenc Error: Unicode character æ–‡ (U+6587)
(inputenc)                not set up for use with LaTeX.

See the inputenc package documentation for explanation.
Type  H <return>  for immediate help.
 ...                                              
                                                  
l.3 æœ¬æ–‡
          éªŒè¯ç³»ç»Ÿçš„å®ç°åŸºäºMLå®¶æ—çš„Ocamlå¼€å‘å¹³å°ï¼Œæ•´ä¸ªå®...

You may provide a definition with
\DeclareUnicodeCharacter 


! Package inputenc Error: Unicode character éªŒ (U+9A8C)
(inputenc)                not set up for use with LaTeX.

See the inputenc package documentation for explanation.
Type  H <return>  for immediate help.
 ...                                              
                                                  
l.3 æœ¬æ–‡éªŒ
             è¯ç³»ç»Ÿçš„å®ç°åŸºäºMLå®¶æ—çš„Ocamlå¼€å‘å¹³å°ï¼Œæ•´ä¸ªå®...

You may provide a definition with
\DeclareUnicodeCharacter 


! Package inputenc Error: Unicode character è¯ (U+8BC1)
(inputenc)                not set up for use with LaTeX.

See the inputenc package documentation for explanation.
Type  H <return>  for immediate help.
 ...                                              
                                                  
l.3 æœ¬æ–‡éªŒè¯
                ç³»ç»Ÿçš„å®ç°åŸºäºMLå®¶æ—çš„Ocamlå¼€å‘å¹³å°ï¼Œæ•´ä¸ªå®...

You may provide a definition with
\DeclareUnicodeCharacter 


! Package inputenc Error: Unicode character ç³» (U+7CFB)
(inputenc)                not set up for use with LaTeX.

See the inputenc package documentation for explanation.
Type  H <return>  for immediate help.
 ...                                              
                                                  
l.3 æœ¬æ–‡éªŒè¯ç³»
                   ç»Ÿçš„å®ç°åŸºäºMLå®¶æ—çš„Ocamlå¼€å‘å¹³å°ï¼Œæ•´ä¸ªå®...

You may provide a definition with
\DeclareUnicodeCharacter 


! Package inputenc Error: Unicode character ç»Ÿ (U+7EDF)
(inputenc)                not set up for use with LaTeX.

See the inputenc package documentation for explanation.
Type  H <return>  for immediate help.
 ...                                              
                                                  
l.3 æœ¬æ–‡éªŒè¯ç³»ç»Ÿ
                      çš„å®ç°åŸºäºMLå®¶æ—çš„Ocamlå¼€å‘å¹³å°ï¼Œæ•´ä¸ªå®...

You may provide a definition with
\DeclareUnicodeCharacter 


! Package inputenc Error: Unicode character çš„ (U+7684)
(inputenc)                not set up for use with LaTeX.

See the inputenc package documentation for explanation.
Type  H <return>  for immediate help.
 ...                                              
                                                  
l.3 æœ¬æ–‡éªŒè¯ç³»ç»Ÿçš„
                         å®ç°åŸºäºMLå®¶æ—çš„Ocamlå¼€å‘å¹³å°ï¼Œæ•´ä¸ªå®...

You may provide a definition with
\DeclareUnicodeCharacter 


! Package inputenc Error: Unicode character å® (U+5B9E)
(inputenc)                not set up for use with LaTeX.

See the inputenc package documentation for explanation.
Type  H <return>  for immediate help.
 ...                                              
                                                  
l.3 æœ¬æ–‡éªŒè¯ç³»ç»Ÿçš„å®
                            ç°åŸºäºMLå®¶æ—çš„Ocamlå¼€å‘å¹³å°ï¼Œæ•´ä¸ªå®...

You may provide a definition with
\DeclareUnicodeCharacter 


! Package inputenc Error: Unicode character ç° (U+73B0)
(inputenc)                not set up for use with LaTeX.

See the inputenc package documentation for explanation.
Type  H <return>  for immediate help.
 ...                                              
                                                  
l.3 æœ¬æ–‡éªŒè¯ç³»ç»Ÿçš„å®ç°
                               åŸºäºMLå®¶æ—çš„Ocamlå¼€å‘å¹³å°ï¼Œæ•´ä¸ªå®...

You may provide a definition with
\DeclareUnicodeCharacter 


! Package inputenc Error: Unicode character åŸº (U+57FA)
(inputenc)                not set up for use with LaTeX.

See the inputenc package documentation for explanation.
Type  H <return>  for immediate help.
 ...                                              
                                                  
l.3 æœ¬æ–‡éªŒè¯ç³»ç»Ÿçš„å®ç°åŸº
                                  äºMLå®¶æ—çš„Ocamlå¼€å‘å¹³å°ï¼Œæ•´ä¸ªå®...

You may provide a definition with
\DeclareUnicodeCharacter 


! Package inputenc Error: Unicode character äº (U+4E8E)
(inputenc)                not set up for use with LaTeX.

See the inputenc package documentation for explanation.
Type  H <return>  for immediate help.
 ...                                              
                                                  
l.3 æœ¬æ–‡éªŒè¯ç³»ç»Ÿçš„å®ç°åŸºäº
                                     MLå®¶æ—çš„Ocamlå¼€å‘å¹³å°ï¼Œæ•´ä¸ªå®...

You may provide a definition with
\DeclareUnicodeCharacter 

Missing character: There is no M in font nullfont!
Missing character: There is no L in font nullfont!

! Package inputenc Error: Unicode character å®¶ (U+5BB6)
(inputenc)                not set up for use with LaTeX.

See the inputenc package documentation for explanation.
Type  H <return>  for immediate help.
 ...                                              
                                                  
l.3 æœ¬æ–‡éªŒè¯ç³»ç»Ÿçš„å®ç°åŸºäºMLå®¶
                                          æ—çš„Ocamlå¼€å‘å¹³å°ï¼Œæ•´ä¸ªå®...

You may provide a definition with
\DeclareUnicodeCharacter 


! Package inputenc Error: Unicode character æ— (U+65CF)
(inputenc)                not set up for use with LaTeX.

See the inputenc package documentation for explanation.
Type  H <return>  for immediate help.
 ...                                              
                                                  
l.3 æœ¬æ–‡éªŒè¯ç³»ç»Ÿçš„å®ç°åŸºäºMLå®¶æ—
                                             çš„Ocamlå¼€å‘å¹³å°ï¼Œæ•´ä¸ªå®...

You may provide a definition with
\DeclareUnicodeCharacter 


! Package inputenc Error: Unicode character çš„ (U+7684)
(inputenc)                not set up for use with LaTeX.

See the inputenc package documentation for explanation.
Type  H <return>  for immediate help.
 ...                                              
                                                  
l.3 æœ¬æ–‡éªŒè¯ç³»ç»Ÿçš„å®ç°åŸºäºMLå®¶æ—çš„
                                                Ocamlå¼€å‘å¹³å°ï¼Œæ•´ä¸ªå®...

You may provide a definition with
\DeclareUnicodeCharacter 

Missing character: There is no O in font nullfont!
Missing character: There is no c in font nullfont!
Missing character: There is no a in font nullfont!
Missing character: There is no m in font nullfont!
Missing character: There is no l in font nullfont!

! Package inputenc Error: Unicode character å¼€ (U+5F00)
(inputenc)                not set up for use with LaTeX.

See the inputenc package documentation for explanation.
Type  H <return>  for immediate help.
 ...                                              
                                                  
l.3 ...è¯ç³»ç»Ÿçš„å®ç°åŸºäºMLå®¶æ—çš„Ocamlå¼€
                                                  å‘å¹³å°ï¼Œæ•´ä¸ªå®ç°åˆ...

You may provide a definition with
\DeclareUnicodeCharacter 


! Package inputenc Error: Unicode character å‘ (U+53D1)
(inputenc)                not set up for use with LaTeX.

See the inputenc package documentation for explanation.
Type  H <return>  for immediate help.
 ...                                              
                                                  
l.3 ...ç³»ç»Ÿçš„å®ç°åŸºäºMLå®¶æ—çš„Ocamlå¼€å‘
                                                  å¹³å°ï¼Œæ•´ä¸ªå®ç°åˆ†ä¸...

You may provide a definition with
\DeclareUnicodeCharacter 


! Package inputenc Error: Unicode character å¹³ (U+5E73)
(inputenc)                not set up for use with LaTeX.

See the inputenc package documentation for explanation.
Type  H <return>  for immediate help.
 ...                                              
                                                  
l.3 ...ç»Ÿçš„å®ç°åŸºäºMLå®¶æ—çš„Ocamlå¼€å‘å¹³
                                                  å°ï¼Œæ•´ä¸ªå®ç°åˆ†ä¸ºä¸...

You may provide a definition with
\DeclareUnicodeCharacter 


! Package inputenc Error: Unicode character å° (U+53F0)
(inputenc)                not set up for use with LaTeX.

See the inputenc package documentation for explanation.
Type  H <return>  for immediate help.
 ...                                              
                                                  
l.3 ...çš„å®ç°åŸºäºMLå®¶æ—çš„Ocamlå¼€å‘å¹³å°
                                                  ï¼Œæ•´ä¸ªå®ç°åˆ†ä¸ºä¸‰ä¸...

You may provide a definition with
\DeclareUnicodeCharacter 


! Package inputenc Error: Unicode character ï¼Œ (U+FF0C)
(inputenc)                not set up for use with LaTeX.

See the inputenc package documentation for explanation.
Type  H <return>  for immediate help.
 ...                                              
                                                  
l.3 ...å®ç°åŸºäºMLå®¶æ—çš„Ocamlå¼€å‘å¹³å°ï¼Œ
                                                  æ•´ä¸ªå®ç°åˆ†ä¸ºä¸‰ä¸ªéƒ...

You may provide a definition with
\DeclareUnicodeCharacter 


! Package inputenc Error: Unicode character æ•´ (U+6574)
(inputenc)                not set up for use with LaTeX.

See the inputenc package documentation for explanation.
Type  H <return>  for immediate help.
 ...                                              
                                                  
l.3 ...ç°åŸºäºMLå®¶æ—çš„Ocamlå¼€å‘å¹³å°ï¼Œæ•´
                                                  ä¸ªå®ç°åˆ†ä¸ºä¸‰ä¸ªéƒ¨åˆ...

You may provide a definition with
\DeclareUnicodeCharacter 


! Package inputenc Error: Unicode character ä¸ª (U+4E2A)
(inputenc)                not set up for use with LaTeX.

See the inputenc package documentation for explanation.
Type  H <return>  for immediate help.
 ...                                              
                                                  
l.3 ...åŸºäºMLå®¶æ—çš„Ocamlå¼€å‘å¹³å°ï¼Œæ•´ä¸ª
                                                  å®ç°åˆ†ä¸ºä¸‰ä¸ªéƒ¨åˆ†å¦...

You may provide a definition with
\DeclareUnicodeCharacter 


! Package inputenc Error: Unicode character å® (U+5B9E)
(inputenc)                not set up for use with LaTeX.

See the inputenc package documentation for explanation.
Type  H <return>  for immediate help.
 ...                                              
                                                  
l.3 ...äºMLå®¶æ—çš„Ocamlå¼€å‘å¹³å°ï¼Œæ•´ä¸ªå®
                                                  ç°åˆ†ä¸ºä¸‰ä¸ªéƒ¨åˆ†å¦‚å›...

You may provide a definition with
\DeclareUnicodeCharacter 


! Package inputenc Error: Unicode character ç° (U+73B0)
(inputenc)                not set up for use with LaTeX.

See the inputenc package documentation for explanation.
Type  H <return>  for immediate help.
 ...                                              
                                                  
l.3 ...MLå®¶æ—çš„Ocamlå¼€å‘å¹³å°ï¼Œæ•´ä¸ªå®ç°
                                                  åˆ†ä¸ºä¸‰ä¸ªéƒ¨åˆ†å¦‚å›¾ï¼...

You may provide a definition with
\DeclareUnicodeCharacter 


! Package inputenc Error: Unicode character åˆ† (U+5206)
(inputenc)                not set up for use with LaTeX.

See the inputenc package documentation for explanation.
Type  H <return>  for immediate help.
 ...                                              
                                                  
l.3 ...®¶æ—çš„Ocamlå¼€å‘å¹³å°ï¼Œæ•´ä¸ªå®ç°åˆ†
                                                  ä¸ºä¸‰ä¸ªéƒ¨åˆ†å¦‚å›¾ï¼šæ–...

You may provide a definition with
\DeclareUnicodeCharacter 


! Package inputenc Error: Unicode character ä¸º (U+4E3A)
(inputenc)                not set up for use with LaTeX.

See the inputenc package documentation for explanation.
Type  H <return>  for immediate help.
 ...                                              
                                                  
l.3 ...—çš„Ocamlå¼€å‘å¹³å°ï¼Œæ•´ä¸ªå®ç°åˆ†ä¸º
                                                  ä¸‰ä¸ªéƒ¨åˆ†å¦‚å›¾ï¼šæ–‡æ³...

You may provide a definition with
\DeclareUnicodeCharacter 


! Package inputenc Error: Unicode character ä¸‰ (U+4E09)
(inputenc)                not set up for use with LaTeX.

See the inputenc package documentation for explanation.
Type  H <return>  for immediate help.
 ...                                              
                                                  
l.3 ...š„Ocamlå¼€å‘å¹³å°ï¼Œæ•´ä¸ªå®ç°åˆ†ä¸ºä¸‰
                                                  ä¸ªéƒ¨åˆ†å¦‚å›¾ï¼šæ–‡æ³•åˆ...

You may provide a definition with
\DeclareUnicodeCharacter 


! Package inputenc Error: Unicode character ä¸ª (U+4E2A)
(inputenc)                not set up for use with LaTeX.

See the inputenc package documentation for explanation.
Type  H <return>  for immediate help.
 ...                                              
                                                  
l.3 ...camlå¼€å‘å¹³å°ï¼Œæ•´ä¸ªå®ç°åˆ†ä¸ºä¸‰ä¸ª
                                                  éƒ¨åˆ†å¦‚å›¾ï¼šæ–‡æ³•åˆ†æ...

You may provide a definition with
\DeclareUnicodeCharacter 


! Package inputenc Error: Unicode character éƒ¨ (U+90E8)
(inputenc)                not set up for use with LaTeX.

See the inputenc package documentation for explanation.
Type  H <return>  for immediate help.
 ...                                              
                                                  
l.3 ...lå¼€å‘å¹³å°ï¼Œæ•´ä¸ªå®ç°åˆ†ä¸ºä¸‰ä¸ªéƒ¨
                                                  åˆ†å¦‚å›¾ï¼šæ–‡æ³•åˆ†æéƒ...

You may provide a definition with
\DeclareUnicodeCharacter 


! Package inputenc Error: Unicode character åˆ† (U+5206)
(inputenc)                not set up for use with LaTeX.

See the inputenc package documentation for explanation.
Type  H <return>  for immediate help.
 ...                                              
                                                  
l.3 ...€å‘å¹³å°ï¼Œæ•´ä¸ªå®ç°åˆ†ä¸ºä¸‰ä¸ªéƒ¨åˆ†
                                                  å¦‚å›¾ï¼šæ–‡æ³•åˆ†æéƒ¨åˆ...

You may provide a definition with
\DeclareUnicodeCharacter 


! Package inputenc Error: Unicode character å¦‚ (U+5982)
(inputenc)                not set up for use with LaTeX.

See the inputenc package documentation for explanation.
Type  H <return>  for immediate help.
 ...                                              
                                                  
l.3 ...‘å¹³å°ï¼Œæ•´ä¸ªå®ç°åˆ†ä¸ºä¸‰ä¸ªéƒ¨åˆ†å¦‚
                                                  å›¾ï¼šæ–‡æ³•åˆ†æéƒ¨åˆ†ï¼...

You may provide a definition with
\DeclareUnicodeCharacter 


! Package inputenc Error: Unicode character å›¾ (U+56FE)
(inputenc)                not set up for use with LaTeX.

See the inputenc package documentation for explanation.
Type  H <return>  for immediate help.
 ...                                              
                                                  
l.3 ...³å°ï¼Œæ•´ä¸ªå®ç°åˆ†ä¸ºä¸‰ä¸ªéƒ¨åˆ†å¦‚å›¾
                                                  ï¼šæ–‡æ³•åˆ†æéƒ¨åˆ†ï¼Œç±...

You may provide a definition with
\DeclareUnicodeCharacter 


! Package inputenc Error: Unicode character ï¼š (U+FF1A)
(inputenc)                not set up for use with LaTeX.

See the inputenc package documentation for explanation.
Type  H <return>  for immediate help.
 ...                                              
                                                  
l.3 ...°ï¼Œæ•´ä¸ªå®ç°åˆ†ä¸ºä¸‰ä¸ªéƒ¨åˆ†å¦‚å›¾ï¼š
                                                  æ–‡æ³•åˆ†æéƒ¨åˆ†ï¼Œç±»å...

You may provide a definition with
\DeclareUnicodeCharacter 


! Package inputenc Error: Unicode character æ–‡ (U+6587)
(inputenc)                not set up for use with LaTeX.

See the inputenc package documentation for explanation.
Type  H <return>  for immediate help.
 ...                                              
                                                  
l.3 ...Œæ•´ä¸ªå®ç°åˆ†ä¸ºä¸‰ä¸ªéƒ¨åˆ†å¦‚å›¾ï¼šæ–‡
                                                  æ³•åˆ†æéƒ¨åˆ†ï¼Œç±»å‹åˆ...

You may provide a definition with
\DeclareUnicodeCharacter 


! Package inputenc Error: Unicode character æ³• (U+6CD5)
(inputenc)                not set up for use with LaTeX.

See the inputenc package documentation for explanation.
Type  H <return>  for immediate help.
 ...                                              
                                                  
l.3 ...´ä¸ªå®ç°åˆ†ä¸ºä¸‰ä¸ªéƒ¨åˆ†å¦‚å›¾ï¼šæ–‡æ³•
                                                  åˆ†æéƒ¨åˆ†ï¼Œç±»å‹åˆ†æ...

You may provide a definition with
\DeclareUnicodeCharacter 


! Package inputenc Error: Unicode character åˆ† (U+5206)
(inputenc)                not set up for use with LaTeX.

See the inputenc package documentation for explanation.
Type  H <return>  for immediate help.
 ...                                              
                                                  
l.3 ...ªå®ç°åˆ†ä¸ºä¸‰ä¸ªéƒ¨åˆ†å¦‚å›¾ï¼šæ–‡æ³•åˆ†
                                                  æéƒ¨åˆ†ï¼Œç±»å‹åˆ†æéƒ...

You may provide a definition with
\DeclareUnicodeCharacter 


! Package inputenc Error: Unicode character æ (U+6790)
(inputenc)                not set up for use with LaTeX.

See the inputenc package documentation for explanation.
Type  H <return>  for immediate help.
 ...                                              
                                                  
l.3 ...ç°åˆ†ä¸ºä¸‰ä¸ªéƒ¨åˆ†å¦‚å›¾ï¼šæ–‡æ³•åˆ†æ
                                                  éƒ¨åˆ†ï¼Œç±»å‹åˆ†æéƒ¨åˆ...

You may provide a definition with
\DeclareUnicodeCharacter 


! Package inputenc Error: Unicode character éƒ¨ (U+90E8)
(inputenc)                not set up for use with LaTeX.

See the inputenc package documentation for explanation.
Type  H <return>  for immediate help.
 ...                                              
                                                  
l.3 ...°åˆ†ä¸ºä¸‰ä¸ªéƒ¨åˆ†å¦‚å›¾ï¼šæ–‡æ³•åˆ†æéƒ¨
                                                  åˆ†ï¼Œç±»å‹åˆ†æéƒ¨åˆ†ä»...

You may provide a definition with
\DeclareUnicodeCharacter 


! Package inputenc Error: Unicode character åˆ† (U+5206)
(inputenc)                not set up for use with LaTeX.

See the inputenc package documentation for explanation.
Type  H <return>  for immediate help.
 ...                                              
                                                  
l.3 ...†ä¸ºä¸‰ä¸ªéƒ¨åˆ†å¦‚å›¾ï¼šæ–‡æ³•åˆ†æéƒ¨åˆ†
                                                  ï¼Œç±»å‹åˆ†æéƒ¨åˆ†ä»¥å...

You may provide a definition with
\DeclareUnicodeCharacter 


! Package inputenc Error: Unicode character ï¼Œ (U+FF0C)
(inputenc)                not set up for use with LaTeX.

See the inputenc package documentation for explanation.
Type  H <return>  for immediate help.
 ...                                              
                                                  
l.3 ...ºä¸‰ä¸ªéƒ¨åˆ†å¦‚å›¾ï¼šæ–‡æ³•åˆ†æéƒ¨åˆ†ï¼Œ
                                                  ç±»å‹åˆ†æéƒ¨åˆ†ä»¥åŠéª...

You may provide a definition with
\DeclareUnicodeCharacter 


! Package inputenc Error: Unicode character ç±» (U+7C7B)
(inputenc)                not set up for use with LaTeX.

See the inputenc package documentation for explanation.
Type  H <return>  for immediate help.
 ...                                              
                                                  
l.3 ...‰ä¸ªéƒ¨åˆ†å¦‚å›¾ï¼šæ–‡æ³•åˆ†æéƒ¨åˆ†ï¼Œç±»
                                                  å‹åˆ†æéƒ¨åˆ†ä»¥åŠéªŒè¯...

You may provide a definition with
\DeclareUnicodeCharacter 


! Package inputenc Error: Unicode character å‹ (U+578B)
(inputenc)                not set up for use with LaTeX.

See the inputenc package documentation for explanation.
Type  H <return>  for immediate help.
 ...                                              
                                                  
l.3 ...ªéƒ¨åˆ†å¦‚å›¾ï¼šæ–‡æ³•åˆ†æéƒ¨åˆ†ï¼Œç±»å‹
                                                  åˆ†æéƒ¨åˆ†ä»¥åŠéªŒè¯éƒ...

You may provide a definition with
\DeclareUnicodeCharacter 


! Package inputenc Error: Unicode character åˆ† (U+5206)
(inputenc)                not set up for use with LaTeX.

See the inputenc package documentation for explanation.
Type  H <return>  for immediate help.
 ...                                              
                                                  
l.3 ...¨åˆ†å¦‚å›¾ï¼šæ–‡æ³•åˆ†æéƒ¨åˆ†ï¼Œç±»å‹åˆ†
                                                  æéƒ¨åˆ†ä»¥åŠéªŒè¯éƒ¨åˆ...

You may provide a definition with
\DeclareUnicodeCharacter 


! Package inputenc Error: Unicode character æ (U+6790)
(inputenc)                not set up for use with LaTeX.

See the inputenc package documentation for explanation.
Type  H <return>  for immediate help.
 ...                                              
                                                  
l.3 ...†å¦‚å›¾ï¼šæ–‡æ³•åˆ†æéƒ¨åˆ†ï¼Œç±»å‹åˆ†æ
                                                  éƒ¨åˆ†ä»¥åŠéªŒè¯éƒ¨åˆ†å’...

You may provide a definition with
\DeclareUnicodeCharacter 


! Package inputenc Error: Unicode character éƒ¨ (U+90E8)
(inputenc)                not set up for use with LaTeX.

See the inputenc package documentation for explanation.
Type  H <return>  for immediate help.
 ...                                              
                                                  
l.3 ...‚å›¾ï¼šæ–‡æ³•åˆ†æéƒ¨åˆ†ï¼Œç±»å‹åˆ†æéƒ¨
                                                  åˆ†ä»¥åŠéªŒè¯éƒ¨åˆ†å’Œä¸...

You may provide a definition with
\DeclareUnicodeCharacter 


! Package inputenc Error: Unicode character åˆ† (U+5206)
(inputenc)                not set up for use with LaTeX.

See the inputenc package documentation for explanation.
Type  H <return>  for immediate help.
 ...                                              
                                                  
l.3 ...¾ï¼šæ–‡æ³•åˆ†æéƒ¨åˆ†ï¼Œç±»å‹åˆ†æéƒ¨åˆ†
                                                  ä»¥åŠéªŒè¯éƒ¨åˆ†å’Œä¸¤ç§...

You may provide a definition with
\DeclareUnicodeCharacter 


! Package inputenc Error: Unicode character ä»¥ (U+4EE5)
(inputenc)                not set up for use with LaTeX.

See the inputenc package documentation for explanation.
Type  H <return>  for immediate help.
 ...                                              
                                                  
l.3 ...šæ–‡æ³•åˆ†æéƒ¨åˆ†ï¼Œç±»å‹åˆ†æéƒ¨åˆ†ä»¥
                                                  åŠéªŒè¯éƒ¨åˆ†å’Œä¸¤ç§è¯...

You may provide a definition with
\DeclareUnicodeCharacter 


! Package inputenc Error: Unicode character åŠ (U+53CA)
(inputenc)                not set up for use with LaTeX.

See the inputenc package documentation for explanation.
Type  H <return>  for immediate help.
 ...                                              
                                                  
l.3 ...‡æ³•åˆ†æéƒ¨åˆ†ï¼Œç±»å‹åˆ†æéƒ¨åˆ†ä»¥åŠ
                                                  éªŒè¯éƒ¨åˆ†å’Œä¸¤ç§è¯­æ³...

You may provide a definition with
\DeclareUnicodeCharacter 


! Package inputenc Error: Unicode character éªŒ (U+9A8C)
(inputenc)                not set up for use with LaTeX.

See the inputenc package documentation for explanation.
Type  H <return>  for immediate help.
 ...                                              
                                                  
l.3 ...•åˆ†æéƒ¨åˆ†ï¼Œç±»å‹åˆ†æéƒ¨åˆ†ä»¥åŠéªŒ
                                                  è¯éƒ¨åˆ†å’Œä¸¤ç§è¯­æ³•æ ...

You may provide a definition with
\DeclareUnicodeCharacter 


! Package inputenc Error: Unicode character è¯ (U+8BC1)
(inputenc)                not set up for use with LaTeX.

See the inputenc package documentation for explanation.
Type  H <return>  for immediate help.
 ...                                              
                                                  
l.3 ...†æéƒ¨åˆ†ï¼Œç±»å‹åˆ†æéƒ¨åˆ†ä»¥åŠéªŒè¯
                                                  éƒ¨åˆ†å’Œä¸¤ç§è¯­æ³•æ ‘ã€...

You may provide a definition with
\DeclareUnicodeCharacter 


! Package inputenc Error: Unicode character éƒ¨ (U+90E8)
(inputenc)                not set up for use with LaTeX.

See the inputenc package documentation for explanation.
Type  H <return>  for immediate help.
 ...                                              
                                                  
l.3 ...éƒ¨åˆ†ï¼Œç±»å‹åˆ†æéƒ¨åˆ†ä»¥åŠéªŒè¯éƒ¨
                                                  åˆ†å’Œä¸¤ç§è¯­æ³•æ ‘ã€‚æ–...

You may provide a definition with
\DeclareUnicodeCharacter 


! Package inputenc Error: Unicode character åˆ† (U+5206)
(inputenc)                not set up for use with LaTeX.

See the inputenc package documentation for explanation.
Type  H <return>  for immediate help.
 ...                                              
                                                  
l.3 ...¨åˆ†ï¼Œç±»å‹åˆ†æéƒ¨åˆ†ä»¥åŠéªŒè¯éƒ¨åˆ†
                                                  å’Œä¸¤ç§è¯­æ³•æ ‘ã€‚æ–‡æ³...

You may provide a definition with
\DeclareUnicodeCharacter 


! Package inputenc Error: Unicode character å’Œ (U+548C)
(inputenc)                not set up for use with LaTeX.

See the inputenc package documentation for explanation.
Type  H <return>  for immediate help.
 ...                                              
                                                  
l.3 ...†ï¼Œç±»å‹åˆ†æéƒ¨åˆ†ä»¥åŠéªŒè¯éƒ¨åˆ†å’Œ
                                                  ä¸¤ç§è¯­æ³•æ ‘ã€‚æ–‡æ³•åˆ...

You may provide a definition with
\DeclareUnicodeCharacter 


! Package inputenc Error: Unicode character ä¸¤ (U+4E24)
(inputenc)                not set up for use with LaTeX.

See the inputenc package documentation for explanation.
Type  H <return>  for immediate help.
 ...                                              
                                                  
l.3 ...Œç±»å‹åˆ†æéƒ¨åˆ†ä»¥åŠéªŒè¯éƒ¨åˆ†å’Œä¸¤
                                                  ç§è¯­æ³•æ ‘ã€‚æ–‡æ³•åˆ†æ...

You may provide a definition with
\DeclareUnicodeCharacter 


! Package inputenc Error: Unicode character ç§ (U+79CD)
(inputenc)                not set up for use with LaTeX.

See the inputenc package documentation for explanation.
Type  H <return>  for immediate help.
 ...                                              
                                                  
l.3 ...»å‹åˆ†æéƒ¨åˆ†ä»¥åŠéªŒè¯éƒ¨åˆ†å’Œä¸¤ç§
                                                  è¯­æ³•æ ‘ã€‚æ–‡æ³•åˆ†æéƒ...

You may provide a definition with
\DeclareUnicodeCharacter 


! Package inputenc Error: Unicode character è¯­ (U+8BED)
(inputenc)                not set up for use with LaTeX.

See the inputenc package documentation for explanation.
Type  H <return>  for immediate help.
 ...                                              
                                                  
l.3 ...‹åˆ†æéƒ¨åˆ†ä»¥åŠéªŒè¯éƒ¨åˆ†å’Œä¸¤ç§è¯­
                                                  æ³•æ ‘ã€‚æ–‡æ³•åˆ†æéƒ¨åˆ...

You may provide a definition with
\DeclareUnicodeCharacter 


! Package inputenc Error: Unicode character æ³• (U+6CD5)
(inputenc)                not set up for use with LaTeX.

See the inputenc package documentation for explanation.
Type  H <return>  for immediate help.
 ...                                              
                                                  
l.3 ...†æéƒ¨åˆ†ä»¥åŠéªŒè¯éƒ¨åˆ†å’Œä¸¤ç§è¯­æ³•
                                                  æ ‘ã€‚æ–‡æ³•åˆ†æéƒ¨åˆ†ä½...

You may provide a definition with
\DeclareUnicodeCharacter 


! Package inputenc Error: Unicode character æ ‘ (U+6811)
(inputenc)                not set up for use with LaTeX.

See the inputenc package documentation for explanation.
Type  H <return>  for immediate help.
 ...                                              
                                                  
l.3 ...éƒ¨åˆ†ä»¥åŠéªŒè¯éƒ¨åˆ†å’Œä¸¤ç§è¯­æ³•æ ‘
                                                  ã€‚æ–‡æ³•åˆ†æéƒ¨åˆ†ä½¿ç”...

You may provide a definition with
\DeclareUnicodeCharacter 


! Package inputenc Error: Unicode character ã€‚ (U+3002)
(inputenc)                not set up for use with LaTeX.

See the inputenc package documentation for explanation.
Type  H <return>  for immediate help.
 ...                                              
                                                  
l.3 ...¨åˆ†ä»¥åŠéªŒè¯éƒ¨åˆ†å’Œä¸¤ç§è¯­æ³•æ ‘ã€‚
                                                  æ–‡æ³•åˆ†æéƒ¨åˆ†ä½¿ç”¨oc...

You may provide a definition with
\DeclareUnicodeCharacter 


! Package inputenc Error: Unicode character æ–‡ (U+6587)
(inputenc)                not set up for use with LaTeX.

See the inputenc package documentation for explanation.
Type  H <return>  for immediate help.
 ...                                              
                                                  
l.3 ...†ä»¥åŠéªŒè¯éƒ¨åˆ†å’Œä¸¤ç§è¯­æ³•æ ‘ã€‚æ–‡
                                                  æ³•åˆ†æéƒ¨åˆ†ä½¿ç”¨ocaml...

You may provide a definition with
\DeclareUnicodeCharacter 


! Package inputenc Error: Unicode character æ³• (U+6CD5)
(inputenc)                not set up for use with LaTeX.

See the inputenc package documentation for explanation.
Type  H <return>  for immediate help.
 ...                                              
                                                  
l.3 ...¥åŠéªŒè¯éƒ¨åˆ†å’Œä¸¤ç§è¯­æ³•æ ‘ã€‚æ–‡æ³•
                                                  åˆ†æéƒ¨åˆ†ä½¿ç”¨ocamllex...

You may provide a definition with
\DeclareUnicodeCharacter 


! Package inputenc Error: Unicode character åˆ† (U+5206)
(inputenc)                not set up for use with LaTeX.

See the inputenc package documentation for explanation.
Type  H <return>  for immediate help.
 ...                                              
                                                  
l.3 ...ŠéªŒè¯éƒ¨åˆ†å’Œä¸¤ç§è¯­æ³•æ ‘ã€‚æ–‡æ³•åˆ†
                                                  æéƒ¨åˆ†ä½¿ç”¨ocamllexå’Œ...

You may provide a definition with
\DeclareUnicodeCharacter 


! Package inputenc Error: Unicode character æ (U+6790)
(inputenc)                not set up for use with LaTeX.

See the inputenc package documentation for explanation.
Type  H <return>  for immediate help.
 ...                                              
                                                  
l.3 ...Œè¯éƒ¨åˆ†å’Œä¸¤ç§è¯­æ³•æ ‘ã€‚æ–‡æ³•åˆ†æ
                                                  éƒ¨åˆ†ä½¿ç”¨ocamllexå’Œmen...

You may provide a definition with
\DeclareUnicodeCharacter 


! Package inputenc Error: Unicode character éƒ¨ (U+90E8)
(inputenc)                not set up for use with LaTeX.

See the inputenc package documentation for explanation.
Type  H <return>  for immediate help.
 ...                                              
                                                  
l.3 ...éƒ¨åˆ†å’Œä¸¤ç§è¯­æ³•æ ‘ã€‚æ–‡æ³•åˆ†æéƒ¨
                                                  åˆ†ä½¿ç”¨ocamllexå’Œmenhir...

You may provide a definition with
\DeclareUnicodeCharacter 


! Package inputenc Error: Unicode character åˆ† (U+5206)
(inputenc)                not set up for use with LaTeX.

See the inputenc package documentation for explanation.
Type  H <return>  for immediate help.
 ...                                              
                                                  
l.3 ...¨åˆ†å’Œä¸¤ç§è¯­æ³•æ ‘ã€‚æ–‡æ³•åˆ†æéƒ¨åˆ†
                                                  ä½¿ç”¨ocamllexå’Œmenhirå·¥...

You may provide a definition with
\DeclareUnicodeCharacter 


! Package inputenc Error: Unicode character ä½¿ (U+4F7F)
(inputenc)                not set up for use with LaTeX.

See the inputenc package documentation for explanation.
Type  H <return>  for immediate help.
 ...                                              
                                                  
l.3 ...†å’Œä¸¤ç§è¯­æ³•æ ‘ã€‚æ–‡æ³•åˆ†æéƒ¨åˆ†ä½¿
                                                  ç”¨ocamllexå’Œmenhirå·¥å…·...

You may provide a definition with
\DeclareUnicodeCharacter 


! Package inputenc Error: Unicode character ç”¨ (U+7528)
(inputenc)                not set up for use with LaTeX.

See the inputenc package documentation for explanation.
Type  H <return>  for immediate help.
 ...                                              
                                                  
l.3 ...Œä¸¤ç§è¯­æ³•æ ‘ã€‚æ–‡æ³•åˆ†æéƒ¨åˆ†ä½¿ç”¨
                                                  ocamllexå’Œmenhirå·¥å…·è¿›...

You may provide a definition with
\DeclareUnicodeCharacter 

Missing character: There is no o in font nullfont!
Missing character: There is no c in font nullfont!
Missing character: There is no a in font nullfont!
Missing character: There is no m in font nullfont!
Missing character: There is no l in font nullfont!
Missing character: There is no l in font nullfont!
Missing character: There is no e in font nullfont!
Missing character: There is no x in font nullfont!

! Package inputenc Error: Unicode character å’Œ (U+548C)
(inputenc)                not set up for use with LaTeX.

See the inputenc package documentation for explanation.
Type  H <return>  for immediate help.
 ...                                              
                                                  
l.3 ...³•æ ‘ã€‚æ–‡æ³•åˆ†æéƒ¨åˆ†ä½¿ç”¨ocamllexå’Œ
                                                  menhirå·¥å…·è¿›è¡Œæ–‡æ³•åˆ...

You may provide a definition with
\DeclareUnicodeCharacter 

Missing character: There is no m in font nullfont!
Missing character: There is no e in font nullfont!
Missing character: There is no n in font nullfont!
Missing character: There is no h in font nullfont!
Missing character: There is no i in font nullfont!
Missing character: There is no r in font nullfont!

! Package inputenc Error: Unicode character å·¥ (U+5DE5)
(inputenc)                not set up for use with LaTeX.

See the inputenc package documentation for explanation.
Type  H <return>  for immediate help.
 ...                                              
                                                  
l.3 ...–‡æ³•åˆ†æéƒ¨åˆ†ä½¿ç”¨ocamllexå’Œmenhirå·¥
                                                  å…·è¿›è¡Œæ–‡æ³•åˆ†æå™¨çš...

You may provide a definition with
\DeclareUnicodeCharacter 


! Package inputenc Error: Unicode character å…· (U+5177)
(inputenc)                not set up for use with LaTeX.

See the inputenc package documentation for explanation.
Type  H <return>  for immediate help.
 ...                                              
                                                  
l.3 ...³•åˆ†æéƒ¨åˆ†ä½¿ç”¨ocamllexå’Œmenhirå·¥å…·
                                                  è¿›è¡Œæ–‡æ³•åˆ†æå™¨çš„ç¼...

You may provide a definition with
\DeclareUnicodeCharacter 


! Package inputenc Error: Unicode character è¿› (U+8FDB)
(inputenc)                not set up for use with LaTeX.

See the inputenc package documentation for explanation.
Type  H <return>  for immediate help.
 ...                                              
                                                  
l.3 ...ˆ†æéƒ¨åˆ†ä½¿ç”¨ocamllexå’Œmenhirå·¥å…·è¿›
                                                  è¡Œæ–‡æ³•åˆ†æå™¨çš„ç¼–å†...

You may provide a definition with
\DeclareUnicodeCharacter 


! Package inputenc Error: Unicode character è¡Œ (U+884C)
(inputenc)                not set up for use with LaTeX.

See the inputenc package documentation for explanation.
Type  H <return>  for immediate help.
 ...                                              
                                                  
l.3 ...éƒ¨åˆ†ä½¿ç”¨ocamllexå’Œmenhirå·¥å…·è¿›è¡Œ
                                                  æ–‡æ³•åˆ†æå™¨çš„ç¼–å†™ï¼...

You may provide a definition with
\DeclareUnicodeCharacter 


! Package inputenc Error: Unicode character æ–‡ (U+6587)
(inputenc)                not set up for use with LaTeX.

See the inputenc package documentation for explanation.
Type  H <return>  for immediate help.
 ...                                              
                                                  
l.3 ...ƒ¨åˆ†ä½¿ç”¨ocamllexå’Œmenhirå·¥å…·è¿›è¡Œæ–‡
                                                  æ³•åˆ†æå™¨çš„ç¼–å†™ï¼Œæ...

You may provide a definition with
\DeclareUnicodeCharacter 


! Package inputenc Error: Unicode character æ³• (U+6CD5)
(inputenc)                not set up for use with LaTeX.

See the inputenc package documentation for explanation.
Type  H <return>  for immediate help.
 ...                                              
                                                  
l.3 ...ˆ†ä½¿ç”¨ocamllexå’Œmenhirå·¥å…·è¿›è¡Œæ–‡æ³•
                                                  åˆ†æå™¨çš„ç¼–å†™ï¼Œæ¥å...

You may provide a definition with
\DeclareUnicodeCharacter 


! Package inputenc Error: Unicode character åˆ† (U+5206)
(inputenc)                not set up for use with LaTeX.

See the inputenc package documentation for explanation.
Type  H <return>  for immediate help.
 ...                                              
                                                  
l.3 ...½¿ç”¨ocamllexå’Œmenhirå·¥å…·è¿›è¡Œæ–‡æ³•åˆ†
                                                  æå™¨çš„ç¼–å†™ï¼Œæ¥å—ä¸...

You may provide a definition with
\DeclareUnicodeCharacter 


! Package inputenc Error: Unicode character æ (U+6790)
(inputenc)                not set up for use with LaTeX.

See the inputenc package documentation for explanation.
Type  H <return>  for immediate help.
 ...                                              
                                                  
l.3 ...”¨ocamllexå’Œmenhirå·¥å…·è¿›è¡Œæ–‡æ³•åˆ†æ
                                                  å™¨çš„ç¼–å†™ï¼Œæ¥å—ä¸€ä»...

You may provide a definition with
\DeclareUnicodeCharacter 


! Package inputenc Error: Unicode character å™¨ (U+5668)
(inputenc)                not set up for use with LaTeX.

See the inputenc package documentation for explanation.
Type  H <return>  for immediate help.
 ...                                              
                                                  
l.3 ...camllexå’Œmenhirå·¥å…·è¿›è¡Œæ–‡æ³•åˆ†æå™¨
                                                  çš„ç¼–å†™ï¼Œæ¥å—ä¸€ä»½Wy...

You may provide a definition with
\DeclareUnicodeCharacter 


! Package inputenc Error: Unicode character çš„ (U+7684)
(inputenc)                not set up for use with LaTeX.

See the inputenc package documentation for explanation.
Type  H <return>  for immediate help.
 ...                                              
                                                  
l.3 ...llexå’Œmenhirå·¥å…·è¿›è¡Œæ–‡æ³•åˆ†æå™¨çš„
                                                  ç¼–å†™ï¼Œæ¥å—ä¸€ä»½Wys*ä...

You may provide a definition with
\DeclareUnicodeCharacter 


! Package inputenc Error: Unicode character ç¼– (U+7F16)
(inputenc)                not set up for use with LaTeX.

See the inputenc package documentation for explanation.
Type  H <return>  for immediate help.
 ...                                              
                                                  
l.3 ...xå’Œmenhirå·¥å…·è¿›è¡Œæ–‡æ³•åˆ†æå™¨çš„ç¼–
                                                  å†™ï¼Œæ¥å—ä¸€ä»½Wys*ä»£ç...

You may provide a definition with
\DeclareUnicodeCharacter 


! Package inputenc Error: Unicode character å†™ (U+5199)
(inputenc)                not set up for use with LaTeX.

See the inputenc package documentation for explanation.
Type  H <return>  for immediate help.
 ...                                              
                                                  
l.3 ...Œmenhirå·¥å…·è¿›è¡Œæ–‡æ³•åˆ†æå™¨çš„ç¼–å†™
                                                  ï¼Œæ¥å—ä¸€ä»½Wys*ä»£ç å...

You may provide a definition with
\DeclareUnicodeCharacter 


! Package inputenc Error: Unicode character ï¼Œ (U+FF0C)
(inputenc)                not set up for use with LaTeX.

See the inputenc package documentation for explanation.
Type  H <return>  for immediate help.
 ...                                              
                                                  
l.3 ...nhirå·¥å…·è¿›è¡Œæ–‡æ³•åˆ†æå™¨çš„ç¼–å†™ï¼Œ
                                                  æ¥å—ä¸€ä»½Wys*ä»£ç å¹¶ä...

You may provide a definition with
\DeclareUnicodeCharacter 


! Package inputenc Error: Unicode character æ¥ (U+63A5)
(inputenc)                not set up for use with LaTeX.

See the inputenc package documentation for explanation.
Type  H <return>  for immediate help.
 ...                                              
                                                  
l.3 ...rå·¥å…·è¿›è¡Œæ–‡æ³•åˆ†æå™¨çš„ç¼–å†™ï¼Œæ¥
                                                  å—ä¸€ä»½Wys*ä»£ç å¹¶äº§ç...

You may provide a definition with
\DeclareUnicodeCharacter 


! Package inputenc Error: Unicode character å— (U+53D7)
(inputenc)                not set up for use with LaTeX.

See the inputenc package documentation for explanation.
Type  H <return>  for immediate help.
 ...                                              
                                                  
l.3 ...¥å…·è¿›è¡Œæ–‡æ³•åˆ†æå™¨çš„ç¼–å†™ï¼Œæ¥å—
                                                  ä¸€ä»½Wys*ä»£ç å¹¶äº§ç”Ÿè...

You may provide a definition with
\DeclareUnicodeCharacter 


! Package inputenc Error: Unicode character ä¸€ (U+4E00)
(inputenc)                not set up for use with LaTeX.

See the inputenc package documentation for explanation.
Type  H <return>  for immediate help.
 ...                                              
                                                  
l.3 ...·è¿›è¡Œæ–‡æ³•åˆ†æå™¨çš„ç¼–å†™ï¼Œæ¥å—ä¸€
                                                  ä»½Wys*ä»£ç å¹¶äº§ç”Ÿè¯¥ä...

You may provide a definition with
\DeclareUnicodeCharacter 


! Package inputenc Error: Unicode character ä»½ (U+4EFD)
(inputenc)                not set up for use with LaTeX.

See the inputenc package documentation for explanation.
Type  H <return>  for immediate help.
 ...                                              
                                                  
l.3 ...›è¡Œæ–‡æ³•åˆ†æå™¨çš„ç¼–å†™ï¼Œæ¥å—ä¸€ä»½
                                                  Wys*ä»£ç å¹¶äº§ç”Ÿè¯¥ä»£ç...

You may provide a definition with
\DeclareUnicodeCharacter 

Missing character: There is no W in font nullfont!
Missing character: There is no y in font nullfont!
Missing character: There is no s in font nullfont!
Missing character: There is no * in font nullfont!

! Package inputenc Error: Unicode character ä»£ (U+4EE3)
(inputenc)                not set up for use with LaTeX.

See the inputenc package documentation for explanation.
Type  H <return>  for immediate help.
 ...                                              
                                                  
l.3 ...æ³•åˆ†æå™¨çš„ç¼–å†™ï¼Œæ¥å—ä¸€ä»½Wys*ä»£
                                                  ç å¹¶äº§ç”Ÿè¯¥ä»£ç çš„è¯...

You may provide a definition with
\DeclareUnicodeCharacter 


! Package inputenc Error: Unicode character ç  (U+7801)
(inputenc)                not set up for use with LaTeX.

See the inputenc package documentation for explanation.
Type  H <return>  for immediate help.
 ...                                              
                                                  
l.3 ...åˆ†æå™¨çš„ç¼–å†™ï¼Œæ¥å—ä¸€ä»½Wys*ä»£ç 
                                                  å¹¶äº§ç”Ÿè¯¥ä»£ç çš„è¯­æ³...

You may provide a definition with
\DeclareUnicodeCharacter 


! Package inputenc Error: Unicode character å¹¶ (U+5E76)
(inputenc)                not set up for use with LaTeX.

See the inputenc package documentation for explanation.
Type  H <return>  for immediate help.
 ...                                              
                                                  
l.3 ...æå™¨çš„ç¼–å†™ï¼Œæ¥å—ä¸€ä»½Wys*ä»£ç å¹¶
                                                  äº§ç”Ÿè¯¥ä»£ç çš„è¯­æ³•æ ...

You may provide a definition with
\DeclareUnicodeCharacter 


! Package inputenc Error: Unicode character äº§ (U+4EA7)
(inputenc)                not set up for use with LaTeX.

See the inputenc package documentation for explanation.
Type  H <return>  for immediate help.
 ...                                              
                                                  
l.3 ...å™¨çš„ç¼–å†™ï¼Œæ¥å—ä¸€ä»½Wys*ä»£ç å¹¶äº§
                                                  ç”Ÿè¯¥ä»£ç çš„è¯­æ³•æ ‘ï¼...
(That makes 100 errors; please try again.) 
Here is how much of TeX's memory you used:
 77 strings out of 480607
 962 string characters out of 5903083
 239641 words of memory out of 5000000
 16070 multiletter control sequences out of 15000+600000
 532338 words of font info for 24 fonts, out of 8000000 for 9000
 1141 hyphenation exceptions out of 8191
 12i,0n,15p,775b,22s stack positions out of 5000i,500n,10000p,200000b,80000s

!  ==> Fatal error occurred, no output PDF file produced!
