This is pdfTeX, Version 3.14159265-2.6-1.40.21 (TeX Live 2020/W32TeX) (preloaded format=pdflatex 2020.4.28)  18 MAY 2020 17:55
entering extended mode
 restricted \write18 enabled.
 %&-line parsing enabled.
**Chap_Intro.tex
(./Chap_Intro.tex
LaTeX2e <2020-02-02> patch level 5
L3 programming layer <2020-04-06>
! Undefined control sequence.
l.1 \chapter
            {ç»ªè®º}\label{chap:introduction}
The control sequence at the end of the top line
of your error message was never \def'ed. If you have
misspelled it (e.g., `\hobx'), type `I' and the correct
spelling (e.g., `I\hbox'). Otherwise just continue,
and I'll forget about whatever was undefined.


! Package inputenc Error: Unicode character ç»ª (U+7EEA)
(inputenc)                not set up for use with LaTeX.

See the inputenc package documentation for explanation.
Type  H <return>  for immediate help.
 ...                                              
                                                  
l.1 \chapter{ç»ª
                è®º}\label{chap:introduction}
You may provide a definition with
\DeclareUnicodeCharacter 


! Package inputenc Error: Unicode character è®º (U+8BBA)
(inputenc)                not set up for use with LaTeX.

See the inputenc package documentation for explanation.
Type  H <return>  for immediate help.
 ...                                              
                                                  
l.1 \chapter{ç»ªè®º
                   }\label{chap:introduction}
You may provide a definition with
\DeclareUnicodeCharacter 

! Undefined control sequence.
l.3 \section
            {èƒŒæ™¯ä»‹ç»}
The control sequence at the end of the top line
of your error message was never \def'ed. If you have
misspelled it (e.g., `\hobx'), type `I' and the correct
spelling (e.g., `I\hbox'). Otherwise just continue,
and I'll forget about whatever was undefined.


! Package inputenc Error: Unicode character èƒŒ (U+80CC)
(inputenc)                not set up for use with LaTeX.

See the inputenc package documentation for explanation.
Type  H <return>  for immediate help.
 ...                                              
                                                  
l.3 \section{èƒŒ
                æ™¯ä»‹ç»}
You may provide a definition with
\DeclareUnicodeCharacter 


! Package inputenc Error: Unicode character æ™¯ (U+666F)
(inputenc)                not set up for use with LaTeX.

See the inputenc package documentation for explanation.
Type  H <return>  for immediate help.
 ...                                              
                                                  
l.3 \section{èƒŒæ™¯
                   ä»‹ç»}
You may provide a definition with
\DeclareUnicodeCharacter 


! Package inputenc Error: Unicode character ä»‹ (U+4ECB)
(inputenc)                not set up for use with LaTeX.

See the inputenc package documentation for explanation.
Type  H <return>  for immediate help.
 ...                                              
                                                  
l.3 \section{èƒŒæ™¯ä»‹
                      ç»}
You may provide a definition with
\DeclareUnicodeCharacter 


! Package inputenc Error: Unicode character ç» (U+7ECD)
(inputenc)                not set up for use with LaTeX.

See the inputenc package documentation for explanation.
Type  H <return>  for immediate help.
 ...                                              
                                                  
l.3 \section{èƒŒæ™¯ä»‹ç»
                         }
You may provide a definition with
\DeclareUnicodeCharacter 


! Package inputenc Error: Unicode character éš (U+968F)
(inputenc)                not set up for use with LaTeX.

See the inputenc package documentation for explanation.
Type  H <return>  for immediate help.
 ...                                              
                                                  
l.4 éš
       ç€äº’è”ç½‘æŠ€æœ¯çš„æ™®åŠåº”ç”¨ï¼Œä¸åŒçš„åº”ç”¨åœºæ™¯éƒ½åœ¨å¯»æ‰¾...

You may provide a definition with
\DeclareUnicodeCharacter 


! Package inputenc Error: Unicode character ç€ (U+7740)
(inputenc)                not set up for use with LaTeX.

See the inputenc package documentation for explanation.
Type  H <return>  for immediate help.
 ...                                              
                                                  
l.4 éšç€
          äº’è”ç½‘æŠ€æœ¯çš„æ™®åŠåº”ç”¨ï¼Œä¸åŒçš„åº”ç”¨åœºæ™¯éƒ½åœ¨å¯»æ‰¾...

You may provide a definition with
\DeclareUnicodeCharacter 


! Package inputenc Error: Unicode character äº’ (U+4E92)
(inputenc)                not set up for use with LaTeX.

See the inputenc package documentation for explanation.
Type  H <return>  for immediate help.
 ...                                              
                                                  
l.4 éšç€äº’
             è”ç½‘æŠ€æœ¯çš„æ™®åŠåº”ç”¨ï¼Œä¸åŒçš„åº”ç”¨åœºæ™¯éƒ½åœ¨å¯»æ‰¾...

You may provide a definition with
\DeclareUnicodeCharacter 


! Package inputenc Error: Unicode character è” (U+8054)
(inputenc)                not set up for use with LaTeX.

See the inputenc package documentation for explanation.
Type  H <return>  for immediate help.
 ...                                              
                                                  
l.4 éšç€äº’è”
                ç½‘æŠ€æœ¯çš„æ™®åŠåº”ç”¨ï¼Œä¸åŒçš„åº”ç”¨åœºæ™¯éƒ½åœ¨å¯»æ‰¾...

You may provide a definition with
\DeclareUnicodeCharacter 


! Package inputenc Error: Unicode character ç½‘ (U+7F51)
(inputenc)                not set up for use with LaTeX.

See the inputenc package documentation for explanation.
Type  H <return>  for immediate help.
 ...                                              
                                                  
l.4 éšç€äº’è”ç½‘
                   æŠ€æœ¯çš„æ™®åŠåº”ç”¨ï¼Œä¸åŒçš„åº”ç”¨åœºæ™¯éƒ½åœ¨å¯»æ‰¾...

You may provide a definition with
\DeclareUnicodeCharacter 


! Package inputenc Error: Unicode character æŠ€ (U+6280)
(inputenc)                not set up for use with LaTeX.

See the inputenc package documentation for explanation.
Type  H <return>  for immediate help.
 ...                                              
                                                  
l.4 éšç€äº’è”ç½‘æŠ€
                      æœ¯çš„æ™®åŠåº”ç”¨ï¼Œä¸åŒçš„åº”ç”¨åœºæ™¯éƒ½åœ¨å¯»æ‰¾...

You may provide a definition with
\DeclareUnicodeCharacter 


! Package inputenc Error: Unicode character æœ¯ (U+672F)
(inputenc)                not set up for use with LaTeX.

See the inputenc package documentation for explanation.
Type  H <return>  for immediate help.
 ...                                              
                                                  
l.4 éšç€äº’è”ç½‘æŠ€æœ¯
                         çš„æ™®åŠåº”ç”¨ï¼Œä¸åŒçš„åº”ç”¨åœºæ™¯éƒ½åœ¨å¯»æ‰¾...

You may provide a definition with
\DeclareUnicodeCharacter 


! Package inputenc Error: Unicode character çš„ (U+7684)
(inputenc)                not set up for use with LaTeX.

See the inputenc package documentation for explanation.
Type  H <return>  for immediate help.
 ...                                              
                                                  
l.4 éšç€äº’è”ç½‘æŠ€æœ¯çš„
                            æ™®åŠåº”ç”¨ï¼Œä¸åŒçš„åº”ç”¨åœºæ™¯éƒ½åœ¨å¯»æ‰¾...

You may provide a definition with
\DeclareUnicodeCharacter 


! Package inputenc Error: Unicode character æ™® (U+666E)
(inputenc)                not set up for use with LaTeX.

See the inputenc package documentation for explanation.
Type  H <return>  for immediate help.
 ...                                              
                                                  
l.4 éšç€äº’è”ç½‘æŠ€æœ¯çš„æ™®
                               åŠåº”ç”¨ï¼Œä¸åŒçš„åº”ç”¨åœºæ™¯éƒ½åœ¨å¯»æ‰¾...

You may provide a definition with
\DeclareUnicodeCharacter 


! Package inputenc Error: Unicode character åŠ (U+53CA)
(inputenc)                not set up for use with LaTeX.

See the inputenc package documentation for explanation.
Type  H <return>  for immediate help.
 ...                                              
                                                  
l.4 éšç€äº’è”ç½‘æŠ€æœ¯çš„æ™®åŠ
                                  åº”ç”¨ï¼Œä¸åŒçš„åº”ç”¨åœºæ™¯éƒ½åœ¨å¯»æ‰¾...

You may provide a definition with
\DeclareUnicodeCharacter 


! Package inputenc Error: Unicode character åº” (U+5E94)
(inputenc)                not set up for use with LaTeX.

See the inputenc package documentation for explanation.
Type  H <return>  for immediate help.
 ...                                              
                                                  
l.4 éšç€äº’è”ç½‘æŠ€æœ¯çš„æ™®åŠåº”
                                     ç”¨ï¼Œä¸åŒçš„åº”ç”¨åœºæ™¯éƒ½åœ¨å¯»æ‰¾...

You may provide a definition with
\DeclareUnicodeCharacter 


! Package inputenc Error: Unicode character ç”¨ (U+7528)
(inputenc)                not set up for use with LaTeX.

See the inputenc package documentation for explanation.
Type  H <return>  for immediate help.
 ...                                              
                                                  
l.4 éšç€äº’è”ç½‘æŠ€æœ¯çš„æ™®åŠåº”ç”¨
                                        ï¼Œä¸åŒçš„åº”ç”¨åœºæ™¯éƒ½åœ¨å¯»æ‰¾...

You may provide a definition with
\DeclareUnicodeCharacter 


! Package inputenc Error: Unicode character ï¼Œ (U+FF0C)
(inputenc)                not set up for use with LaTeX.

See the inputenc package documentation for explanation.
Type  H <return>  for immediate help.
 ...                                              
                                                  
l.4 éšç€äº’è”ç½‘æŠ€æœ¯çš„æ™®åŠåº”ç”¨ï¼Œ
                                           ä¸åŒçš„åº”ç”¨åœºæ™¯éƒ½åœ¨å¯»æ‰¾...

You may provide a definition with
\DeclareUnicodeCharacter 


! Package inputenc Error: Unicode character ä¸ (U+4E0D)
(inputenc)                not set up for use with LaTeX.

See the inputenc package documentation for explanation.
Type  H <return>  for immediate help.
 ...                                              
                                                  
l.4 éšç€äº’è”ç½‘æŠ€æœ¯çš„æ™®åŠåº”ç”¨ï¼Œä¸
                                              åŒçš„åº”ç”¨åœºæ™¯éƒ½åœ¨å¯»æ‰¾...

You may provide a definition with
\DeclareUnicodeCharacter 


! Package inputenc Error: Unicode character åŒ (U+540C)
(inputenc)                not set up for use with LaTeX.

See the inputenc package documentation for explanation.
Type  H <return>  for immediate help.
 ...                                              
                                                  
l.4 éšç€äº’è”ç½‘æŠ€æœ¯çš„æ™®åŠåº”ç”¨ï¼Œä¸åŒ
                                                 çš„åº”ç”¨åœºæ™¯éƒ½åœ¨å¯»æ‰¾...

You may provide a definition with
\DeclareUnicodeCharacter 


! Package inputenc Error: Unicode character çš„ (U+7684)
(inputenc)                not set up for use with LaTeX.

See the inputenc package documentation for explanation.
Type  H <return>  for immediate help.
 ...                                              
                                                  
l.4 ...€äº’è”ç½‘æŠ€æœ¯çš„æ™®åŠåº”ç”¨ï¼Œä¸åŒçš„
                                                  åº”ç”¨åœºæ™¯éƒ½åœ¨å¯»æ‰¾å...

You may provide a definition with
\DeclareUnicodeCharacter 


! Package inputenc Error: Unicode character åº” (U+5E94)
(inputenc)                not set up for use with LaTeX.

See the inputenc package documentation for explanation.
Type  H <return>  for immediate help.
 ...                                              
                                                  
l.4 ...’è”ç½‘æŠ€æœ¯çš„æ™®åŠåº”ç”¨ï¼Œä¸åŒçš„åº”
                                                  ç”¨åœºæ™¯éƒ½åœ¨å¯»æ‰¾åˆé€...

You may provide a definition with
\DeclareUnicodeCharacter 


! Package inputenc Error: Unicode character ç”¨ (U+7528)
(inputenc)                not set up for use with LaTeX.

See the inputenc package documentation for explanation.
Type  H <return>  for immediate help.
 ...                                              
                                                  
l.4 ...”ç½‘æŠ€æœ¯çš„æ™®åŠåº”ç”¨ï¼Œä¸åŒçš„åº”ç”¨
                                                  åœºæ™¯éƒ½åœ¨å¯»æ‰¾åˆé€‚çš...

You may provide a definition with
\DeclareUnicodeCharacter 


! Package inputenc Error: Unicode character åœº (U+573A)
(inputenc)                not set up for use with LaTeX.

See the inputenc package documentation for explanation.
Type  H <return>  for immediate help.
 ...                                              
                                                  
l.4 ...‘æŠ€æœ¯çš„æ™®åŠåº”ç”¨ï¼Œä¸åŒçš„åº”ç”¨åœº
                                                  æ™¯éƒ½åœ¨å¯»æ‰¾åˆé€‚çš„äº...

You may provide a definition with
\DeclareUnicodeCharacter 


! Package inputenc Error: Unicode character æ™¯ (U+666F)
(inputenc)                not set up for use with LaTeX.

See the inputenc package documentation for explanation.
Type  H <return>  for immediate help.
 ...                                              
                                                  
l.4 ...€æœ¯çš„æ™®åŠåº”ç”¨ï¼Œä¸åŒçš„åº”ç”¨åœºæ™¯
                                                  éƒ½åœ¨å¯»æ‰¾åˆé€‚çš„äº’è...

You may provide a definition with
\DeclareUnicodeCharacter 


! Package inputenc Error: Unicode character éƒ½ (U+90FD)
(inputenc)                not set up for use with LaTeX.

See the inputenc package documentation for explanation.
Type  H <return>  for immediate help.
 ...                                              
                                                  
l.4 ...¯çš„æ™®åŠåº”ç”¨ï¼Œä¸åŒçš„åº”ç”¨åœºæ™¯éƒ½
                                                  åœ¨å¯»æ‰¾åˆé€‚çš„äº’è”ç½...

You may provide a definition with
\DeclareUnicodeCharacter 


! Package inputenc Error: Unicode character åœ¨ (U+5728)
(inputenc)                not set up for use with LaTeX.

See the inputenc package documentation for explanation.
Type  H <return>  for immediate help.
 ...                                              
                                                  
l.4 ...„æ™®åŠåº”ç”¨ï¼Œä¸åŒçš„åº”ç”¨åœºæ™¯éƒ½åœ¨
                                                  å¯»æ‰¾åˆé€‚çš„äº’è”ç½‘è§...

You may provide a definition with
\DeclareUnicodeCharacter 


! Package inputenc Error: Unicode character å¯» (U+5BFB)
(inputenc)                not set up for use with LaTeX.

See the inputenc package documentation for explanation.
Type  H <return>  for immediate help.
 ...                                              
                                                  
l.4 ...®åŠåº”ç”¨ï¼Œä¸åŒçš„åº”ç”¨åœºæ™¯éƒ½åœ¨å¯»
                                                  æ‰¾åˆé€‚çš„äº’è”ç½‘è§£å†...

You may provide a definition with
\DeclareUnicodeCharacter 


! Package inputenc Error: Unicode character æ‰¾ (U+627E)
(inputenc)                not set up for use with LaTeX.

See the inputenc package documentation for explanation.
Type  H <return>  for immediate help.
 ...                                              
                                                  
l.4 ...Šåº”ç”¨ï¼Œä¸åŒçš„åº”ç”¨åœºæ™¯éƒ½åœ¨å¯»æ‰¾
                                                  åˆé€‚çš„äº’è”ç½‘è§£å†³æ–...

You may provide a definition with
\DeclareUnicodeCharacter 


! Package inputenc Error: Unicode character åˆ (U+5408)
(inputenc)                not set up for use with LaTeX.

See the inputenc package documentation for explanation.
Type  H <return>  for immediate help.
 ...                                              
                                                  
l.4 ...”ç”¨ï¼Œä¸åŒçš„åº”ç”¨åœºæ™¯éƒ½åœ¨å¯»æ‰¾åˆ
                                                  é€‚çš„äº’è”ç½‘è§£å†³æ–¹æ¡...

You may provide a definition with
\DeclareUnicodeCharacter 


! Package inputenc Error: Unicode character é€‚ (U+9002)
(inputenc)                not set up for use with LaTeX.

See the inputenc package documentation for explanation.
Type  H <return>  for immediate help.
 ...                                              
                                                  
l.4 ...¨ï¼Œä¸åŒçš„åº”ç”¨åœºæ™¯éƒ½åœ¨å¯»æ‰¾åˆé€‚
                                                  çš„äº’è”ç½‘è§£å†³æ–¹æ¡ˆã€...

You may provide a definition with
\DeclareUnicodeCharacter 


! Package inputenc Error: Unicode character çš„ (U+7684)
(inputenc)                not set up for use with LaTeX.

See the inputenc package documentation for explanation.
Type  H <return>  for immediate help.
 ...                                              
                                                  
l.4 ...Œä¸åŒçš„åº”ç”¨åœºæ™¯éƒ½åœ¨å¯»æ‰¾åˆé€‚çš„
                                                  äº’è”ç½‘è§£å†³æ–¹æ¡ˆã€‚å…...

You may provide a definition with
\DeclareUnicodeCharacter 


! Package inputenc Error: Unicode character äº’ (U+4E92)
(inputenc)                not set up for use with LaTeX.

See the inputenc package documentation for explanation.
Type  H <return>  for immediate help.
 ...                                              
                                                  
l.4 ...åŒçš„åº”ç”¨åœºæ™¯éƒ½åœ¨å¯»æ‰¾åˆé€‚çš„äº’
                                                  è”ç½‘è§£å†³æ–¹æ¡ˆã€‚å…¶ä¸...

You may provide a definition with
\DeclareUnicodeCharacter 


! Package inputenc Error: Unicode character è” (U+8054)
(inputenc)                not set up for use with LaTeX.

See the inputenc package documentation for explanation.
Type  H <return>  for immediate help.
 ...                                              
                                                  
l.4 ...Œçš„åº”ç”¨åœºæ™¯éƒ½åœ¨å¯»æ‰¾åˆé€‚çš„äº’è”
                                                  ç½‘è§£å†³æ–¹æ¡ˆã€‚å…¶ä¸­ä¸...

You may provide a definition with
\DeclareUnicodeCharacter 


! Package inputenc Error: Unicode character ç½‘ (U+7F51)
(inputenc)                not set up for use with LaTeX.

See the inputenc package documentation for explanation.
Type  H <return>  for immediate help.
 ...                                              
                                                  
l.4 ...„åº”ç”¨åœºæ™¯éƒ½åœ¨å¯»æ‰¾åˆé€‚çš„äº’è”ç½‘
                                                  è§£å†³æ–¹æ¡ˆã€‚å…¶ä¸­ä¸€ç±...

You may provide a definition with
\DeclareUnicodeCharacter 


! Package inputenc Error: Unicode character è§£ (U+89E3)
(inputenc)                not set up for use with LaTeX.

See the inputenc package documentation for explanation.
Type  H <return>  for immediate help.
 ...                                              
                                                  
l.4 ...”ç”¨åœºæ™¯éƒ½åœ¨å¯»æ‰¾åˆé€‚çš„äº’è”ç½‘è§£
                                                  å†³æ–¹æ¡ˆã€‚å…¶ä¸­ä¸€ç±»éœ...

You may provide a definition with
\DeclareUnicodeCharacter 


! Package inputenc Error: Unicode character å†³ (U+51B3)
(inputenc)                not set up for use with LaTeX.

See the inputenc package documentation for explanation.
Type  H <return>  for immediate help.
 ...                                              
                                                  
l.4 ...¨åœºæ™¯éƒ½åœ¨å¯»æ‰¾åˆé€‚çš„äº’è”ç½‘è§£å†³
                                                  æ–¹æ¡ˆã€‚å…¶ä¸­ä¸€ç±»éœ€è¦...

You may provide a definition with
\DeclareUnicodeCharacter 


! Package inputenc Error: Unicode character æ–¹ (U+65B9)
(inputenc)                not set up for use with LaTeX.

See the inputenc package documentation for explanation.
Type  H <return>  for immediate help.
 ...                                              
                                                  
l.4 ...ºæ™¯éƒ½åœ¨å¯»æ‰¾åˆé€‚çš„äº’è”ç½‘è§£å†³æ–¹
                                                  æ¡ˆã€‚å…¶ä¸­ä¸€ç±»éœ€è¦ç”...

You may provide a definition with
\DeclareUnicodeCharacter 


! Package inputenc Error: Unicode character æ¡ˆ (U+6848)
(inputenc)                not set up for use with LaTeX.

See the inputenc package documentation for explanation.
Type  H <return>  for immediate help.
 ...                                              
                                                  
l.4 ...¯éƒ½åœ¨å¯»æ‰¾åˆé€‚çš„äº’è”ç½‘è§£å†³æ–¹æ¡ˆ
                                                  ã€‚å…¶ä¸­ä¸€ç±»éœ€è¦ç”±å...

You may provide a definition with
\DeclareUnicodeCharacter 


! Package inputenc Error: Unicode character ã€‚ (U+3002)
(inputenc)                not set up for use with LaTeX.

See the inputenc package documentation for explanation.
Type  H <return>  for immediate help.
 ...                                              
                                                  
l.4 ...½åœ¨å¯»æ‰¾åˆé€‚çš„äº’è”ç½‘è§£å†³æ–¹æ¡ˆã€‚
                                                  å…¶ä¸­ä¸€ç±»éœ€è¦ç”±å¯ä¿...

You may provide a definition with
\DeclareUnicodeCharacter 


! Package inputenc Error: Unicode character å…¶ (U+5176)
(inputenc)                not set up for use with LaTeX.

See the inputenc package documentation for explanation.
Type  H <return>  for immediate help.
 ...                                              
                                                  
l.4 ...¨å¯»æ‰¾åˆé€‚çš„äº’è”ç½‘è§£å†³æ–¹æ¡ˆã€‚å…¶
                                                  ä¸­ä¸€ç±»éœ€è¦ç”±å¯ä¿¡ç¬...

You may provide a definition with
\DeclareUnicodeCharacter 


! Package inputenc Error: Unicode character ä¸­ (U+4E2D)
(inputenc)                not set up for use with LaTeX.

See the inputenc package documentation for explanation.
Type  H <return>  for immediate help.
 ...                                              
                                                  
l.4 ...»æ‰¾åˆé€‚çš„äº’è”ç½‘è§£å†³æ–¹æ¡ˆã€‚å…¶ä¸­
                                                  ä¸€ç±»éœ€è¦ç”±å¯ä¿¡ç¬¬ä¸...

You may provide a definition with
\DeclareUnicodeCharacter 


! Package inputenc Error: Unicode character ä¸€ (U+4E00)
(inputenc)                not set up for use with LaTeX.

See the inputenc package documentation for explanation.
Type  H <return>  for immediate help.
 ...                                              
                                                  
l.4 ...¾åˆé€‚çš„äº’è”ç½‘è§£å†³æ–¹æ¡ˆã€‚å…¶ä¸­ä¸€
                                                  ç±»éœ€è¦ç”±å¯ä¿¡ç¬¬ä¸‰æ–...

You may provide a definition with
\DeclareUnicodeCharacter 


! Package inputenc Error: Unicode character ç±» (U+7C7B)
(inputenc)                not set up for use with LaTeX.

See the inputenc package documentation for explanation.
Type  H <return>  for immediate help.
 ...                                              
                                                  
l.4 ...ˆé€‚çš„äº’è”ç½‘è§£å†³æ–¹æ¡ˆã€‚å…¶ä¸­ä¸€ç±»
                                                  éœ€è¦ç”±å¯ä¿¡ç¬¬ä¸‰æ–¹ä½...

You may provide a definition with
\DeclareUnicodeCharacter 


! Package inputenc Error: Unicode character éœ€ (U+9700)
(inputenc)                not set up for use with LaTeX.

See the inputenc package documentation for explanation.
Type  H <return>  for immediate help.
 ...                                              
                                                  
l.4 ...‚çš„äº’è”ç½‘è§£å†³æ–¹æ¡ˆã€‚å…¶ä¸­ä¸€ç±»éœ€
                                                  è¦ç”±å¯ä¿¡ç¬¬ä¸‰æ–¹ä½œä¸...

You may provide a definition with
\DeclareUnicodeCharacter 


! Package inputenc Error: Unicode character è¦ (U+8981)
(inputenc)                not set up for use with LaTeX.

See the inputenc package documentation for explanation.
Type  H <return>  for immediate help.
 ...                                              
                                                  
l.4 ...„äº’è”ç½‘è§£å†³æ–¹æ¡ˆã€‚å…¶ä¸­ä¸€ç±»éœ€è¦
                                                  ç”±å¯ä¿¡ç¬¬ä¸‰æ–¹ä½œä¸ºä¸...

You may provide a definition with
\DeclareUnicodeCharacter 


! Package inputenc Error: Unicode character ç”± (U+7531)
(inputenc)                not set up for use with LaTeX.

See the inputenc package documentation for explanation.
Type  H <return>  for immediate help.
 ...                                              
                                                  
l.4 ...’è”ç½‘è§£å†³æ–¹æ¡ˆã€‚å…¶ä¸­ä¸€ç±»éœ€è¦ç”±
                                                  å¯ä¿¡ç¬¬ä¸‰æ–¹ä½œä¸ºä¸­é—...

You may provide a definition with
\DeclareUnicodeCharacter 


! Package inputenc Error: Unicode character å¯ (U+53EF)
(inputenc)                not set up for use with LaTeX.

See the inputenc package documentation for explanation.
Type  H <return>  for immediate help.
 ...                                              
                                                  
l.4 ...”ç½‘è§£å†³æ–¹æ¡ˆã€‚å…¶ä¸­ä¸€ç±»éœ€è¦ç”±å¯
                                                  ä¿¡ç¬¬ä¸‰æ–¹ä½œä¸ºä¸­é—´æ‹...

You may provide a definition with
\DeclareUnicodeCharacter 


! Package inputenc Error: Unicode character ä¿¡ (U+4FE1)
(inputenc)                not set up for use with LaTeX.

See the inputenc package documentation for explanation.
Type  H <return>  for immediate help.
 ...                                              
                                                  
l.4 ...‘è§£å†³æ–¹æ¡ˆã€‚å…¶ä¸­ä¸€ç±»éœ€è¦ç”±å¯ä¿¡
                                                  ç¬¬ä¸‰æ–¹ä½œä¸ºä¸­é—´æ‹…ä¿...

You may provide a definition with
\DeclareUnicodeCharacter 


! Package inputenc Error: Unicode character ç¬¬ (U+7B2C)
(inputenc)                not set up for use with LaTeX.

See the inputenc package documentation for explanation.
Type  H <return>  for immediate help.
 ...                                              
                                                  
l.4 ...£å†³æ–¹æ¡ˆã€‚å…¶ä¸­ä¸€ç±»éœ€è¦ç”±å¯ä¿¡ç¬¬
                                                  ä¸‰æ–¹ä½œä¸ºä¸­é—´æ‹…ä¿äº...

You may provide a definition with
\DeclareUnicodeCharacter 


! Package inputenc Error: Unicode character ä¸‰ (U+4E09)
(inputenc)                not set up for use with LaTeX.

See the inputenc package documentation for explanation.
Type  H <return>  for immediate help.
 ...                                              
                                                  
l.4 ...³æ–¹æ¡ˆã€‚å…¶ä¸­ä¸€ç±»éœ€è¦ç”±å¯ä¿¡ç¬¬ä¸‰
                                                  æ–¹ä½œä¸ºä¸­é—´æ‹…ä¿äººæ...

You may provide a definition with
\DeclareUnicodeCharacter 


! Package inputenc Error: Unicode character æ–¹ (U+65B9)
(inputenc)                not set up for use with LaTeX.

See the inputenc package documentation for explanation.
Type  H <return>  for immediate help.
 ...                                              
                                                  
l.4 ...¹æ¡ˆã€‚å…¶ä¸­ä¸€ç±»éœ€è¦ç”±å¯ä¿¡ç¬¬ä¸‰æ–¹
                                                  ä½œä¸ºä¸­é—´æ‹…ä¿äººæ¥ä¿...

You may provide a definition with
\DeclareUnicodeCharacter 


! Package inputenc Error: Unicode character ä½œ (U+4F5C)
(inputenc)                not set up for use with LaTeX.

See the inputenc package documentation for explanation.
Type  H <return>  for immediate help.
 ...                                              
                                                  
l.4 ...ˆã€‚å…¶ä¸­ä¸€ç±»éœ€è¦ç”±å¯ä¿¡ç¬¬ä¸‰æ–¹ä½œ
                                                  ä¸ºä¸­é—´æ‹…ä¿äººæ¥ä¿æŠ...

You may provide a definition with
\DeclareUnicodeCharacter 


! Package inputenc Error: Unicode character ä¸º (U+4E3A)
(inputenc)                not set up for use with LaTeX.

See the inputenc package documentation for explanation.
Type  H <return>  for immediate help.
 ...                                              
                                                  
l.4 ...‚å…¶ä¸­ä¸€ç±»éœ€è¦ç”±å¯ä¿¡ç¬¬ä¸‰æ–¹ä½œä¸º
                                                  ä¸­é—´æ‹…ä¿äººæ¥ä¿æŠ¤å...

You may provide a definition with
\DeclareUnicodeCharacter 


! Package inputenc Error: Unicode character ä¸­ (U+4E2D)
(inputenc)                not set up for use with LaTeX.

See the inputenc package documentation for explanation.
Type  H <return>  for immediate help.
 ...                                              
                                                  
l.4 ...¶ä¸­ä¸€ç±»éœ€è¦ç”±å¯ä¿¡ç¬¬ä¸‰æ–¹ä½œä¸ºä¸­
                                                  é—´æ‹…ä¿äººæ¥ä¿æŠ¤å‚ä¸...

You may provide a definition with
\DeclareUnicodeCharacter 


! Package inputenc Error: Unicode character é—´ (U+95F4)
(inputenc)                not set up for use with LaTeX.

See the inputenc package documentation for explanation.
Type  H <return>  for immediate help.
 ...                                              
                                                  
l.4 ...­ä¸€ç±»éœ€è¦ç”±å¯ä¿¡ç¬¬ä¸‰æ–¹ä½œä¸ºä¸­é—´
                                                  æ‹…ä¿äººæ¥ä¿æŠ¤å‚ä¸è€...

You may provide a definition with
\DeclareUnicodeCharacter 


! Package inputenc Error: Unicode character æ‹… (U+62C5)
(inputenc)                not set up for use with LaTeX.

See the inputenc package documentation for explanation.
Type  H <return>  for immediate help.
 ...                                              
                                                  
l.4 ...€ç±»éœ€è¦ç”±å¯ä¿¡ç¬¬ä¸‰æ–¹ä½œä¸ºä¸­é—´æ‹…
                                                  ä¿äººæ¥ä¿æŠ¤å‚ä¸è€…éš...

You may provide a definition with
\DeclareUnicodeCharacter 


! Package inputenc Error: Unicode character ä¿ (U+4FDD)
(inputenc)                not set up for use with LaTeX.

See the inputenc package documentation for explanation.
Type  H <return>  for immediate help.
 ...                                              
                                                  
l.4 ...»éœ€è¦ç”±å¯ä¿¡ç¬¬ä¸‰æ–¹ä½œä¸ºä¸­é—´æ‹…ä¿
                                                  äººæ¥ä¿æŠ¤å‚ä¸è€…éšç§...

You may provide a definition with
\DeclareUnicodeCharacter 


! Package inputenc Error: Unicode character äºº (U+4EBA)
(inputenc)                not set up for use with LaTeX.

See the inputenc package documentation for explanation.
Type  H <return>  for immediate help.
 ...                                              
                                                  
l.4 ...€è¦ç”±å¯ä¿¡ç¬¬ä¸‰æ–¹ä½œä¸ºä¸­é—´æ‹…ä¿äºº
                                                  æ¥ä¿æŠ¤å‚ä¸è€…éšç§çš...

You may provide a definition with
\DeclareUnicodeCharacter 


! Package inputenc Error: Unicode character æ¥ (U+6765)
(inputenc)                not set up for use with LaTeX.

See the inputenc package documentation for explanation.
Type  H <return>  for immediate help.
 ...                                              
                                                  
l.4 ...ç”±å¯ä¿¡ç¬¬ä¸‰æ–¹ä½œä¸ºä¸­é—´æ‹…ä¿äººæ¥
                                                  ä¿æŠ¤å‚ä¸è€…éšç§çš„è¯...

You may provide a definition with
\DeclareUnicodeCharacter 


! Package inputenc Error: Unicode character ä¿ (U+4FDD)
(inputenc)                not set up for use with LaTeX.

See the inputenc package documentation for explanation.
Type  H <return>  for immediate help.
 ...                                              
                                                  
l.4 ...±å¯ä¿¡ç¬¬ä¸‰æ–¹ä½œä¸ºä¸­é—´æ‹…ä¿äººæ¥ä¿
                                                  æŠ¤å‚ä¸è€…éšç§çš„è¯¸å¤...

You may provide a definition with
\DeclareUnicodeCharacter 


! Package inputenc Error: Unicode character æŠ¤ (U+62A4)
(inputenc)                not set up for use with LaTeX.

See the inputenc package documentation for explanation.
Type  H <return>  for immediate help.
 ...                                              
                                                  
l.4 ...¯ä¿¡ç¬¬ä¸‰æ–¹ä½œä¸ºä¸­é—´æ‹…ä¿äººæ¥ä¿æŠ¤
                                                  å‚ä¸è€…éšç§çš„è¯¸å¤šå®...

You may provide a definition with
\DeclareUnicodeCharacter 


! Package inputenc Error: Unicode character å‚ (U+53C2)
(inputenc)                not set up for use with LaTeX.

See the inputenc package documentation for explanation.
Type  H <return>  for immediate help.
 ...                                              
                                                  
l.4 ...¡ç¬¬ä¸‰æ–¹ä½œä¸ºä¸­é—´æ‹…ä¿äººæ¥ä¿æŠ¤å‚
                                                  ä¸è€…éšç§çš„è¯¸å¤šå®é™...

You may provide a definition with
\DeclareUnicodeCharacter 


! Package inputenc Error: Unicode character ä¸ (U+4E0E)
(inputenc)                not set up for use with LaTeX.

See the inputenc package documentation for explanation.
Type  H <return>  for immediate help.
 ...                                              
                                                  
l.4 ...¬ä¸‰æ–¹ä½œä¸ºä¸­é—´æ‹…ä¿äººæ¥ä¿æŠ¤å‚ä¸
                                                  è€…éšç§çš„è¯¸å¤šå®é™…ä¼...

You may provide a definition with
\DeclareUnicodeCharacter 


! Package inputenc Error: Unicode character è€… (U+8005)
(inputenc)                not set up for use with LaTeX.

See the inputenc package documentation for explanation.
Type  H <return>  for immediate help.
 ...                                              
                                                  
l.4 ...‰æ–¹ä½œä¸ºä¸­é—´æ‹…ä¿äººæ¥ä¿æŠ¤å‚ä¸è€…
                                                  éšç§çš„è¯¸å¤šå®é™…ä¼ ç»...

You may provide a definition with
\DeclareUnicodeCharacter 


! Package inputenc Error: Unicode character éš (U+9690)
(inputenc)                not set up for use with LaTeX.

See the inputenc package documentation for explanation.
Type  H <return>  for immediate help.
 ...                                              
                                                  
l.4 ...¹ä½œä¸ºä¸­é—´æ‹…ä¿äººæ¥ä¿æŠ¤å‚ä¸è€…éš
                                                  ç§çš„è¯¸å¤šå®é™…ä¼ ç»Ÿåº...

You may provide a definition with
\DeclareUnicodeCharacter 


! Package inputenc Error: Unicode character ç§ (U+79C1)
(inputenc)                not set up for use with LaTeX.

See the inputenc package documentation for explanation.
Type  H <return>  for immediate help.
 ...                                              
                                                  
l.4 ...œä¸ºä¸­é—´æ‹…ä¿äººæ¥ä¿æŠ¤å‚ä¸è€…éšç§
                                                  çš„è¯¸å¤šå®é™…ä¼ ç»Ÿåº”ç”...

You may provide a definition with
\DeclareUnicodeCharacter 


! Package inputenc Error: Unicode character çš„ (U+7684)
(inputenc)                not set up for use with LaTeX.

See the inputenc package documentation for explanation.
Type  H <return>  for immediate help.
 ...                                              
                                                  
l.4 ...ºä¸­é—´æ‹…ä¿äººæ¥ä¿æŠ¤å‚ä¸è€…éšç§çš„
                                                  è¯¸å¤šå®é™…ä¼ ç»Ÿåº”ç”¨å’...

You may provide a definition with
\DeclareUnicodeCharacter 


! Package inputenc Error: Unicode character è¯¸ (U+8BF8)
(inputenc)                not set up for use with LaTeX.

See the inputenc package documentation for explanation.
Type  H <return>  for immediate help.
 ...                                              
                                                  
l.4 ...­é—´æ‹…ä¿äººæ¥ä¿æŠ¤å‚ä¸è€…éšç§çš„è¯¸
                                                  å¤šå®é™…ä¼ ç»Ÿåº”ç”¨å’Œæ–...

You may provide a definition with
\DeclareUnicodeCharacter 


! Package inputenc Error: Unicode character å¤š (U+591A)
(inputenc)                not set up for use with LaTeX.

See the inputenc package documentation for explanation.
Type  H <return>  for immediate help.
 ...                                              
                                                  
l.4 ...´æ‹…ä¿äººæ¥ä¿æŠ¤å‚ä¸è€…éšç§çš„è¯¸å¤š
                                                  å®é™…ä¼ ç»Ÿåº”ç”¨å’Œæ–°å...

You may provide a definition with
\DeclareUnicodeCharacter 


! Package inputenc Error: Unicode character å® (U+5B9E)
(inputenc)                not set up for use with LaTeX.

See the inputenc package documentation for explanation.
Type  H <return>  for immediate help.
 ...                                              
                                                  
l.4 ...…ä¿äººæ¥ä¿æŠ¤å‚ä¸è€…éšç§çš„è¯¸å¤šå®
                                                  é™…ä¼ ç»Ÿåº”ç”¨å’Œæ–°å‹ç½...

You may provide a definition with
\DeclareUnicodeCharacter 


! Package inputenc Error: Unicode character é™… (U+9645)
(inputenc)                not set up for use with LaTeX.

See the inputenc package documentation for explanation.
Type  H <return>  for immediate help.
 ...                                              
                                                  
l.4 ...äººæ¥ä¿æŠ¤å‚ä¸è€…éšç§çš„è¯¸å¤šå®é™…
                                                  ä¼ ç»Ÿåº”ç”¨å’Œæ–°å‹ç½‘ç»...

You may provide a definition with
\DeclareUnicodeCharacter 


! Package inputenc Error: Unicode character ä¼  (U+4F20)
(inputenc)                not set up for use with LaTeX.

See the inputenc package documentation for explanation.
Type  H <return>  for immediate help.
 ...                                              
                                                  
l.4 ...ºæ¥ä¿æŠ¤å‚ä¸è€…éšç§çš„è¯¸å¤šå®é™…ä¼ 
                                                  ç»Ÿåº”ç”¨å’Œæ–°å‹ç½‘ç»œåº...

You may provide a definition with
\DeclareUnicodeCharacter 


! Package inputenc Error: Unicode character ç»Ÿ (U+7EDF)
(inputenc)                not set up for use with LaTeX.

See the inputenc package documentation for explanation.
Type  H <return>  for immediate help.
 ...                                              
                                                  
l.4 ...¥ä¿æŠ¤å‚ä¸è€…éšç§çš„è¯¸å¤šå®é™…ä¼ ç»Ÿ
                                                  åº”ç”¨å’Œæ–°å‹ç½‘ç»œåº”ç”...

You may provide a definition with
\DeclareUnicodeCharacter 


! Package inputenc Error: Unicode character åº” (U+5E94)
(inputenc)                not set up for use with LaTeX.

See the inputenc package documentation for explanation.
Type  H <return>  for immediate help.
 ...                                              
                                                  
l.4 ...æŠ¤å‚ä¸è€…éšç§çš„è¯¸å¤šå®é™…ä¼ ç»Ÿåº”
                                                  ç”¨å’Œæ–°å‹ç½‘ç»œåº”ç”¨ï¼...

You may provide a definition with
\DeclareUnicodeCharacter 


! Package inputenc Error: Unicode character ç”¨ (U+7528)
(inputenc)                not set up for use with LaTeX.

See the inputenc package documentation for explanation.
Type  H <return>  for immediate help.
 ...                                              
                                                  
l.4 ...¤å‚ä¸è€…éšç§çš„è¯¸å¤šå®é™…ä¼ ç»Ÿåº”ç”¨
                                                  å’Œæ–°å‹ç½‘ç»œåº”ç”¨ï¼Œä¾...

You may provide a definition with
\DeclareUnicodeCharacter 


! Package inputenc Error: Unicode character å’Œ (U+548C)
(inputenc)                not set up for use with LaTeX.

See the inputenc package documentation for explanation.
Type  H <return>  for immediate help.
 ...                                              
                                                  
l.4 ...‚ä¸è€…éšç§çš„è¯¸å¤šå®é™…ä¼ ç»Ÿåº”ç”¨å’Œ
                                                  æ–°å‹ç½‘ç»œåº”ç”¨ï¼Œä¾‹å¦...

You may provide a definition with
\DeclareUnicodeCharacter 


! Package inputenc Error: Unicode character æ–° (U+65B0)
(inputenc)                not set up for use with LaTeX.

See the inputenc package documentation for explanation.
Type  H <return>  for immediate help.
 ...                                              
                                                  
l.4 ...è€…éšç§çš„è¯¸å¤šå®é™…ä¼ ç»Ÿåº”ç”¨å’Œæ–°
                                                  å‹ç½‘ç»œåº”ç”¨ï¼Œä¾‹å¦‚æ—...

You may provide a definition with
\DeclareUnicodeCharacter 


! Package inputenc Error: Unicode character å‹ (U+578B)
(inputenc)                not set up for use with LaTeX.

See the inputenc package documentation for explanation.
Type  H <return>  for immediate help.
 ...                                              
                                                  
l.4 ...…éšç§çš„è¯¸å¤šå®é™…ä¼ ç»Ÿåº”ç”¨å’Œæ–°å‹
                                                  ç½‘ç»œåº”ç”¨ï¼Œä¾‹å¦‚æ— è®...

You may provide a definition with
\DeclareUnicodeCharacter 


! Package inputenc Error: Unicode character ç½‘ (U+7F51)
(inputenc)                not set up for use with LaTeX.

See the inputenc package documentation for explanation.
Type  H <return>  for immediate help.
 ...                                              
                                                  
l.4 ...ç§çš„è¯¸å¤šå®é™…ä¼ ç»Ÿåº”ç”¨å’Œæ–°å‹ç½‘
                                                  ç»œåº”ç”¨ï¼Œä¾‹å¦‚æ— è®°å...

You may provide a definition with
\DeclareUnicodeCharacter 


! Package inputenc Error: Unicode character ç»œ (U+7EDC)
(inputenc)                not set up for use with LaTeX.

See the inputenc package documentation for explanation.
Type  H <return>  for immediate help.
 ...                                              
                                                  
l.4 ...çš„è¯¸å¤šå®é™…ä¼ ç»Ÿåº”ç”¨å’Œæ–°å‹ç½‘ç»œ
                                                  åº”ç”¨ï¼Œä¾‹å¦‚æ— è®°åæŠ...

You may provide a definition with
\DeclareUnicodeCharacter 


! Package inputenc Error: Unicode character åº” (U+5E94)
(inputenc)                not set up for use with LaTeX.

See the inputenc package documentation for explanation.
Type  H <return>  for immediate help.
 ...                                              
                                                  
l.4 ...„è¯¸å¤šå®é™…ä¼ ç»Ÿåº”ç”¨å’Œæ–°å‹ç½‘ç»œåº”
                                                  ç”¨ï¼Œä¾‹å¦‚æ— è®°åæŠ•ç¥...

You may provide a definition with
\DeclareUnicodeCharacter 


! Package inputenc Error: Unicode character ç”¨ (U+7528)
(inputenc)                not set up for use with LaTeX.

See the inputenc package documentation for explanation.
Type  H <return>  for immediate help.
 ...                                              
                                                  
l.4 ...¸å¤šå®é™…ä¼ ç»Ÿåº”ç”¨å’Œæ–°å‹ç½‘ç»œåº”ç”¨
                                                  ï¼Œä¾‹å¦‚æ— è®°åæŠ•ç¥¨ã€...

You may provide a definition with
\DeclareUnicodeCharacter 


! Package inputenc Error: Unicode character ï¼Œ (U+FF0C)
(inputenc)                not set up for use with LaTeX.

See the inputenc package documentation for explanation.
Type  H <return>  for immediate help.
 ...                                              
                                                  
l.4 ...šå®é™…ä¼ ç»Ÿåº”ç”¨å’Œæ–°å‹ç½‘ç»œåº”ç”¨ï¼Œ
                                                  ä¾‹å¦‚æ— è®°åæŠ•ç¥¨ã€ç¢...

You may provide a definition with
\DeclareUnicodeCharacter 


! Package inputenc Error: Unicode character ä¾‹ (U+4F8B)
(inputenc)                not set up for use with LaTeX.

See the inputenc package documentation for explanation.
Type  H <return>  for immediate help.
 ...                                              
                                                  
l.4 ...é™…ä¼ ç»Ÿåº”ç”¨å’Œæ–°å‹ç½‘ç»œåº”ç”¨ï¼Œä¾‹
                                                  å¦‚æ— è®°åæŠ•ç¥¨ã€ç¢±åŸ...

You may provide a definition with
\DeclareUnicodeCharacter 


! Package inputenc Error: Unicode character å¦‚ (U+5982)
(inputenc)                not set up for use with LaTeX.

See the inputenc package documentation for explanation.
Type  H <return>  for immediate help.
 ...                                              
                                                  
l.4 ...…ä¼ ç»Ÿåº”ç”¨å’Œæ–°å‹ç½‘ç»œåº”ç”¨ï¼Œä¾‹å¦‚
                                                  æ— è®°åæŠ•ç¥¨ã€ç¢±åŸºåº...

You may provide a definition with
\DeclareUnicodeCharacter 


! Package inputenc Error: Unicode character æ—  (U+65E0)
(inputenc)                not set up for use with LaTeX.

See the inputenc package documentation for explanation.
Type  H <return>  for immediate help.
 ...                                              
                                                  
l.4 ... ç»Ÿåº”ç”¨å’Œæ–°å‹ç½‘ç»œåº”ç”¨ï¼Œä¾‹å¦‚æ— 
                                                  è®°åæŠ•ç¥¨ã€ç¢±åŸºåºåˆ...

You may provide a definition with
\DeclareUnicodeCharacter 


! Package inputenc Error: Unicode character è®° (U+8BB0)
(inputenc)                not set up for use with LaTeX.

See the inputenc package documentation for explanation.
Type  H <return>  for immediate help.
 ...                                              
                                                  
l.4 ...Ÿåº”ç”¨å’Œæ–°å‹ç½‘ç»œåº”ç”¨ï¼Œä¾‹å¦‚æ— è®°
                                                  åæŠ•ç¥¨ã€ç¢±åŸºåºåˆ—æ¯...

You may provide a definition with
\DeclareUnicodeCharacter 


! Package inputenc Error: Unicode character å (U+540D)
(inputenc)                not set up for use with LaTeX.

See the inputenc package documentation for explanation.
Type  H <return>  for immediate help.
 ...                                              
                                                  
l.4 ...”ç”¨å’Œæ–°å‹ç½‘ç»œåº”ç”¨ï¼Œä¾‹å¦‚æ— è®°å
                                                  æŠ•ç¥¨ã€ç¢±åŸºåºåˆ—æ¯”è¾...

You may provide a definition with
\DeclareUnicodeCharacter 


! Package inputenc Error: Unicode character æŠ• (U+6295)
(inputenc)                not set up for use with LaTeX.

See the inputenc package documentation for explanation.
Type  H <return>  for immediate help.
 ...                                              
                                                  
l.4 ...¨å’Œæ–°å‹ç½‘ç»œåº”ç”¨ï¼Œä¾‹å¦‚æ— è®°åæŠ•
                                                  ç¥¨ã€ç¢±åŸºåºåˆ—æ¯”è¾ƒã€...

You may provide a definition with
\DeclareUnicodeCharacter 


! Package inputenc Error: Unicode character ç¥¨ (U+7968)
(inputenc)                not set up for use with LaTeX.

See the inputenc package documentation for explanation.
Type  H <return>  for immediate help.
 ...                                              
                                                  
l.4 ...Œæ–°å‹ç½‘ç»œåº”ç”¨ï¼Œä¾‹å¦‚æ— è®°åæŠ•ç¥¨
                                                  ã€ç¢±åŸºåºåˆ—æ¯”è¾ƒã€æ•...

You may provide a definition with
\DeclareUnicodeCharacter 


! Package inputenc Error: Unicode character ã€ (U+3001)
(inputenc)                not set up for use with LaTeX.

See the inputenc package documentation for explanation.
Type  H <return>  for immediate help.
 ...                                              
                                                  
l.4 ...°å‹ç½‘ç»œåº”ç”¨ï¼Œä¾‹å¦‚æ— è®°åæŠ•ç¥¨ã€
                                                  ç¢±åŸºåºåˆ—æ¯”è¾ƒã€æ•°æ...

You may provide a definition with
\DeclareUnicodeCharacter 


! Package inputenc Error: Unicode character ç¢± (U+78B1)
(inputenc)                not set up for use with LaTeX.

See the inputenc package documentation for explanation.
Type  H <return>  for immediate help.
 ...                                              
                                                  
l.4 ...‹ç½‘ç»œåº”ç”¨ï¼Œä¾‹å¦‚æ— è®°åæŠ•ç¥¨ã€ç¢±
                                                  åŸºåºåˆ—æ¯”è¾ƒã€æ•°æ®åº...

You may provide a definition with
\DeclareUnicodeCharacter 


! Package inputenc Error: Unicode character åŸº (U+57FA)
(inputenc)                not set up for use with LaTeX.

See the inputenc package documentation for explanation.
Type  H <return>  for immediate help.
 ...                                              
                                                  
l.4 ...‘ç»œåº”ç”¨ï¼Œä¾‹å¦‚æ— è®°åæŠ•ç¥¨ã€ç¢±åŸº
                                                  åºåˆ—æ¯”è¾ƒã€æ•°æ®åº“çš...

You may provide a definition with
\DeclareUnicodeCharacter 


! Package inputenc Error: Unicode character åº (U+5E8F)
(inputenc)                not set up for use with LaTeX.

See the inputenc package documentation for explanation.
Type  H <return>  for immediate help.
 ...                                              
                                                  
l.4 ...œåº”ç”¨ï¼Œä¾‹å¦‚æ— è®°åæŠ•ç¥¨ã€ç¢±åŸºåº
                                                  åˆ—æ¯”è¾ƒã€æ•°æ®åº“çš„ç§...

You may provide a definition with
\DeclareUnicodeCharacter 


! Package inputenc Error: Unicode character åˆ— (U+5217)
(inputenc)                not set up for use with LaTeX.

See the inputenc package documentation for explanation.
Type  H <return>  for immediate help.
 ...                                              
                                                  
l.4 ...”ç”¨ï¼Œä¾‹å¦‚æ— è®°åæŠ•ç¥¨ã€ç¢±åŸºåºåˆ—
                                                  æ¯”è¾ƒã€æ•°æ®åº“çš„ç§æœ...

You may provide a definition with
\DeclareUnicodeCharacter 


! Package inputenc Error: Unicode character æ¯” (U+6BD4)
(inputenc)                not set up for use with LaTeX.

See the inputenc package documentation for explanation.
Type  H <return>  for immediate help.
 ...                                              
                                                  
l.4 ...¨ï¼Œä¾‹å¦‚æ— è®°åæŠ•ç¥¨ã€ç¢±åŸºåºåˆ—æ¯”
                                                  è¾ƒã€æ•°æ®åº“çš„ç§æœ‰æŸ...
(That makes 100 errors; please try again.) 
Here is how much of TeX's memory you used:
 97 strings out of 480607
 1086 string characters out of 5903083
 239641 words of memory out of 5000000
 16090 multiletter control sequences out of 15000+600000
 532338 words of font info for 24 fonts, out of 8000000 for 9000
 1141 hyphenation exceptions out of 8191
 12i,0n,15p,582b,20s stack positions out of 5000i,500n,10000p,200000b,80000s

!  ==> Fatal error occurred, no output PDF file produced!
