This is pdfTeX, Version 3.14159265-2.6-1.40.21 (TeX Live 2020/W32TeX) (preloaded format=pdflatex 2020.4.28)  7 MAY 2020 19:14
entering extended mode
 restricted \write18 enabled.
 %&-line parsing enabled.
**Chap_Struct.tex
(./Chap_Struct.tex
LaTeX2e <2020-02-02> patch level 5
L3 programming layer <2020-04-06>
! Undefined control sequence.
l.1 \chapter
            {Wys-cktçš„æ„é€ }\label{Design}
The control sequence at the end of the top line
of your error message was never \def'ed. If you have
misspelled it (e.g., `\hobx'), type `I' and the correct
spelling (e.g., `I\hbox'). Otherwise just continue,
and I'll forget about whatever was undefined.


! LaTeX Error: Missing \begin{document}.

See the LaTeX manual or LaTeX Companion for explanation.
Type  H <return>  for immediate help.
 ...                                              
                                                  
l.1 \chapter{W
              ys-cktçš„æ„é€ }\label{Design}
You're in trouble here.  Try typing  <return>  to proceed.
If that doesn't work, type  X <return>  to quit.

Missing character: There is no W in font nullfont!
Missing character: There is no y in font nullfont!
Missing character: There is no s in font nullfont!
Missing character: There is no - in font nullfont!
Missing character: There is no c in font nullfont!
Missing character: There is no k in font nullfont!
Missing character: There is no t in font nullfont!

! Package inputenc Error: Unicode character çš„ (U+7684)
(inputenc)                not set up for use with LaTeX.

See the inputenc package documentation for explanation.
Type  H <return>  for immediate help.
 ...                                              
                                                  
l.1 \chapter{Wys-cktçš„
                       æ„é€ }\label{Design}
You may provide a definition with
\DeclareUnicodeCharacter 


! Package inputenc Error: Unicode character æ„ (U+6784)
(inputenc)                not set up for use with LaTeX.

See the inputenc package documentation for explanation.
Type  H <return>  for immediate help.
 ...                                              
                                                  
l.1 \chapter{Wys-cktçš„æ„
                          é€ }\label{Design}
You may provide a definition with
\DeclareUnicodeCharacter 


! Package inputenc Error: Unicode character é€  (U+9020)
(inputenc)                not set up for use with LaTeX.

See the inputenc package documentation for explanation.
Type  H <return>  for immediate help.
 ...                                              
                                                  
l.1 \chapter{Wys-cktçš„æ„é€ 
                             }\label{Design}
You may provide a definition with
\DeclareUnicodeCharacter 


Overfull \hbox (20.0pt too wide) in paragraph at lines 1--2
[][] 
 []

! Undefined control sequence.
l.3 \section
            {æ„é€ Wys*çš„è¯æ³•ä¸è¯­æ³•}
The control sequence at the end of the top line
of your error message was never \def'ed. If you have
misspelled it (e.g., `\hobx'), type `I' and the correct
spelling (e.g., `I\hbox'). Otherwise just continue,
and I'll forget about whatever was undefined.


! Package inputenc Error: Unicode character æ„ (U+6784)
(inputenc)                not set up for use with LaTeX.

See the inputenc package documentation for explanation.
Type  H <return>  for immediate help.
 ...                                              
                                                  
l.3 \section{æ„
                é€ Wys*çš„è¯æ³•ä¸è¯­æ³•}
You may provide a definition with
\DeclareUnicodeCharacter 


! Package inputenc Error: Unicode character é€  (U+9020)
(inputenc)                not set up for use with LaTeX.

See the inputenc package documentation for explanation.
Type  H <return>  for immediate help.
 ...                                              
                                                  
l.3 \section{æ„é€ 
                   Wys*çš„è¯æ³•ä¸è¯­æ³•}
You may provide a definition with
\DeclareUnicodeCharacter 


! LaTeX Error: Missing \begin{document}.

See the LaTeX manual or LaTeX Companion for explanation.
Type  H <return>  for immediate help.
 ...                                              
                                                  
l.3 \section{æ„é€ W
                    ys*çš„è¯æ³•ä¸è¯­æ³•}
You're in trouble here.  Try typing  <return>  to proceed.
If that doesn't work, type  X <return>  to quit.

Missing character: There is no W in font nullfont!
Missing character: There is no y in font nullfont!
Missing character: There is no s in font nullfont!
Missing character: There is no * in font nullfont!

! Package inputenc Error: Unicode character çš„ (U+7684)
(inputenc)                not set up for use with LaTeX.

See the inputenc package documentation for explanation.
Type  H <return>  for immediate help.
 ...                                              
                                                  
l.3 \section{æ„é€ Wys*çš„
                          è¯æ³•ä¸è¯­æ³•}
You may provide a definition with
\DeclareUnicodeCharacter 


! Package inputenc Error: Unicode character è¯ (U+8BCD)
(inputenc)                not set up for use with LaTeX.

See the inputenc package documentation for explanation.
Type  H <return>  for immediate help.
 ...                                              
                                                  
l.3 \section{æ„é€ Wys*çš„è¯
                             æ³•ä¸è¯­æ³•}
You may provide a definition with
\DeclareUnicodeCharacter 


! Package inputenc Error: Unicode character æ³• (U+6CD5)
(inputenc)                not set up for use with LaTeX.

See the inputenc package documentation for explanation.
Type  H <return>  for immediate help.
 ...                                              
                                                  
l.3 \section{æ„é€ Wys*çš„è¯æ³•
                                ä¸è¯­æ³•}
You may provide a definition with
\DeclareUnicodeCharacter 


! Package inputenc Error: Unicode character ä¸ (U+4E0E)
(inputenc)                not set up for use with LaTeX.

See the inputenc package documentation for explanation.
Type  H <return>  for immediate help.
 ...                                              
                                                  
l.3 \section{æ„é€ Wys*çš„è¯æ³•ä¸
                                   è¯­æ³•}
You may provide a definition with
\DeclareUnicodeCharacter 


! Package inputenc Error: Unicode character è¯­ (U+8BED)
(inputenc)                not set up for use with LaTeX.

See the inputenc package documentation for explanation.
Type  H <return>  for immediate help.
 ...                                              
                                                  
l.3 \section{æ„é€ Wys*çš„è¯æ³•ä¸è¯­
                                      æ³•}
You may provide a definition with
\DeclareUnicodeCharacter 


! Package inputenc Error: Unicode character æ³• (U+6CD5)
(inputenc)                not set up for use with LaTeX.

See the inputenc package documentation for explanation.
Type  H <return>  for immediate help.
 ...                                              
                                                  
l.3 \section{æ„é€ Wys*çš„è¯æ³•ä¸è¯­æ³•
                                         }
You may provide a definition with
\DeclareUnicodeCharacter 

Missing character: There is no W in font nullfont!
Missing character: There is no y in font nullfont!
Missing character: There is no s in font nullfont!
Missing character: There is no * in font nullfont!

! Package inputenc Error: Unicode character ä¸­ (U+4E2D)
(inputenc)                not set up for use with LaTeX.

See the inputenc package documentation for explanation.
Type  H <return>  for immediate help.
 ...                                              
                                                  
l.4 Wys* ä¸­
            ä¿ç•™äº†ç‹¬ç‰¹çš„å…³é”®å­—Alice, Bob, Charlieç­‰ç”¨äºæ ‡è¯†ä¸...

You may provide a definition with
\DeclareUnicodeCharacter 


! Package inputenc Error: Unicode character ä¿ (U+4FDD)
(inputenc)                not set up for use with LaTeX.

See the inputenc package documentation for explanation.
Type  H <return>  for immediate help.
 ...                                              
                                                  
l.4 Wys* ä¸­ä¿
               ç•™äº†ç‹¬ç‰¹çš„å…³é”®å­—Alice, Bob, Charlieç­‰ç”¨äºæ ‡è¯†ä¸...

You may provide a definition with
\DeclareUnicodeCharacter 


! Package inputenc Error: Unicode character ç•™ (U+7559)
(inputenc)                not set up for use with LaTeX.

See the inputenc package documentation for explanation.
Type  H <return>  for immediate help.
 ...                                              
                                                  
l.4 Wys* ä¸­ä¿ç•™
                  äº†ç‹¬ç‰¹çš„å…³é”®å­—Alice, Bob, Charlieç­‰ç”¨äºæ ‡è¯†ä¸...

You may provide a definition with
\DeclareUnicodeCharacter 


! Package inputenc Error: Unicode character äº† (U+4E86)
(inputenc)                not set up for use with LaTeX.

See the inputenc package documentation for explanation.
Type  H <return>  for immediate help.
 ...                                              
                                                  
l.4 Wys* ä¸­ä¿ç•™äº†
                     ç‹¬ç‰¹çš„å…³é”®å­—Alice, Bob, Charlieç­‰ç”¨äºæ ‡è¯†ä¸...

You may provide a definition with
\DeclareUnicodeCharacter 


! Package inputenc Error: Unicode character ç‹¬ (U+72EC)
(inputenc)                not set up for use with LaTeX.

See the inputenc package documentation for explanation.
Type  H <return>  for immediate help.
 ...                                              
                                                  
l.4 Wys* ä¸­ä¿ç•™äº†ç‹¬
                        ç‰¹çš„å…³é”®å­—Alice, Bob, Charlieç­‰ç”¨äºæ ‡è¯†ä¸...

You may provide a definition with
\DeclareUnicodeCharacter 


! Package inputenc Error: Unicode character ç‰¹ (U+7279)
(inputenc)                not set up for use with LaTeX.

See the inputenc package documentation for explanation.
Type  H <return>  for immediate help.
 ...                                              
                                                  
l.4 Wys* ä¸­ä¿ç•™äº†ç‹¬ç‰¹
                           çš„å…³é”®å­—Alice, Bob, Charlieç­‰ç”¨äºæ ‡è¯†ä¸...

You may provide a definition with
\DeclareUnicodeCharacter 


! Package inputenc Error: Unicode character çš„ (U+7684)
(inputenc)                not set up for use with LaTeX.

See the inputenc package documentation for explanation.
Type  H <return>  for immediate help.
 ...                                              
                                                  
l.4 Wys* ä¸­ä¿ç•™äº†ç‹¬ç‰¹çš„
                              å…³é”®å­—Alice, Bob, Charlieç­‰ç”¨äºæ ‡è¯†ä¸...

You may provide a definition with
\DeclareUnicodeCharacter 


! Package inputenc Error: Unicode character å…³ (U+5173)
(inputenc)                not set up for use with LaTeX.

See the inputenc package documentation for explanation.
Type  H <return>  for immediate help.
 ...                                              
                                                  
l.4 Wys* ä¸­ä¿ç•™äº†ç‹¬ç‰¹çš„å…³
                                 é”®å­—Alice, Bob, Charlieç­‰ç”¨äºæ ‡è¯†ä¸...

You may provide a definition with
\DeclareUnicodeCharacter 


! Package inputenc Error: Unicode character é”® (U+952E)
(inputenc)                not set up for use with LaTeX.

See the inputenc package documentation for explanation.
Type  H <return>  for immediate help.
 ...                                              
                                                  
l.4 Wys* ä¸­ä¿ç•™äº†ç‹¬ç‰¹çš„å…³é”®
                                    å­—Alice, Bob, Charlieç­‰ç”¨äºæ ‡è¯†ä¸...

You may provide a definition with
\DeclareUnicodeCharacter 


! Package inputenc Error: Unicode character å­— (U+5B57)
(inputenc)                not set up for use with LaTeX.

See the inputenc package documentation for explanation.
Type  H <return>  for immediate help.
 ...                                              
                                                  
l.4 Wys* ä¸­ä¿ç•™äº†ç‹¬ç‰¹çš„å…³é”®å­—
                                       Alice, Bob, Charlieç­‰ç”¨äºæ ‡è¯†ä¸...

You may provide a definition with
\DeclareUnicodeCharacter 

Missing character: There is no A in font nullfont!
Missing character: There is no l in font nullfont!
Missing character: There is no i in font nullfont!
Missing character: There is no c in font nullfont!
Missing character: There is no e in font nullfont!
Missing character: There is no , in font nullfont!
Missing character: There is no B in font nullfont!
Missing character: There is no o in font nullfont!
Missing character: There is no b in font nullfont!
Missing character: There is no , in font nullfont!
Missing character: There is no C in font nullfont!
Missing character: There is no h in font nullfont!
Missing character: There is no a in font nullfont!
Missing character: There is no r in font nullfont!
Missing character: There is no l in font nullfont!
Missing character: There is no i in font nullfont!
Missing character: There is no e in font nullfont!

! Package inputenc Error: Unicode character ç­‰ (U+7B49)
(inputenc)                not set up for use with LaTeX.

See the inputenc package documentation for explanation.
Type  H <return>  for immediate help.
 ...                                              
                                                  
l.4 ...äº†ç‹¬ç‰¹çš„å…³é”®å­—Alice, Bob, Charlieç­‰
                                                  ç”¨äºæ ‡è¯†ä¸åŒçš„å¤šæ–...

You may provide a definition with
\DeclareUnicodeCharacter 


! Package inputenc Error: Unicode character ç”¨ (U+7528)
(inputenc)                not set up for use with LaTeX.

See the inputenc package documentation for explanation.
Type  H <return>  for immediate help.
 ...                                              
                                                  
l.4 ...ç‹¬ç‰¹çš„å…³é”®å­—Alice, Bob, Charlieç­‰ç”¨
                                                  äºæ ‡è¯†ä¸åŒçš„å¤šæ–¹è®...

You may provide a definition with
\DeclareUnicodeCharacter 


! Package inputenc Error: Unicode character äº (U+4E8E)
(inputenc)                not set up for use with LaTeX.

See the inputenc package documentation for explanation.
Type  H <return>  for immediate help.
 ...                                              
                                                  
l.4 ...ç‰¹çš„å…³é”®å­—Alice, Bob, Charlieç­‰ç”¨äº
                                                  æ ‡è¯†ä¸åŒçš„å¤šæ–¹è®¡ç®...

You may provide a definition with
\DeclareUnicodeCharacter 


! Package inputenc Error: Unicode character æ ‡ (U+6807)
(inputenc)                not set up for use with LaTeX.

See the inputenc package documentation for explanation.
Type  H <return>  for immediate help.
 ...                                              
                                                  
l.4 ...çš„å…³é”®å­—Alice, Bob, Charlieç­‰ç”¨äºæ ‡
                                                  è¯†ä¸åŒçš„å¤šæ–¹è®¡ç®—å...

You may provide a definition with
\DeclareUnicodeCharacter 


! Package inputenc Error: Unicode character è¯† (U+8BC6)
(inputenc)                not set up for use with LaTeX.

See the inputenc package documentation for explanation.
Type  H <return>  for immediate help.
 ...                                              
                                                  
l.4 ...å…³é”®å­—Alice, Bob, Charlieç­‰ç”¨äºæ ‡è¯†
                                                  ä¸åŒçš„å¤šæ–¹è®¡ç®—å‚ä¸...

You may provide a definition with
\DeclareUnicodeCharacter 


! Package inputenc Error: Unicode character ä¸ (U+4E0D)
(inputenc)                not set up for use with LaTeX.

See the inputenc package documentation for explanation.
Type  H <return>  for immediate help.
 ...                                              
                                                  
l.4 ...é”®å­—Alice, Bob, Charlieç­‰ç”¨äºæ ‡è¯†ä¸
                                                  åŒçš„å¤šæ–¹è®¡ç®—å‚ä¸è€...

You may provide a definition with
\DeclareUnicodeCharacter 


! Package inputenc Error: Unicode character åŒ (U+540C)
(inputenc)                not set up for use with LaTeX.

See the inputenc package documentation for explanation.
Type  H <return>  for immediate help.
 ...                                              
                                                  
l.4 ...å­—Alice, Bob, Charlieç­‰ç”¨äºæ ‡è¯†ä¸åŒ
                                                  çš„å¤šæ–¹è®¡ç®—å‚ä¸è€…ã€...

You may provide a definition with
\DeclareUnicodeCharacter 


! Package inputenc Error: Unicode character çš„ (U+7684)
(inputenc)                not set up for use with LaTeX.

See the inputenc package documentation for explanation.
Type  H <return>  for immediate help.
 ...                                              
                                                  
l.4 ...Alice, Bob, Charlieç­‰ç”¨äºæ ‡è¯†ä¸åŒçš„
                                                  å¤šæ–¹è®¡ç®—å‚ä¸è€…ã€‚æ­...

You may provide a definition with
\DeclareUnicodeCharacter 


! Package inputenc Error: Unicode character å¤š (U+591A)
(inputenc)                not set up for use with LaTeX.

See the inputenc package documentation for explanation.
Type  H <return>  for immediate help.
 ...                                              
                                                  
l.4 ...ce, Bob, Charlieç­‰ç”¨äºæ ‡è¯†ä¸åŒçš„å¤š
                                                  æ–¹è®¡ç®—å‚ä¸è€…ã€‚æ­¤å¤...

You may provide a definition with
\DeclareUnicodeCharacter 


! Package inputenc Error: Unicode character æ–¹ (U+65B9)
(inputenc)                not set up for use with LaTeX.

See the inputenc package documentation for explanation.
Type  H <return>  for immediate help.
 ...                                              
                                                  
l.4 ... Bob, Charlieç­‰ç”¨äºæ ‡è¯†ä¸åŒçš„å¤šæ–¹
                                                  è®¡ç®—å‚ä¸è€…ã€‚æ­¤å¤–Wy...

You may provide a definition with
\DeclareUnicodeCharacter 


! Package inputenc Error: Unicode character è®¡ (U+8BA1)
(inputenc)                not set up for use with LaTeX.

See the inputenc package documentation for explanation.
Type  H <return>  for immediate help.
 ...                                              
                                                  
l.4 ...b, Charlieç­‰ç”¨äºæ ‡è¯†ä¸åŒçš„å¤šæ–¹è®¡
                                                  ç®—å‚ä¸è€…ã€‚æ­¤å¤–Wys* ...

You may provide a definition with
\DeclareUnicodeCharacter 


! Package inputenc Error: Unicode character ç®— (U+7B97)
(inputenc)                not set up for use with LaTeX.

See the inputenc package documentation for explanation.
Type  H <return>  for immediate help.
 ...                                              
                                                  
l.4 ...Charlieç­‰ç”¨äºæ ‡è¯†ä¸åŒçš„å¤šæ–¹è®¡ç®—
                                                  å‚ä¸è€…ã€‚æ­¤å¤–Wys* ç”¨...

You may provide a definition with
\DeclareUnicodeCharacter 


! Package inputenc Error: Unicode character å‚ (U+53C2)
(inputenc)                not set up for use with LaTeX.

See the inputenc package documentation for explanation.
Type  H <return>  for immediate help.
 ...                                              
                                                  
l.4 ...rlieç­‰ç”¨äºæ ‡è¯†ä¸åŒçš„å¤šæ–¹è®¡ç®—å‚
                                                  ä¸è€…ã€‚æ­¤å¤–Wys* ç”¨äº...

You may provide a definition with
\DeclareUnicodeCharacter 


! Package inputenc Error: Unicode character ä¸ (U+4E0E)
(inputenc)                not set up for use with LaTeX.

See the inputenc package documentation for explanation.
Type  H <return>  for immediate help.
 ...                                              
                                                  
l.4 ...eç­‰ç”¨äºæ ‡è¯†ä¸åŒçš„å¤šæ–¹è®¡ç®—å‚ä¸
                                                  è€…ã€‚æ­¤å¤–Wys* ç”¨äºæ„...

You may provide a definition with
\DeclareUnicodeCharacter 


! Package inputenc Error: Unicode character è€… (U+8005)
(inputenc)                not set up for use with LaTeX.

See the inputenc package documentation for explanation.
Type  H <return>  for immediate help.
 ...                                              
                                                  
l.4 ...‰ç”¨äºæ ‡è¯†ä¸åŒçš„å¤šæ–¹è®¡ç®—å‚ä¸è€…
                                                  ã€‚æ­¤å¤–Wys* ç”¨äºæ„å»º...

You may provide a definition with
\DeclareUnicodeCharacter 


! Package inputenc Error: Unicode character ã€‚ (U+3002)
(inputenc)                not set up for use with LaTeX.

See the inputenc package documentation for explanation.
Type  H <return>  for immediate help.
 ...                                              
                                                  
l.4 ...¨äºæ ‡è¯†ä¸åŒçš„å¤šæ–¹è®¡ç®—å‚ä¸è€…ã€‚
                                                  æ­¤å¤–Wys* ç”¨äºæ„å»ºå¤š...

You may provide a definition with
\DeclareUnicodeCharacter 


! Package inputenc Error: Unicode character æ­¤ (U+6B64)
(inputenc)                not set up for use with LaTeX.

See the inputenc package documentation for explanation.
Type  H <return>  for immediate help.
 ...                                              
                                                  
l.4 ...æ ‡è¯†ä¸åŒçš„å¤šæ–¹è®¡ç®—å‚ä¸è€…ã€‚æ­¤
                                                  å¤–Wys* ç”¨äºæ„å»ºå¤šæ–¹...

You may provide a definition with
\DeclareUnicodeCharacter 


! Package inputenc Error: Unicode character å¤– (U+5916)
(inputenc)                not set up for use with LaTeX.

See the inputenc package documentation for explanation.
Type  H <return>  for immediate help.
 ...                                              
                                                  
l.4 ...‡è¯†ä¸åŒçš„å¤šæ–¹è®¡ç®—å‚ä¸è€…ã€‚æ­¤å¤–
                                                  Wys* ç”¨äºæ„å»ºå¤šæ–¹å®‰...

You may provide a definition with
\DeclareUnicodeCharacter 

Missing character: There is no W in font nullfont!
Missing character: There is no y in font nullfont!
Missing character: There is no s in font nullfont!
Missing character: There is no * in font nullfont!

! Package inputenc Error: Unicode character ç”¨ (U+7528)
(inputenc)                not set up for use with LaTeX.

See the inputenc package documentation for explanation.
Type  H <return>  for immediate help.
 ...                                              
                                                  
l.4 ...Œçš„å¤šæ–¹è®¡ç®—å‚ä¸è€…ã€‚æ­¤å¤–Wys* ç”¨
                                                  äºæ„å»ºå¤šæ–¹å®‰å…¨è®¡ç®...

You may provide a definition with
\DeclareUnicodeCharacter 


! Package inputenc Error: Unicode character äº (U+4E8E)
(inputenc)                not set up for use with LaTeX.

See the inputenc package documentation for explanation.
Type  H <return>  for immediate help.
 ...                                              
                                                  
l.4 ...š„å¤šæ–¹è®¡ç®—å‚ä¸è€…ã€‚æ­¤å¤–Wys* ç”¨äº
                                                  æ„å»ºå¤šæ–¹å®‰å…¨è®¡ç®—ç¨...

You may provide a definition with
\DeclareUnicodeCharacter 


! Package inputenc Error: Unicode character æ„ (U+6784)
(inputenc)                not set up for use with LaTeX.

See the inputenc package documentation for explanation.
Type  H <return>  for immediate help.
 ...                                              
                                                  
l.4 ...¤šæ–¹è®¡ç®—å‚ä¸è€…ã€‚æ­¤å¤–Wys* ç”¨äºæ„
                                                  å»ºå¤šæ–¹å®‰å…¨è®¡ç®—ç¨‹åº...

You may provide a definition with
\DeclareUnicodeCharacter 


! Package inputenc Error: Unicode character å»º (U+5EFA)
(inputenc)                not set up for use with LaTeX.

See the inputenc package documentation for explanation.
Type  H <return>  for immediate help.
 ...                                              
                                                  
l.4 ...–¹è®¡ç®—å‚ä¸è€…ã€‚æ­¤å¤–Wys* ç”¨äºæ„å»º
                                                  å¤šæ–¹å®‰å…¨è®¡ç®—ç¨‹åºçš...

You may provide a definition with
\DeclareUnicodeCharacter 


! Package inputenc Error: Unicode character å¤š (U+591A)
(inputenc)                not set up for use with LaTeX.

See the inputenc package documentation for explanation.
Type  H <return>  for immediate help.
 ...                                              
                                                  
l.4 ...®¡ç®—å‚ä¸è€…ã€‚æ­¤å¤–Wys* ç”¨äºæ„å»ºå¤š
                                                  æ–¹å®‰å…¨è®¡ç®—ç¨‹åºçš„å‡...

You may provide a definition with
\DeclareUnicodeCharacter 


! Package inputenc Error: Unicode character æ–¹ (U+65B9)
(inputenc)                not set up for use with LaTeX.

See the inputenc package documentation for explanation.
Type  H <return>  for immediate help.
 ...                                              
                                                  
l.4 ...®—å‚ä¸è€…ã€‚æ­¤å¤–Wys* ç”¨äºæ„å»ºå¤šæ–¹
                                                  å®‰å…¨è®¡ç®—ç¨‹åºçš„å‡½æ•...

You may provide a definition with
\DeclareUnicodeCharacter 


! Package inputenc Error: Unicode character å®‰ (U+5B89)
(inputenc)                not set up for use with LaTeX.

See the inputenc package documentation for explanation.
Type  H <return>  for immediate help.
 ...                                              
                                                  
l.4 ...‚ä¸è€…ã€‚æ­¤å¤–Wys* ç”¨äºæ„å»ºå¤šæ–¹å®‰
                                                  å…¨è®¡ç®—ç¨‹åºçš„å‡½æ•°as...

You may provide a definition with
\DeclareUnicodeCharacter 


! Package inputenc Error: Unicode character å…¨ (U+5168)
(inputenc)                not set up for use with LaTeX.

See the inputenc package documentation for explanation.
Type  H <return>  for immediate help.
 ...                                              
                                                  
l.4 ...¸è€…ã€‚æ­¤å¤–Wys* ç”¨äºæ„å»ºå¤šæ–¹å®‰å…¨
                                                  è®¡ç®—ç¨‹åºçš„å‡½æ•°as\_p...

You may provide a definition with
\DeclareUnicodeCharacter 


! Package inputenc Error: Unicode character è®¡ (U+8BA1)
(inputenc)                not set up for use with LaTeX.

See the inputenc package documentation for explanation.
Type  H <return>  for immediate help.
 ...                                              
                                                  
l.4 ...€…ã€‚æ­¤å¤–Wys* ç”¨äºæ„å»ºå¤šæ–¹å®‰å…¨è®¡
                                                  ç®—ç¨‹åºçš„å‡½æ•°as\_par,...

You may provide a definition with
\DeclareUnicodeCharacter 


! Package inputenc Error: Unicode character ç®— (U+7B97)
(inputenc)                not set up for use with LaTeX.

See the inputenc package documentation for explanation.
Type  H <return>  for immediate help.
 ...                                              
                                                  
l.4 ...€‚æ­¤å¤–Wys* ç”¨äºæ„å»ºå¤šæ–¹å®‰å…¨è®¡ç®—
                                                  ç¨‹åºçš„å‡½æ•°as\_par, as...

You may provide a definition with
\DeclareUnicodeCharacter 


! Package inputenc Error: Unicode character ç¨‹ (U+7A0B)
(inputenc)                not set up for use with LaTeX.

See the inputenc package documentation for explanation.
Type  H <return>  for immediate help.
 ...                                              
                                                  
l.4 ...­¤å¤–Wys* ç”¨äºæ„å»ºå¤šæ–¹å®‰å…¨è®¡ç®—ç¨‹
                                                  åºçš„å‡½æ•°as\_par, as\_s...

You may provide a definition with
\DeclareUnicodeCharacter 


! Package inputenc Error: Unicode character åº (U+5E8F)
(inputenc)                not set up for use with LaTeX.

See the inputenc package documentation for explanation.
Type  H <return>  for immediate help.
 ...                                              
                                                  
l.4 ...¤–Wys* ç”¨äºæ„å»ºå¤šæ–¹å®‰å…¨è®¡ç®—ç¨‹åº
                                                  çš„å‡½æ•°as\_par, as\_sec,...

You may provide a definition with
\DeclareUnicodeCharacter 


! Package inputenc Error: Unicode character çš„ (U+7684)
(inputenc)                not set up for use with LaTeX.

See the inputenc package documentation for explanation.
Type  H <return>  for immediate help.
 ...                                              
                                                  
l.4 ...ys* ç”¨äºæ„å»ºå¤šæ–¹å®‰å…¨è®¡ç®—ç¨‹åºçš„
                                                  å‡½æ•°as\_par, as\_sec, bo...

You may provide a definition with
\DeclareUnicodeCharacter 


! Package inputenc Error: Unicode character å‡½ (U+51FD)
(inputenc)                not set up for use with LaTeX.

See the inputenc package documentation for explanation.
Type  H <return>  for immediate help.
 ...                                              
                                                  
l.4 ... ç”¨äºæ„å»ºå¤šæ–¹å®‰å…¨è®¡ç®—ç¨‹åºçš„å‡½
                                                  æ•°as\_par, as\_sec, box, ...

You may provide a definition with
\DeclareUnicodeCharacter 


! Package inputenc Error: Unicode character æ•° (U+6570)
(inputenc)                not set up for use with LaTeX.

See the inputenc package documentation for explanation.
Type  H <return>  for immediate help.
 ...                                              
                                                  
l.4 ...¨äºæ„å»ºå¤šæ–¹å®‰å…¨è®¡ç®—ç¨‹åºçš„å‡½æ•°
                                                  as\_par, as\_sec, box, mkw...

You may provide a definition with
\DeclareUnicodeCharacter 

Missing character: There is no a in font nullfont!
Missing character: There is no s in font nullfont!
Missing character: There is no p in font nullfont!
Missing character: There is no a in font nullfont!
Missing character: There is no r in font nullfont!
Missing character: There is no , in font nullfont!
Missing character: There is no a in font nullfont!
Missing character: There is no s in font nullfont!
Missing character: There is no s in font nullfont!
Missing character: There is no e in font nullfont!
Missing character: There is no c in font nullfont!
Missing character: There is no , in font nullfont!
Missing character: There is no b in font nullfont!
Missing character: There is no o in font nullfont!
Missing character: There is no x in font nullfont!
Missing character: There is no , in font nullfont!
Missing character: There is no m in font nullfont!
Missing character: There is no k in font nullfont!
Missing character: There is no w in font nullfont!
Missing character: There is no i in font nullfont!
Missing character: There is no r in font nullfont!
Missing character: There is no e in font nullfont!

! Package inputenc Error: Unicode character ç­‰ (U+7B49)
(inputenc)                not set up for use with LaTeX.

See the inputenc package documentation for explanation.
Type  H <return>  for immediate help.
 ...                                              
                                                  
l.4 ...ºçš„å‡½æ•°as\_par, as\_sec, box, mkwireç­‰
                                                  éƒ½å…·æœ‰ç‹¬ç‰¹çš„åŠŸèƒ½ã€...

You may provide a definition with
\DeclareUnicodeCharacter 


! Package inputenc Error: Unicode character éƒ½ (U+90FD)
(inputenc)                not set up for use with LaTeX.

See the inputenc package documentation for explanation.
Type  H <return>  for immediate help.
 ...                                              
                                                  
l.4 ...š„å‡½æ•°as\_par, as\_sec, box, mkwireç­‰éƒ½
                                                  å…·æœ‰ç‹¬ç‰¹çš„åŠŸèƒ½ã€‚FF...

You may provide a definition with
\DeclareUnicodeCharacter 


! Package inputenc Error: Unicode character å…· (U+5177)
(inputenc)                not set up for use with LaTeX.

See the inputenc package documentation for explanation.
Type  H <return>  for immediate help.
 ...                                              
                                                  
l.4 ...‡½æ•°as\_par, as\_sec, box, mkwireç­‰éƒ½å…·
                                                  æœ‰ç‹¬ç‰¹çš„åŠŸèƒ½ã€‚FFIå‡...

You may provide a definition with
\DeclareUnicodeCharacter 


! Package inputenc Error: Unicode character æœ‰ (U+6709)
(inputenc)                not set up for use with LaTeX.

See the inputenc package documentation for explanation.
Type  H <return>  for immediate help.
 ...                                              
                                                  
l.4 ...•°as\_par, as\_sec, box, mkwireç­‰éƒ½å…·æœ‰
                                                  ç‹¬ç‰¹çš„åŠŸèƒ½ã€‚FFIå‡½æ•...

You may provide a definition with
\DeclareUnicodeCharacter 


! Package inputenc Error: Unicode character ç‹¬ (U+72EC)
(inputenc)                not set up for use with LaTeX.

See the inputenc package documentation for explanation.
Type  H <return>  for immediate help.
 ...                                              
                                                  
l.4 ...s\_par, as\_sec, box, mkwireç­‰éƒ½å…·æœ‰ç‹¬
                                                  ç‰¹çš„åŠŸèƒ½ã€‚FFIå‡½æ•°åœ...

You may provide a definition with
\DeclareUnicodeCharacter 


! Package inputenc Error: Unicode character ç‰¹ (U+7279)
(inputenc)                not set up for use with LaTeX.

See the inputenc package documentation for explanation.
Type  H <return>  for immediate help.
 ...                                              
                                                  
l.4 ...par, as\_sec, box, mkwireç­‰éƒ½å…·æœ‰ç‹¬ç‰¹
                                                  çš„åŠŸèƒ½ã€‚FFIå‡½æ•°åœ¨ä½...

You may provide a definition with
\DeclareUnicodeCharacter 


! Package inputenc Error: Unicode character çš„ (U+7684)
(inputenc)                not set up for use with LaTeX.

See the inputenc package documentation for explanation.
Type  H <return>  for immediate help.
 ...                                              
                                                  
l.4 ..., as\_sec, box, mkwireç­‰éƒ½å…·æœ‰ç‹¬ç‰¹çš„
                                                  åŠŸèƒ½ã€‚FFIå‡½æ•°åœ¨ä½¿ç”...

You may provide a definition with
\DeclareUnicodeCharacter 


! Package inputenc Error: Unicode character åŠŸ (U+529F)
(inputenc)                not set up for use with LaTeX.

See the inputenc package documentation for explanation.
Type  H <return>  for immediate help.
 ...                                              
                                                  
l.4 ...s\_sec, box, mkwireç­‰éƒ½å…·æœ‰ç‹¬ç‰¹çš„åŠŸ
                                                  èƒ½ã€‚FFIå‡½æ•°åœ¨ä½¿ç”¨æ—...

You may provide a definition with
\DeclareUnicodeCharacter 


! Package inputenc Error: Unicode character èƒ½ (U+80FD)
(inputenc)                not set up for use with LaTeX.

See the inputenc package documentation for explanation.
Type  H <return>  for immediate help.
 ...                                              
                                                  
l.4 ...sec, box, mkwireç­‰éƒ½å…·æœ‰ç‹¬ç‰¹çš„åŠŸèƒ½
                                                  ã€‚FFIå‡½æ•°åœ¨ä½¿ç”¨æ—¶åˆ...

You may provide a definition with
\DeclareUnicodeCharacter 


! Package inputenc Error: Unicode character ã€‚ (U+3002)
(inputenc)                not set up for use with LaTeX.

See the inputenc package documentation for explanation.
Type  H <return>  for immediate help.
 ...                                              
                                                  
l.4 ..., box, mkwireç­‰éƒ½å…·æœ‰ç‹¬ç‰¹çš„åŠŸèƒ½ã€‚
                                                  FFIå‡½æ•°åœ¨ä½¿ç”¨æ—¶åˆ™å¿...

You may provide a definition with
\DeclareUnicodeCharacter 

Missing character: There is no F in font nullfont!
Missing character: There is no F in font nullfont!
Missing character: There is no I in font nullfont!

! Package inputenc Error: Unicode character å‡½ (U+51FD)
(inputenc)                not set up for use with LaTeX.

See the inputenc package documentation for explanation.
Type  H <return>  for immediate help.
 ...                                              
                                                  
l.4 ... mkwireç­‰éƒ½å…·æœ‰ç‹¬ç‰¹çš„åŠŸèƒ½ã€‚FFIå‡½
                                                  æ•°åœ¨ä½¿ç”¨æ—¶åˆ™å¿…é¡»è¦...

You may provide a definition with
\DeclareUnicodeCharacter 


! Package inputenc Error: Unicode character æ•° (U+6570)
(inputenc)                not set up for use with LaTeX.

See the inputenc package documentation for explanation.
Type  H <return>  for immediate help.
 ...                                              
                                                  
l.4 ...wireç­‰éƒ½å…·æœ‰ç‹¬ç‰¹çš„åŠŸèƒ½ã€‚FFIå‡½æ•°
                                                  åœ¨ä½¿ç”¨æ—¶åˆ™å¿…é¡»è¦ä½...

You may provide a definition with
\DeclareUnicodeCharacter 


! Package inputenc Error: Unicode character åœ¨ (U+5728)
(inputenc)                not set up for use with LaTeX.

See the inputenc package documentation for explanation.
Type  H <return>  for immediate help.
 ...                                              
                                                  
l.4 ...eç­‰éƒ½å…·æœ‰ç‹¬ç‰¹çš„åŠŸèƒ½ã€‚FFIå‡½æ•°åœ¨
                                                  ä½¿ç”¨æ—¶åˆ™å¿…é¡»è¦ä½¿ç”...

You may provide a definition with
\DeclareUnicodeCharacter 


! Package inputenc Error: Unicode character ä½¿ (U+4F7F)
(inputenc)                not set up for use with LaTeX.

See the inputenc package documentation for explanation.
Type  H <return>  for immediate help.
 ...                                              
                                                  
l.4 ...‰éƒ½å…·æœ‰ç‹¬ç‰¹çš„åŠŸèƒ½ã€‚FFIå‡½æ•°åœ¨ä½¿
                                                  ç”¨æ—¶åˆ™å¿…é¡»è¦ä½¿ç”¨'F...

You may provide a definition with
\DeclareUnicodeCharacter 


! Package inputenc Error: Unicode character ç”¨ (U+7528)
(inputenc)                not set up for use with LaTeX.

See the inputenc package documentation for explanation.
Type  H <return>  for immediate help.
 ...                                              
                                                  
l.4 ...½å…·æœ‰ç‹¬ç‰¹çš„åŠŸèƒ½ã€‚FFIå‡½æ•°åœ¨ä½¿ç”¨
                                                  æ—¶åˆ™å¿…é¡»è¦ä½¿ç”¨'FFI'...

You may provide a definition with
\DeclareUnicodeCharacter 


! Package inputenc Error: Unicode character æ—¶ (U+65F6)
(inputenc)                not set up for use with LaTeX.

See the inputenc package documentation for explanation.
Type  H <return>  for immediate help.
 ...                                              
                                                  
l.4 ...·æœ‰ç‹¬ç‰¹çš„åŠŸèƒ½ã€‚FFIå‡½æ•°åœ¨ä½¿ç”¨æ—¶
                                                  åˆ™å¿…é¡»è¦ä½¿ç”¨'FFI'å‰...

You may provide a definition with
\DeclareUnicodeCharacter 


! Package inputenc Error: Unicode character åˆ™ (U+5219)
(inputenc)                not set up for use with LaTeX.

See the inputenc package documentation for explanation.
Type  H <return>  for immediate help.
 ...                                              
                                                  
l.4 ...‰ç‹¬ç‰¹çš„åŠŸèƒ½ã€‚FFIå‡½æ•°åœ¨ä½¿ç”¨æ—¶åˆ™
                                                  å¿…é¡»è¦ä½¿ç”¨'FFI'å‰ç¼€...

You may provide a definition with
\DeclareUnicodeCharacter 


! Package inputenc Error: Unicode character å¿… (U+5FC5)
(inputenc)                not set up for use with LaTeX.

See the inputenc package documentation for explanation.
Type  H <return>  for immediate help.
 ...                                              
                                                  
l.4 ...¬ç‰¹çš„åŠŸèƒ½ã€‚FFIå‡½æ•°åœ¨ä½¿ç”¨æ—¶åˆ™å¿…
                                                  é¡»è¦ä½¿ç”¨'FFI'å‰ç¼€ã€‚...

You may provide a definition with
\DeclareUnicodeCharacter 


! Package inputenc Error: Unicode character é¡» (U+987B)
(inputenc)                not set up for use with LaTeX.

See the inputenc package documentation for explanation.
Type  H <return>  for immediate help.
 ...                                              
                                                  
l.4 ...¹çš„åŠŸèƒ½ã€‚FFIå‡½æ•°åœ¨ä½¿ç”¨æ—¶åˆ™å¿…é¡»
                                                  è¦ä½¿ç”¨'FFI'å‰ç¼€ã€‚å› ...

You may provide a definition with
\DeclareUnicodeCharacter 


! Package inputenc Error: Unicode character è¦ (U+8981)
(inputenc)                not set up for use with LaTeX.

See the inputenc package documentation for explanation.
Type  H <return>  for immediate help.
 ...                                              
                                                  
l.4 ...„åŠŸèƒ½ã€‚FFIå‡½æ•°åœ¨ä½¿ç”¨æ—¶åˆ™å¿…é¡»è¦
                                                  ä½¿ç”¨'FFI'å‰ç¼€ã€‚å› æ­¤...

You may provide a definition with
\DeclareUnicodeCharacter 


! Package inputenc Error: Unicode character ä½¿ (U+4F7F)
(inputenc)                not set up for use with LaTeX.

See the inputenc package documentation for explanation.
Type  H <return>  for immediate help.
 ...                                              
                                                  
l.4 ...Ÿèƒ½ã€‚FFIå‡½æ•°åœ¨ä½¿ç”¨æ—¶åˆ™å¿…é¡»è¦ä½¿
                                                  ç”¨'FFI'å‰ç¼€ã€‚å› æ­¤ï¼Œ...

You may provide a definition with
\DeclareUnicodeCharacter 


! Package inputenc Error: Unicode character ç”¨ (U+7528)
(inputenc)                not set up for use with LaTeX.

See the inputenc package documentation for explanation.
Type  H <return>  for immediate help.
 ...                                              
                                                  
l.4 ...½ã€‚FFIå‡½æ•°åœ¨ä½¿ç”¨æ—¶åˆ™å¿…é¡»è¦ä½¿ç”¨
                                                  'FFI'å‰ç¼€ã€‚å› æ­¤ï¼Œä¸º...

You may provide a definition with
\DeclareUnicodeCharacter 

Missing character: There is no ' in font nullfont!
Missing character: There is no F in font nullfont!
Missing character: There is no F in font nullfont!
Missing character: There is no I in font nullfont!
Missing character: There is no ' in font nullfont!

! Package inputenc Error: Unicode character å‰ (U+524D)
(inputenc)                not set up for use with LaTeX.

See the inputenc package documentation for explanation.
Type  H <return>  for immediate help.
 ...                                              
                                                  
l.4 ...‡½æ•°åœ¨ä½¿ç”¨æ—¶åˆ™å¿…é¡»è¦ä½¿ç”¨'FFI'å‰
                                                  ç¼€ã€‚å› æ­¤ï¼Œä¸ºäº†ä¿æŠ...

You may provide a definition with
\DeclareUnicodeCharacter 


! Package inputenc Error: Unicode character ç¼€ (U+7F00)
(inputenc)                not set up for use with LaTeX.

See the inputenc package documentation for explanation.
Type  H <return>  for immediate help.
 ...                                              
                                                  
l.4 ...•°åœ¨ä½¿ç”¨æ—¶åˆ™å¿…é¡»è¦ä½¿ç”¨'FFI'å‰ç¼€
                                                  ã€‚å› æ­¤ï¼Œä¸ºäº†ä¿æŠ¤å¯...

You may provide a definition with
\DeclareUnicodeCharacter 


! Package inputenc Error: Unicode character ã€‚ (U+3002)
(inputenc)                not set up for use with LaTeX.

See the inputenc package documentation for explanation.
Type  H <return>  for immediate help.
 ...                                              
                                                  
l.4 ...œ¨ä½¿ç”¨æ—¶åˆ™å¿…é¡»è¦ä½¿ç”¨'FFI'å‰ç¼€ã€‚
                                                  å› æ­¤ï¼Œä¸ºäº†ä¿æŠ¤å¯¹è¿...

You may provide a definition with
\DeclareUnicodeCharacter 


! Package inputenc Error: Unicode character å›  (U+56E0)
(inputenc)                not set up for use with LaTeX.

See the inputenc package documentation for explanation.
Type  H <return>  for immediate help.
 ...                                              
                                                  
l.4 ...½¿ç”¨æ—¶åˆ™å¿…é¡»è¦ä½¿ç”¨'FFI'å‰ç¼€ã€‚å› 
                                                  æ­¤ï¼Œä¸ºäº†ä¿æŠ¤å¯¹è¿™äº...

You may provide a definition with
\DeclareUnicodeCharacter 


! Package inputenc Error: Unicode character æ­¤ (U+6B64)
(inputenc)                not set up for use with LaTeX.

See the inputenc package documentation for explanation.
Type  H <return>  for immediate help.
 ...                                              
                                                  
l.4 ...”¨æ—¶åˆ™å¿…é¡»è¦ä½¿ç”¨'FFI'å‰ç¼€ã€‚å› æ­¤
                                                  ï¼Œä¸ºäº†ä¿æŠ¤å¯¹è¿™äº›å‡...

You may provide a definition with
\DeclareUnicodeCharacter 


! Package inputenc Error: Unicode character ï¼Œ (U+FF0C)
(inputenc)                not set up for use with LaTeX.

See the inputenc package documentation for explanation.
Type  H <return>  for immediate help.
 ...                                              
                                                  
l.4 ...—¶åˆ™å¿…é¡»è¦ä½¿ç”¨'FFI'å‰ç¼€ã€‚å› æ­¤ï¼Œ
                                                  ä¸ºäº†ä¿æŠ¤å¯¹è¿™äº›å‡½æ•...

You may provide a definition with
\DeclareUnicodeCharacter 


! Package inputenc Error: Unicode character ä¸º (U+4E3A)
(inputenc)                not set up for use with LaTeX.

See the inputenc package documentation for explanation.
Type  H <return>  for immediate help.
 ...                                              
                                                  
l.4 ...ˆ™å¿…é¡»è¦ä½¿ç”¨'FFI'å‰ç¼€ã€‚å› æ­¤ï¼Œä¸º
                                                  äº†ä¿æŠ¤å¯¹è¿™äº›å‡½æ•°çš...

You may provide a definition with
\DeclareUnicodeCharacter 


! Package inputenc Error: Unicode character äº† (U+4E86)
(inputenc)                not set up for use with LaTeX.

See the inputenc package documentation for explanation.
Type  H <return>  for immediate help.
 ...                                              
                                                  
l.4 ...¿…é¡»è¦ä½¿ç”¨'FFI'å‰ç¼€ã€‚å› æ­¤ï¼Œä¸ºäº†
                                                  ä¿æŠ¤å¯¹è¿™äº›å‡½æ•°çš„åˆ...

You may provide a definition with
\DeclareUnicodeCharacter 


! Package inputenc Error: Unicode character ä¿ (U+4FDD)
(inputenc)                not set up for use with LaTeX.

See the inputenc package documentation for explanation.
Type  H <return>  for immediate help.
 ...                                              
                                                  
l.4 ...¡»è¦ä½¿ç”¨'FFI'å‰ç¼€ã€‚å› æ­¤ï¼Œä¸ºäº†ä¿
                                                  æŠ¤å¯¹è¿™äº›å‡½æ•°çš„åˆ†æ...

You may provide a definition with
\DeclareUnicodeCharacter 


! Package inputenc Error: Unicode character æŠ¤ (U+62A4)
(inputenc)                not set up for use with LaTeX.

See the inputenc package documentation for explanation.
Type  H <return>  for immediate help.
 ...                                              
                                                  
l.4 ...¦ä½¿ç”¨'FFI'å‰ç¼€ã€‚å› æ­¤ï¼Œä¸ºäº†ä¿æŠ¤
                                                  å¯¹è¿™äº›å‡½æ•°çš„åˆ†æï¼...

You may provide a definition with
\DeclareUnicodeCharacter 


! Package inputenc Error: Unicode character å¯¹ (U+5BF9)
(inputenc)                not set up for use with LaTeX.

See the inputenc package documentation for explanation.
Type  H <return>  for immediate help.
 ...                                              
                                                  
l.4 ...½¿ç”¨'FFI'å‰ç¼€ã€‚å› æ­¤ï¼Œä¸ºäº†ä¿æŠ¤å¯¹
                                                  è¿™äº›å‡½æ•°çš„åˆ†æï¼Œä¸...

You may provide a definition with
\DeclareUnicodeCharacter 


! Package inputenc Error: Unicode character è¿™ (U+8FD9)
(inputenc)                not set up for use with LaTeX.

See the inputenc package documentation for explanation.
Type  H <return>  for immediate help.
 ...                                              
                                                  
l.4 ...”¨'FFI'å‰ç¼€ã€‚å› æ­¤ï¼Œä¸ºäº†ä¿æŠ¤å¯¹è¿™
                                                  äº›å‡½æ•°çš„åˆ†æï¼Œä¸F*...

You may provide a definition with
\DeclareUnicodeCharacter 


! Package inputenc Error: Unicode character äº› (U+4E9B)
(inputenc)                not set up for use with LaTeX.

See the inputenc package documentation for explanation.
Type  H <return>  for immediate help.
 ...                                              
                                                  
l.4 ...FFI'å‰ç¼€ã€‚å› æ­¤ï¼Œä¸ºäº†ä¿æŠ¤å¯¹è¿™äº›
                                                  å‡½æ•°çš„åˆ†æï¼Œä¸F* æœ...

You may provide a definition with
\DeclareUnicodeCharacter 


! Package inputenc Error: Unicode character å‡½ (U+51FD)
(inputenc)                not set up for use with LaTeX.

See the inputenc package documentation for explanation.
Type  H <return>  for immediate help.
 ...                                              
                                                  
l.4 ...'å‰ç¼€ã€‚å› æ­¤ï¼Œä¸ºäº†ä¿æŠ¤å¯¹è¿™äº›å‡½
                                                  æ•°çš„åˆ†æï¼Œä¸F* æœ¬èº...

You may provide a definition with
\DeclareUnicodeCharacter 


! Package inputenc Error: Unicode character æ•° (U+6570)
(inputenc)                not set up for use with LaTeX.

See the inputenc package documentation for explanation.
Type  H <return>  for immediate help.
 ...                                              
                                                  
l.4 ...ç¼€ã€‚å› æ­¤ï¼Œä¸ºäº†ä¿æŠ¤å¯¹è¿™äº›å‡½æ•°
                                                  çš„åˆ†æï¼Œä¸F* æœ¬èº«çš...

You may provide a definition with
\DeclareUnicodeCharacter 


! Package inputenc Error: Unicode character çš„ (U+7684)
(inputenc)                not set up for use with LaTeX.

See the inputenc package documentation for explanation.
Type  H <return>  for immediate help.
 ...                                              
                                                  
l.4 ...€ã€‚å› æ­¤ï¼Œä¸ºäº†ä¿æŠ¤å¯¹è¿™äº›å‡½æ•°çš„
                                                  åˆ†æï¼Œä¸F* æœ¬èº«çš„å‡...

You may provide a definition with
\DeclareUnicodeCharacter 


! Package inputenc Error: Unicode character åˆ† (U+5206)
(inputenc)                not set up for use with LaTeX.

See the inputenc package documentation for explanation.
Type  H <return>  for immediate help.
 ...                                              
                                                  
l.4 ...‚å› æ­¤ï¼Œä¸ºäº†ä¿æŠ¤å¯¹è¿™äº›å‡½æ•°çš„åˆ†
                                                  æï¼Œä¸F* æœ¬èº«çš„å‡½æ•...

You may provide a definition with
\DeclareUnicodeCharacter 


! Package inputenc Error: Unicode character æ (U+6790)
(inputenc)                not set up for use with LaTeX.

See the inputenc package documentation for explanation.
Type  H <return>  for immediate help.
 ...                                              
                                                  
l.4 ... æ­¤ï¼Œä¸ºäº†ä¿æŠ¤å¯¹è¿™äº›å‡½æ•°çš„åˆ†æ
                                                  ï¼Œä¸F* æœ¬èº«çš„å‡½æ•°æˆ...

You may provide a definition with
\DeclareUnicodeCharacter 


! Package inputenc Error: Unicode character ï¼Œ (U+FF0C)
(inputenc)                not set up for use with LaTeX.

See the inputenc package documentation for explanation.
Type  H <return>  for immediate help.
 ...                                              
                                                  
l.4 ...¤ï¼Œä¸ºäº†ä¿æŠ¤å¯¹è¿™äº›å‡½æ•°çš„åˆ†æï¼Œ
                                                  ä¸F* æœ¬èº«çš„å‡½æ•°æˆ–ç”...

You may provide a definition with
\DeclareUnicodeCharacter 


! Package inputenc Error: Unicode character ä¸ (U+4E0E)
(inputenc)                not set up for use with LaTeX.

See the inputenc package documentation for explanation.
Type  H <return>  for immediate help.
 ...                                              
                                                  
l.4 ...Œä¸ºäº†ä¿æŠ¤å¯¹è¿™äº›å‡½æ•°çš„åˆ†æï¼Œä¸
                                                  F* æœ¬èº«çš„å‡½æ•°æˆ–ç”¨æˆ...

You may provide a definition with
\DeclareUnicodeCharacter 

Missing character: There is no F in font nullfont!
Missing character: There is no * in font nullfont!

! Package inputenc Error: Unicode character æœ¬ (U+672C)
(inputenc)                not set up for use with LaTeX.

See the inputenc package documentation for explanation.
Type  H <return>  for immediate help.
 ...                                              
                                                  
l.4 ...†ä¿æŠ¤å¯¹è¿™äº›å‡½æ•°çš„åˆ†æï¼Œä¸F* æœ¬
                                                  èº«çš„å‡½æ•°æˆ–ç”¨æˆ·è‡ªå·...

You may provide a definition with
\DeclareUnicodeCharacter 


! Package inputenc Error: Unicode character èº« (U+8EAB)
(inputenc)                not set up for use with LaTeX.

See the inputenc package documentation for explanation.
Type  H <return>  for immediate help.
 ...                                              
                                                  
l.4 ...æŠ¤å¯¹è¿™äº›å‡½æ•°çš„åˆ†æï¼Œä¸F* æœ¬èº«
                                                  çš„å‡½æ•°æˆ–ç”¨æˆ·è‡ªå·±å®...

You may provide a definition with
\DeclareUnicodeCharacter 


! Package inputenc Error: Unicode character çš„ (U+7684)
(inputenc)                not set up for use with LaTeX.

See the inputenc package documentation for explanation.
Type  H <return>  for immediate help.
 ...                                              
                                                  
l.4 ...¤å¯¹è¿™äº›å‡½æ•°çš„åˆ†æï¼Œä¸F* æœ¬èº«çš„
                                                  å‡½æ•°æˆ–ç”¨æˆ·è‡ªå·±å®šä¹...

You may provide a definition with
\DeclareUnicodeCharacter 


! Package inputenc Error: Unicode character å‡½ (U+51FD)
(inputenc)                not set up for use with LaTeX.

See the inputenc package documentation for explanation.
Type  H <return>  for immediate help.
 ...                                              
                                                  
l.4 ...¹è¿™äº›å‡½æ•°çš„åˆ†æï¼Œä¸F* æœ¬èº«çš„å‡½
                                                  æ•°æˆ–ç”¨æˆ·è‡ªå·±å®šä¹‰çš...

You may provide a definition with
\DeclareUnicodeCharacter 


! Package inputenc Error: Unicode character æ•° (U+6570)
(inputenc)                not set up for use with LaTeX.

See the inputenc package documentation for explanation.
Type  H <return>  for immediate help.
 ...                                              
                                                  
l.4 ...™äº›å‡½æ•°çš„åˆ†æï¼Œä¸F* æœ¬èº«çš„å‡½æ•°
                                                  æˆ–ç”¨æˆ·è‡ªå·±å®šä¹‰çš„å‡...
(That makes 100 errors; please try again.) 
Here is how much of TeX's memory you used:
 82 strings out of 480607
 1009 string characters out of 5903083
 239641 words of memory out of 5000000
 16075 multiletter control sequences out of 15000+600000
 532338 words of font info for 24 fonts, out of 8000000 for 9000
 1141 hyphenation exceptions out of 8191
 12i,1n,15p,617b,23s stack positions out of 5000i,500n,10000p,200000b,80000s

!  ==> Fatal error occurred, no output PDF file produced!
